[0.062s] DEBUG:colcon:Command line arguments: ['/usr/bin/colcon', 'build', '--symlink-install']
[0.062s] DEBUG:colcon:Parsed command line arguments: Namespace(log_base=None, log_level=None, verb_name='build', build_base='build', install_base='install', merge_install=False, symlink_install=True, test_result_base=None, continue_on_error=False, executor='parallel', parallel_workers=20, event_handlers=None, ignore_user_meta=False, metas=['./colcon.meta'], base_paths=['.'], packages_ignore=None, packages_ignore_regex=None, paths=None, packages_up_to=None, packages_up_to_regex=None, packages_above=None, packages_above_and_dependencies=None, packages_above_depth=None, packages_select_by_dep=None, packages_skip_by_dep=None, packages_skip_up_to=None, packages_select_build_failed=False, packages_skip_build_finished=False, packages_select_test_failures=False, packages_skip_test_passed=False, packages_select=None, packages_skip=None, packages_select_regex=None, packages_skip_regex=None, packages_start=None, packages_end=None, allow_overriding=[], cmake_args=None, cmake_target=None, cmake_target_skip_unavailable=False, cmake_clean_cache=False, cmake_clean_first=False, cmake_force_configure=False, ament_cmake_args=None, catkin_cmake_args=None, catkin_skip_building_tests=False, mixin_files=None, mixin=None, verb_parser=<colcon_mixin.mixin.mixin_argument.MixinArgumentDecorator object at 0x735240065120>, verb_extension=<colcon_core.verb.build.BuildVerb object at 0x7352401de7d0>, main=<bound method BuildVerb.main of <colcon_core.verb.build.BuildVerb object at 0x7352401de7d0>>, mixin_verb=('build',))
[0.155s] Level 1:colcon.colcon_core.package_discovery:discover_packages(colcon_meta) check parameters
[0.155s] Level 1:colcon.colcon_core.package_discovery:discover_packages(recursive) check parameters
[0.155s] Level 1:colcon.colcon_core.package_discovery:discover_packages(ignore) check parameters
[0.155s] Level 1:colcon.colcon_core.package_discovery:discover_packages(path) check parameters
[0.155s] Level 1:colcon.colcon_core.package_discovery:discover_packages(colcon_meta) discover
[0.155s] Level 1:colcon.colcon_core.package_discovery:discover_packages(recursive) discover
[0.155s] INFO:colcon.colcon_core.package_discovery:Crawling recursively for packages in '/home/vikram/micromouse_ws'
[0.156s] Level 1:colcon.colcon_core.package_identification:_identify(.) by extensions ['ignore', 'ignore_ament_install']
[0.156s] Level 1:colcon.colcon_core.package_identification:_identify(.) by extension 'ignore'
[0.156s] Level 1:colcon.colcon_core.package_identification:_identify(.) by extension 'ignore_ament_install'
[0.156s] Level 1:colcon.colcon_core.package_identification:_identify(.) by extensions ['colcon_pkg']
[0.156s] Level 1:colcon.colcon_core.package_identification:_identify(.) by extension 'colcon_pkg'
[0.156s] Level 1:colcon.colcon_core.package_identification:_identify(.) by extensions ['colcon_meta']
[0.156s] Level 1:colcon.colcon_core.package_identification:_identify(.) by extension 'colcon_meta'
[0.156s] Level 1:colcon.colcon_core.package_identification:_identify(.) by extensions ['ros']
[0.156s] Level 1:colcon.colcon_core.package_identification:_identify(.) by extension 'ros'
[0.163s] Level 1:colcon.colcon_core.package_identification:_identify(.) by extensions ['cmake', 'python']
[0.163s] Level 1:colcon.colcon_core.package_identification:_identify(.) by extension 'cmake'
[0.163s] Level 1:colcon.colcon_core.package_identification:_identify(.) by extension 'python'
[0.163s] Level 1:colcon.colcon_core.package_identification:_identify(.) by extensions ['python_setup_py']
[0.163s] Level 1:colcon.colcon_core.package_identification:_identify(.) by extension 'python_setup_py'
[0.163s] Level 1:colcon.colcon_core.package_identification:_identify(build) by extensions ['ignore', 'ignore_ament_install']
[0.163s] Level 1:colcon.colcon_core.package_identification:_identify(build) by extension 'ignore'
[0.163s] Level 1:colcon.colcon_core.package_identification:_identify(build) ignored
[0.163s] Level 1:colcon.colcon_core.package_identification:_identify(install) by extensions ['ignore', 'ignore_ament_install']
[0.163s] Level 1:colcon.colcon_core.package_identification:_identify(install) by extension 'ignore'
[0.163s] Level 1:colcon.colcon_core.package_identification:_identify(install) ignored
[0.163s] Level 1:colcon.colcon_core.package_identification:_identify(log) by extensions ['ignore', 'ignore_ament_install']
[0.163s] Level 1:colcon.colcon_core.package_identification:_identify(log) by extension 'ignore'
[0.163s] Level 1:colcon.colcon_core.package_identification:_identify(log) ignored
[0.163s] Level 1:colcon.colcon_core.package_identification:_identify(src) by extensions ['ignore', 'ignore_ament_install']
[0.163s] Level 1:colcon.colcon_core.package_identification:_identify(src) by extension 'ignore'
[0.163s] Level 1:colcon.colcon_core.package_identification:_identify(src) by extension 'ignore_ament_install'
[0.164s] Level 1:colcon.colcon_core.package_identification:_identify(src) by extensions ['colcon_pkg']
[0.164s] Level 1:colcon.colcon_core.package_identification:_identify(src) by extension 'colcon_pkg'
[0.164s] Level 1:colcon.colcon_core.package_identification:_identify(src) by extensions ['colcon_meta']
[0.164s] Level 1:colcon.colcon_core.package_identification:_identify(src) by extension 'colcon_meta'
[0.164s] Level 1:colcon.colcon_core.package_identification:_identify(src) by extensions ['ros']
[0.164s] Level 1:colcon.colcon_core.package_identification:_identify(src) by extension 'ros'
[0.164s] Level 1:colcon.colcon_core.package_identification:_identify(src) by extensions ['cmake', 'python']
[0.164s] Level 1:colcon.colcon_core.package_identification:_identify(src) by extension 'cmake'
[0.164s] Level 1:colcon.colcon_core.package_identification:_identify(src) by extension 'python'
[0.164s] Level 1:colcon.colcon_core.package_identification:_identify(src) by extensions ['python_setup_py']
[0.164s] Level 1:colcon.colcon_core.package_identification:_identify(src) by extension 'python_setup_py'
[0.164s] Level 1:colcon.colcon_core.package_identification:_identify(src/micromouse_control) by extensions ['ignore', 'ignore_ament_install']
[0.164s] Level 1:colcon.colcon_core.package_identification:_identify(src/micromouse_control) by extension 'ignore'
[0.164s] Level 1:colcon.colcon_core.package_identification:_identify(src/micromouse_control) by extension 'ignore_ament_install'
[0.164s] Level 1:colcon.colcon_core.package_identification:_identify(src/micromouse_control) by extensions ['colcon_pkg']
[0.164s] Level 1:colcon.colcon_core.package_identification:_identify(src/micromouse_control) by extension 'colcon_pkg'
[0.164s] Level 1:colcon.colcon_core.package_identification:_identify(src/micromouse_control) by extensions ['colcon_meta']
[0.164s] Level 1:colcon.colcon_core.package_identification:_identify(src/micromouse_control) by extension 'colcon_meta'
[0.164s] Level 1:colcon.colcon_core.package_identification:_identify(src/micromouse_control) by extensions ['ros']
[0.164s] Level 1:colcon.colcon_core.package_identification:_identify(src/micromouse_control) by extension 'ros'
[0.166s] DEBUG:colcon.colcon_core.package_identification:Package 'src/micromouse_control' with type 'ros.ament_cmake' and name 'micromouse_control'
[0.166s] Level 1:colcon.colcon_core.package_identification:_identify(src/micromouse_description) by extensions ['ignore', 'ignore_ament_install']
[0.166s] Level 1:colcon.colcon_core.package_identification:_identify(src/micromouse_description) by extension 'ignore'
[0.166s] Level 1:colcon.colcon_core.package_identification:_identify(src/micromouse_description) by extension 'ignore_ament_install'
[0.166s] Level 1:colcon.colcon_core.package_identification:_identify(src/micromouse_description) by extensions ['colcon_pkg']
[0.166s] Level 1:colcon.colcon_core.package_identification:_identify(src/micromouse_description) by extension 'colcon_pkg'
[0.166s] Level 1:colcon.colcon_core.package_identification:_identify(src/micromouse_description) by extensions ['colcon_meta']
[0.166s] Level 1:colcon.colcon_core.package_identification:_identify(src/micromouse_description) by extension 'colcon_meta'
[0.166s] Level 1:colcon.colcon_core.package_identification:_identify(src/micromouse_description) by extensions ['ros']
[0.166s] Level 1:colcon.colcon_core.package_identification:_identify(src/micromouse_description) by extension 'ros'
[0.166s] DEBUG:colcon.colcon_core.package_identification:Package 'src/micromouse_description' with type 'ros.ament_cmake' and name 'micromouse_description'
[0.166s] Level 1:colcon.colcon_core.package_identification:_identify(src/micromouse_gazebo) by extensions ['ignore', 'ignore_ament_install']
[0.166s] Level 1:colcon.colcon_core.package_identification:_identify(src/micromouse_gazebo) by extension 'ignore'
[0.166s] Level 1:colcon.colcon_core.package_identification:_identify(src/micromouse_gazebo) by extension 'ignore_ament_install'
[0.166s] Level 1:colcon.colcon_core.package_identification:_identify(src/micromouse_gazebo) by extensions ['colcon_pkg']
[0.166s] Level 1:colcon.colcon_core.package_identification:_identify(src/micromouse_gazebo) by extension 'colcon_pkg'
[0.166s] Level 1:colcon.colcon_core.package_identification:_identify(src/micromouse_gazebo) by extensions ['colcon_meta']
[0.166s] Level 1:colcon.colcon_core.package_identification:_identify(src/micromouse_gazebo) by extension 'colcon_meta'
[0.166s] Level 1:colcon.colcon_core.package_identification:_identify(src/micromouse_gazebo) by extensions ['ros']
[0.167s] Level 1:colcon.colcon_core.package_identification:_identify(src/micromouse_gazebo) by extension 'ros'
[0.167s] DEBUG:colcon.colcon_core.package_identification:Package 'src/micromouse_gazebo' with type 'ros.ament_cmake' and name 'micromouse_gazebo'
[0.167s] Level 1:colcon.colcon_core.package_discovery:discover_packages(recursive) using defaults
[0.167s] Level 1:colcon.colcon_core.package_discovery:discover_packages(ignore) discover
[0.167s] Level 1:colcon.colcon_core.package_discovery:discover_packages(ignore) using defaults
[0.167s] Level 1:colcon.colcon_core.package_discovery:discover_packages(path) discover
[0.167s] Level 1:colcon.colcon_core.package_discovery:discover_packages(path) using defaults
[0.185s] Level 1:colcon.colcon_core.package_discovery:discover_packages(prefix_path) check parameters
[0.185s] Level 1:colcon.colcon_core.package_discovery:discover_packages(prefix_path) discover
[0.186s] DEBUG:colcon.colcon_installed_package_information.package_discovery:Found 3 installed packages in /home/vikram/micromouse_ws/install
[0.186s] DEBUG:colcon.colcon_installed_package_information.package_discovery:Found 0 installed packages in /home/vikram/micromouse_ws/src/micromouse_gazebo/launch/install
[0.187s] DEBUG:colcon.colcon_installed_package_information.package_discovery:Found 279 installed packages in /opt/ros/humble
[0.187s] Level 1:colcon.colcon_core.package_discovery:discover_packages(prefix_path) using defaults
[0.210s] Level 5:colcon.colcon_core.verb:set package 'micromouse_control' build argument 'cmake_args' from command line to 'None'
[0.210s] Level 5:colcon.colcon_core.verb:set package 'micromouse_control' build argument 'cmake_target' from command line to 'None'
[0.210s] Level 5:colcon.colcon_core.verb:set package 'micromouse_control' build argument 'cmake_target_skip_unavailable' from command line to 'False'
[0.210s] Level 5:colcon.colcon_core.verb:set package 'micromouse_control' build argument 'cmake_clean_cache' from command line to 'False'
[0.210s] Level 5:colcon.colcon_core.verb:set package 'micromouse_control' build argument 'cmake_clean_first' from command line to 'False'
[0.210s] Level 5:colcon.colcon_core.verb:set package 'micromouse_control' build argument 'cmake_force_configure' from command line to 'False'
[0.210s] Level 5:colcon.colcon_core.verb:set package 'micromouse_control' build argument 'ament_cmake_args' from command line to 'None'
[0.210s] Level 5:colcon.colcon_core.verb:set package 'micromouse_control' build argument 'catkin_cmake_args' from command line to 'None'
[0.210s] Level 5:colcon.colcon_core.verb:set package 'micromouse_control' build argument 'catkin_skip_building_tests' from command line to 'False'
[0.210s] DEBUG:colcon.colcon_core.verb:Building package 'micromouse_control' with the following arguments: {'ament_cmake_args': None, 'build_base': '/home/vikram/micromouse_ws/build/micromouse_control', 'catkin_cmake_args': None, 'catkin_skip_building_tests': False, 'cmake_args': None, 'cmake_clean_cache': False, 'cmake_clean_first': False, 'cmake_force_configure': False, 'cmake_target': None, 'cmake_target_skip_unavailable': False, 'install_base': '/home/vikram/micromouse_ws/install/micromouse_control', 'merge_install': False, 'path': '/home/vikram/micromouse_ws/src/micromouse_control', 'symlink_install': True, 'test_result_base': None}
[0.210s] Level 5:colcon.colcon_core.verb:set package 'micromouse_description' build argument 'cmake_args' from command line to 'None'
[0.210s] Level 5:colcon.colcon_core.verb:set package 'micromouse_description' build argument 'cmake_target' from command line to 'None'
[0.210s] Level 5:colcon.colcon_core.verb:set package 'micromouse_description' build argument 'cmake_target_skip_unavailable' from command line to 'False'
[0.210s] Level 5:colcon.colcon_core.verb:set package 'micromouse_description' build argument 'cmake_clean_cache' from command line to 'False'
[0.210s] Level 5:colcon.colcon_core.verb:set package 'micromouse_description' build argument 'cmake_clean_first' from command line to 'False'
[0.210s] Level 5:colcon.colcon_core.verb:set package 'micromouse_description' build argument 'cmake_force_configure' from command line to 'False'
[0.210s] Level 5:colcon.colcon_core.verb:set package 'micromouse_description' build argument 'ament_cmake_args' from command line to 'None'
[0.210s] Level 5:colcon.colcon_core.verb:set package 'micromouse_description' build argument 'catkin_cmake_args' from command line to 'None'
[0.210s] Level 5:colcon.colcon_core.verb:set package 'micromouse_description' build argument 'catkin_skip_building_tests' from command line to 'False'
[0.210s] DEBUG:colcon.colcon_core.verb:Building package 'micromouse_description' with the following arguments: {'ament_cmake_args': None, 'build_base': '/home/vikram/micromouse_ws/build/micromouse_description', 'catkin_cmake_args': None, 'catkin_skip_building_tests': False, 'cmake_args': None, 'cmake_clean_cache': False, 'cmake_clean_first': False, 'cmake_force_configure': False, 'cmake_target': None, 'cmake_target_skip_unavailable': False, 'install_base': '/home/vikram/micromouse_ws/install/micromouse_description', 'merge_install': False, 'path': '/home/vikram/micromouse_ws/src/micromouse_description', 'symlink_install': True, 'test_result_base': None}
[0.210s] Level 5:colcon.colcon_core.verb:set package 'micromouse_gazebo' build argument 'cmake_args' from command line to 'None'
[0.211s] Level 5:colcon.colcon_core.verb:set package 'micromouse_gazebo' build argument 'cmake_target' from command line to 'None'
[0.211s] Level 5:colcon.colcon_core.verb:set package 'micromouse_gazebo' build argument 'cmake_target_skip_unavailable' from command line to 'False'
[0.211s] Level 5:colcon.colcon_core.verb:set package 'micromouse_gazebo' build argument 'cmake_clean_cache' from command line to 'False'
[0.211s] Level 5:colcon.colcon_core.verb:set package 'micromouse_gazebo' build argument 'cmake_clean_first' from command line to 'False'
[0.211s] Level 5:colcon.colcon_core.verb:set package 'micromouse_gazebo' build argument 'cmake_force_configure' from command line to 'False'
[0.211s] Level 5:colcon.colcon_core.verb:set package 'micromouse_gazebo' build argument 'ament_cmake_args' from command line to 'None'
[0.211s] Level 5:colcon.colcon_core.verb:set package 'micromouse_gazebo' build argument 'catkin_cmake_args' from command line to 'None'
[0.211s] Level 5:colcon.colcon_core.verb:set package 'micromouse_gazebo' build argument 'catkin_skip_building_tests' from command line to 'False'
[0.211s] DEBUG:colcon.colcon_core.verb:Building package 'micromouse_gazebo' with the following arguments: {'ament_cmake_args': None, 'build_base': '/home/vikram/micromouse_ws/build/micromouse_gazebo', 'catkin_cmake_args': None, 'catkin_skip_building_tests': False, 'cmake_args': None, 'cmake_clean_cache': False, 'cmake_clean_first': False, 'cmake_force_configure': False, 'cmake_target': None, 'cmake_target_skip_unavailable': False, 'install_base': '/home/vikram/micromouse_ws/install/micromouse_gazebo', 'merge_install': False, 'path': '/home/vikram/micromouse_ws/src/micromouse_gazebo', 'symlink_install': True, 'test_result_base': None}
[0.211s] INFO:colcon.colcon_core.executor:Executing jobs using 'parallel' executor
[0.211s] DEBUG:colcon.colcon_parallel_executor.executor.parallel:run_until_complete
[0.212s] INFO:colcon.colcon_ros.task.ament_cmake.build:Building ROS package in '/home/vikram/micromouse_ws/src/micromouse_control' with build type 'ament_cmake'
[0.212s] INFO:colcon.colcon_cmake.task.cmake.build:Building CMake package in '/home/vikram/micromouse_ws/src/micromouse_control'
[0.213s] INFO:colcon.colcon_core.plugin_system:Skipping extension 'colcon_core.shell.bat': Not used on non-Windows systems
[0.213s] INFO:colcon.colcon_core.shell:Skip shell extension 'powershell' for command environment: Not usable outside of PowerShell
[0.213s] DEBUG:colcon.colcon_core.shell:Skip shell extension 'dsv' for command environment
[0.216s] INFO:colcon.colcon_ros.task.ament_cmake.build:Building ROS package in '/home/vikram/micromouse_ws/src/micromouse_description' with build type 'ament_cmake'
[0.216s] INFO:colcon.colcon_cmake.task.cmake.build:Building CMake package in '/home/vikram/micromouse_ws/src/micromouse_description'
[0.216s] INFO:colcon.colcon_core.shell:Skip shell extension 'powershell' for command environment: Not usable outside of PowerShell
[0.216s] DEBUG:colcon.colcon_core.shell:Skip shell extension 'dsv' for command environment
[0.218s] INFO:colcon.colcon_ros.task.ament_cmake.build:Building ROS package in '/home/vikram/micromouse_ws/src/micromouse_gazebo' with build type 'ament_cmake'
[0.218s] INFO:colcon.colcon_cmake.task.cmake.build:Building CMake package in '/home/vikram/micromouse_ws/src/micromouse_gazebo'
[0.218s] INFO:colcon.colcon_core.shell:Skip shell extension 'powershell' for command environment: Not usable outside of PowerShell
[0.218s] DEBUG:colcon.colcon_core.shell:Skip shell extension 'dsv' for command environment
[0.222s] DEBUG:colcon.colcon_core.event_handler.log_command:Invoking command in '/home/vikram/micromouse_ws/build/micromouse_control': CMAKE_PREFIX_PATH=${CMAKE_PREFIX_PATH}:/opt/ros/humble /usr/bin/cmake /home/vikram/micromouse_ws/src/micromouse_control -DAMENT_CMAKE_SYMLINK_INSTALL=1 -DCMAKE_INSTALL_PREFIX=/home/vikram/micromouse_ws/install/micromouse_control
[0.224s] DEBUG:colcon.colcon_core.event_handler.log_command:Invoking command in '/home/vikram/micromouse_ws/build/micromouse_description': CMAKE_PREFIX_PATH=${CMAKE_PREFIX_PATH}:/opt/ros/humble /usr/bin/cmake /home/vikram/micromouse_ws/src/micromouse_description -DAMENT_CMAKE_SYMLINK_INSTALL=1 -DCMAKE_INSTALL_PREFIX=/home/vikram/micromouse_ws/install/micromouse_description
[0.226s] DEBUG:colcon.colcon_core.event_handler.log_command:Invoking command in '/home/vikram/micromouse_ws/build/micromouse_gazebo': CMAKE_PREFIX_PATH=${CMAKE_PREFIX_PATH}:/opt/ros/humble /usr/bin/cmake /home/vikram/micromouse_ws/src/micromouse_gazebo -DAMENT_CMAKE_SYMLINK_INSTALL=1 -DCMAKE_INSTALL_PREFIX=/home/vikram/micromouse_ws/install/micromouse_gazebo
[0.377s] DEBUG:colcon.colcon_core.event_handler.log_command:Invoked command in '/home/vikram/micromouse_ws/build/micromouse_description' returned '0': CMAKE_PREFIX_PATH=${CMAKE_PREFIX_PATH}:/opt/ros/humble /usr/bin/cmake /home/vikram/micromouse_ws/src/micromouse_description -DAMENT_CMAKE_SYMLINK_INSTALL=1 -DCMAKE_INSTALL_PREFIX=/home/vikram/micromouse_ws/install/micromouse_description
[0.379s] DEBUG:colcon.colcon_core.event_handler.log_command:Invoking command in '/home/vikram/micromouse_ws/build/micromouse_description': CMAKE_PREFIX_PATH=${CMAKE_PREFIX_PATH}:/opt/ros/humble /usr/bin/cmake --build /home/vikram/micromouse_ws/build/micromouse_description -- -j20 -l20
[0.414s] DEBUG:colcon.colcon_core.event_handler.log_command:Invoked command in '/home/vikram/micromouse_ws/build/micromouse_description' returned '0': CMAKE_PREFIX_PATH=${CMAKE_PREFIX_PATH}:/opt/ros/humble /usr/bin/cmake --build /home/vikram/micromouse_ws/build/micromouse_description -- -j20 -l20
[0.421s] DEBUG:colcon.colcon_core.event_handler.log_command:Invoking command in '/home/vikram/micromouse_ws/build/micromouse_description': CMAKE_PREFIX_PATH=${CMAKE_PREFIX_PATH}:/opt/ros/humble /usr/bin/cmake --install /home/vikram/micromouse_ws/build/micromouse_description
[0.525s] Level 1:colcon.colcon_core.environment:create_environment_scripts_only(micromouse_description)
[0.526s] DEBUG:colcon.colcon_core.event_handler.log_command:Invoked command in '/home/vikram/micromouse_ws/build/micromouse_description' returned '0': CMAKE_PREFIX_PATH=${CMAKE_PREFIX_PATH}:/opt/ros/humble /usr/bin/cmake --install /home/vikram/micromouse_ws/build/micromouse_description
[0.527s] Level 1:colcon.colcon_core.environment:checking '/home/vikram/micromouse_ws/install/micromouse_description' for CMake module files
[0.527s] Level 1:colcon.colcon_core.environment:checking '/home/vikram/micromouse_ws/install/micromouse_description' for CMake config files
[0.527s] Level 1:colcon.colcon_core.shell:create_environment_hook('micromouse_description', 'cmake_prefix_path')
[0.527s] INFO:colcon.colcon_core.shell:Creating environment hook '/home/vikram/micromouse_ws/install/micromouse_description/share/micromouse_description/hook/cmake_prefix_path.ps1'
[0.528s] INFO:colcon.colcon_core.shell:Creating environment descriptor '/home/vikram/micromouse_ws/install/micromouse_description/share/micromouse_description/hook/cmake_prefix_path.dsv'
[0.528s] INFO:colcon.colcon_core.shell:Creating environment hook '/home/vikram/micromouse_ws/install/micromouse_description/share/micromouse_description/hook/cmake_prefix_path.sh'
[0.528s] Level 1:colcon.colcon_core.environment:checking '/home/vikram/micromouse_ws/install/micromouse_description/bin'
[0.528s] Level 1:colcon.colcon_core.environment:checking '/home/vikram/micromouse_ws/install/micromouse_description/lib/pkgconfig/micromouse_description.pc'
[0.529s] Level 1:colcon.colcon_core.environment:checking '/home/vikram/micromouse_ws/install/micromouse_description/lib/python3.10/site-packages'
[0.529s] Level 1:colcon.colcon_core.environment:checking '/home/vikram/micromouse_ws/install/micromouse_description/bin'
[0.529s] INFO:colcon.colcon_core.shell:Creating package script '/home/vikram/micromouse_ws/install/micromouse_description/share/micromouse_description/package.ps1'
[0.529s] INFO:colcon.colcon_core.shell:Creating package descriptor '/home/vikram/micromouse_ws/install/micromouse_description/share/micromouse_description/package.dsv'
[0.529s] INFO:colcon.colcon_core.shell:Creating package script '/home/vikram/micromouse_ws/install/micromouse_description/share/micromouse_description/package.sh'
[0.530s] INFO:colcon.colcon_core.shell:Creating package script '/home/vikram/micromouse_ws/install/micromouse_description/share/micromouse_description/package.bash'
[0.530s] INFO:colcon.colcon_core.shell:Creating package script '/home/vikram/micromouse_ws/install/micromouse_description/share/micromouse_description/package.zsh'
[0.530s] Level 1:colcon.colcon_core.environment:create_file_with_runtime_dependencies(/home/vikram/micromouse_ws/install/micromouse_description/share/colcon-core/packages/micromouse_description)
[0.531s] Level 1:colcon.colcon_core.environment:create_environment_scripts_only(micromouse_description)
[0.531s] Level 1:colcon.colcon_core.environment:checking '/home/vikram/micromouse_ws/install/micromouse_description' for CMake module files
[0.531s] Level 1:colcon.colcon_core.environment:checking '/home/vikram/micromouse_ws/install/micromouse_description' for CMake config files
[0.531s] Level 1:colcon.colcon_core.shell:create_environment_hook('micromouse_description', 'cmake_prefix_path')
[0.531s] INFO:colcon.colcon_core.shell:Creating environment hook '/home/vikram/micromouse_ws/install/micromouse_description/share/micromouse_description/hook/cmake_prefix_path.ps1'
[0.532s] INFO:colcon.colcon_core.shell:Creating environment descriptor '/home/vikram/micromouse_ws/install/micromouse_description/share/micromouse_description/hook/cmake_prefix_path.dsv'
[0.532s] INFO:colcon.colcon_core.shell:Creating environment hook '/home/vikram/micromouse_ws/install/micromouse_description/share/micromouse_description/hook/cmake_prefix_path.sh'
[0.532s] Level 1:colcon.colcon_core.environment:checking '/home/vikram/micromouse_ws/install/micromouse_description/bin'
[0.532s] Level 1:colcon.colcon_core.environment:checking '/home/vikram/micromouse_ws/install/micromouse_description/lib/pkgconfig/micromouse_description.pc'
[0.532s] Level 1:colcon.colcon_core.environment:checking '/home/vikram/micromouse_ws/install/micromouse_description/lib/python3.10/site-packages'
[0.532s] Level 1:colcon.colcon_core.environment:checking '/home/vikram/micromouse_ws/install/micromouse_description/bin'
[0.532s] INFO:colcon.colcon_core.shell:Creating package script '/home/vikram/micromouse_ws/install/micromouse_description/share/micromouse_description/package.ps1'
[0.533s] INFO:colcon.colcon_core.shell:Creating package descriptor '/home/vikram/micromouse_ws/install/micromouse_description/share/micromouse_description/package.dsv'
[0.533s] INFO:colcon.colcon_core.shell:Creating package script '/home/vikram/micromouse_ws/install/micromouse_description/share/micromouse_description/package.sh'
[0.533s] INFO:colcon.colcon_core.shell:Creating package script '/home/vikram/micromouse_ws/install/micromouse_description/share/micromouse_description/package.bash'
[0.533s] INFO:colcon.colcon_core.shell:Creating package script '/home/vikram/micromouse_ws/install/micromouse_description/share/micromouse_description/package.zsh'
[0.534s] Level 1:colcon.colcon_core.environment:create_file_with_runtime_dependencies(/home/vikram/micromouse_ws/install/micromouse_description/share/colcon-core/packages/micromouse_description)
[0.572s] DEBUG:colcon.colcon_core.event_handler.log_command:Invoked command in '/home/vikram/micromouse_ws/build/micromouse_control' returned '0': CMAKE_PREFIX_PATH=${CMAKE_PREFIX_PATH}:/opt/ros/humble /usr/bin/cmake /home/vikram/micromouse_ws/src/micromouse_control -DAMENT_CMAKE_SYMLINK_INSTALL=1 -DCMAKE_INSTALL_PREFIX=/home/vikram/micromouse_ws/install/micromouse_control
[0.573s] DEBUG:colcon.colcon_core.event_handler.log_command:Invoking command in '/home/vikram/micromouse_ws/build/micromouse_control': CMAKE_PREFIX_PATH=${CMAKE_PREFIX_PATH}:/opt/ros/humble /usr/bin/cmake --build /home/vikram/micromouse_ws/build/micromouse_control -- -j20 -l20
[0.600s] DEBUG:colcon.colcon_core.event_handler.log_command:Invoked command in '/home/vikram/micromouse_ws/build/micromouse_control' returned '0': CMAKE_PREFIX_PATH=${CMAKE_PREFIX_PATH}:/opt/ros/humble /usr/bin/cmake --build /home/vikram/micromouse_ws/build/micromouse_control -- -j20 -l20
[0.600s] DEBUG:colcon.colcon_core.event_handler.log_command:Invoking command in '/home/vikram/micromouse_ws/build/micromouse_control': CMAKE_PREFIX_PATH=${CMAKE_PREFIX_PATH}:/opt/ros/humble /usr/bin/cmake --install /home/vikram/micromouse_ws/build/micromouse_control
[0.688s] Level 1:colcon.colcon_core.environment:create_environment_scripts_only(micromouse_control)
[0.688s] Level 1:colcon.colcon_core.environment:checking '/home/vikram/micromouse_ws/install/micromouse_control' for CMake module files
[0.688s] DEBUG:colcon.colcon_core.event_handler.log_command:Invoked command in '/home/vikram/micromouse_ws/build/micromouse_control' returned '0': CMAKE_PREFIX_PATH=${CMAKE_PREFIX_PATH}:/opt/ros/humble /usr/bin/cmake --install /home/vikram/micromouse_ws/build/micromouse_control
[0.688s] Level 1:colcon.colcon_core.environment:checking '/home/vikram/micromouse_ws/install/micromouse_control' for CMake config files
[0.689s] Level 1:colcon.colcon_core.shell:create_environment_hook('micromouse_control', 'cmake_prefix_path')
[0.689s] INFO:colcon.colcon_core.shell:Creating environment hook '/home/vikram/micromouse_ws/install/micromouse_control/share/micromouse_control/hook/cmake_prefix_path.ps1'
[0.689s] INFO:colcon.colcon_core.shell:Creating environment descriptor '/home/vikram/micromouse_ws/install/micromouse_control/share/micromouse_control/hook/cmake_prefix_path.dsv'
[0.689s] INFO:colcon.colcon_core.shell:Creating environment hook '/home/vikram/micromouse_ws/install/micromouse_control/share/micromouse_control/hook/cmake_prefix_path.sh'
[0.690s] Level 1:colcon.colcon_core.environment:checking '/home/vikram/micromouse_ws/install/micromouse_control/bin'
[0.690s] Level 1:colcon.colcon_core.environment:checking '/home/vikram/micromouse_ws/install/micromouse_control/lib/pkgconfig/micromouse_control.pc'
[0.690s] Level 1:colcon.colcon_core.environment:checking '/home/vikram/micromouse_ws/install/micromouse_control/lib/python3.10/site-packages'
[0.690s] Level 1:colcon.colcon_core.environment:checking '/home/vikram/micromouse_ws/install/micromouse_control/bin'
[0.690s] INFO:colcon.colcon_core.shell:Creating package script '/home/vikram/micromouse_ws/install/micromouse_control/share/micromouse_control/package.ps1'
[0.690s] INFO:colcon.colcon_core.shell:Creating package descriptor '/home/vikram/micromouse_ws/install/micromouse_control/share/micromouse_control/package.dsv'
[0.691s] INFO:colcon.colcon_core.shell:Creating package script '/home/vikram/micromouse_ws/install/micromouse_control/share/micromouse_control/package.sh'
[0.691s] INFO:colcon.colcon_core.shell:Creating package script '/home/vikram/micromouse_ws/install/micromouse_control/share/micromouse_control/package.bash'
[0.691s] INFO:colcon.colcon_core.shell:Creating package script '/home/vikram/micromouse_ws/install/micromouse_control/share/micromouse_control/package.zsh'
[0.691s] Level 1:colcon.colcon_core.environment:create_file_with_runtime_dependencies(/home/vikram/micromouse_ws/install/micromouse_control/share/colcon-core/packages/micromouse_control)
[0.692s] Level 1:colcon.colcon_core.environment:create_environment_scripts_only(micromouse_control)
[0.692s] Level 1:colcon.colcon_core.environment:checking '/home/vikram/micromouse_ws/install/micromouse_control' for CMake module files
[0.692s] Level 1:colcon.colcon_core.environment:checking '/home/vikram/micromouse_ws/install/micromouse_control' for CMake config files
[0.693s] Level 1:colcon.colcon_core.shell:create_environment_hook('micromouse_control', 'cmake_prefix_path')
[0.693s] INFO:colcon.colcon_core.shell:Creating environment hook '/home/vikram/micromouse_ws/install/micromouse_control/share/micromouse_control/hook/cmake_prefix_path.ps1'
[0.693s] INFO:colcon.colcon_core.shell:Creating environment descriptor '/home/vikram/micromouse_ws/install/micromouse_control/share/micromouse_control/hook/cmake_prefix_path.dsv'
[0.693s] INFO:colcon.colcon_core.shell:Creating environment hook '/home/vikram/micromouse_ws/install/micromouse_control/share/micromouse_control/hook/cmake_prefix_path.sh'
[0.694s] Level 1:colcon.colcon_core.environment:checking '/home/vikram/micromouse_ws/install/micromouse_control/bin'
[0.694s] Level 1:colcon.colcon_core.environment:checking '/home/vikram/micromouse_ws/install/micromouse_control/lib/pkgconfig/micromouse_control.pc'
[0.694s] Level 1:colcon.colcon_core.environment:checking '/home/vikram/micromouse_ws/install/micromouse_control/lib/python3.10/site-packages'
[0.694s] Level 1:colcon.colcon_core.environment:checking '/home/vikram/micromouse_ws/install/micromouse_control/bin'
[0.694s] INFO:colcon.colcon_core.shell:Creating package script '/home/vikram/micromouse_ws/install/micromouse_control/share/micromouse_control/package.ps1'
[0.695s] INFO:colcon.colcon_core.shell:Creating package descriptor '/home/vikram/micromouse_ws/install/micromouse_control/share/micromouse_control/package.dsv'
[0.695s] INFO:colcon.colcon_core.shell:Creating package script '/home/vikram/micromouse_ws/install/micromouse_control/share/micromouse_control/package.sh'
[0.695s] INFO:colcon.colcon_core.shell:Creating package script '/home/vikram/micromouse_ws/install/micromouse_control/share/micromouse_control/package.bash'
[0.695s] INFO:colcon.colcon_core.shell:Creating package script '/home/vikram/micromouse_ws/install/micromouse_control/share/micromouse_control/package.zsh'
[0.696s] Level 1:colcon.colcon_core.environment:create_file_with_runtime_dependencies(/home/vikram/micromouse_ws/install/micromouse_control/share/colcon-core/packages/micromouse_control)
[1.643s] DEBUG:colcon.colcon_core.event_handler.log_command:Invoked command in '/home/vikram/micromouse_ws/build/micromouse_gazebo' returned '1': CMAKE_PREFIX_PATH=${CMAKE_PREFIX_PATH}:/opt/ros/humble /usr/bin/cmake /home/vikram/micromouse_ws/src/micromouse_gazebo -DAMENT_CMAKE_SYMLINK_INSTALL=1 -DCMAKE_INSTALL_PREFIX=/home/vikram/micromouse_ws/install/micromouse_gazebo
[1.644s] Level 1:colcon.colcon_core.environment:create_environment_scripts_only(micromouse_gazebo)
[1.644s] Level 1:colcon.colcon_core.environment:checking '/home/vikram/micromouse_ws/install/micromouse_gazebo' for CMake module files
[1.644s] Level 1:colcon.colcon_core.environment:checking '/home/vikram/micromouse_ws/install/micromouse_gazebo' for CMake config files
[1.645s] Level 1:colcon.colcon_core.shell:create_environment_hook('micromouse_gazebo', 'cmake_prefix_path')
[1.645s] INFO:colcon.colcon_core.shell:Creating environment hook '/home/vikram/micromouse_ws/install/micromouse_gazebo/share/micromouse_gazebo/hook/cmake_prefix_path.ps1'
[1.645s] INFO:colcon.colcon_core.shell:Creating environment descriptor '/home/vikram/micromouse_ws/install/micromouse_gazebo/share/micromouse_gazebo/hook/cmake_prefix_path.dsv'
[1.645s] INFO:colcon.colcon_core.shell:Creating environment hook '/home/vikram/micromouse_ws/install/micromouse_gazebo/share/micromouse_gazebo/hook/cmake_prefix_path.sh'
[1.645s] Level 1:colcon.colcon_core.environment:checking '/home/vikram/micromouse_ws/install/micromouse_gazebo/bin'
[1.646s] Level 1:colcon.colcon_core.environment:checking '/home/vikram/micromouse_ws/install/micromouse_gazebo/lib/pkgconfig/micromouse_gazebo.pc'
[1.646s] Level 1:colcon.colcon_core.environment:checking '/home/vikram/micromouse_ws/install/micromouse_gazebo/lib/python3.10/site-packages'
[1.646s] Level 1:colcon.colcon_core.environment:checking '/home/vikram/micromouse_ws/install/micromouse_gazebo/bin'
[1.646s] INFO:colcon.colcon_core.shell:Creating package script '/home/vikram/micromouse_ws/install/micromouse_gazebo/share/micromouse_gazebo/package.ps1'
[1.646s] INFO:colcon.colcon_core.shell:Creating package descriptor '/home/vikram/micromouse_ws/install/micromouse_gazebo/share/micromouse_gazebo/package.dsv'
[1.646s] INFO:colcon.colcon_core.shell:Creating package script '/home/vikram/micromouse_ws/install/micromouse_gazebo/share/micromouse_gazebo/package.sh'
[1.647s] INFO:colcon.colcon_core.shell:Creating package script '/home/vikram/micromouse_ws/install/micromouse_gazebo/share/micromouse_gazebo/package.bash'
[1.647s] INFO:colcon.colcon_core.shell:Creating package script '/home/vikram/micromouse_ws/install/micromouse_gazebo/share/micromouse_gazebo/package.zsh'
[1.647s] Level 1:colcon.colcon_core.environment:create_file_with_runtime_dependencies(/home/vikram/micromouse_ws/install/micromouse_gazebo/share/colcon-core/packages/micromouse_gazebo)
[1.658s] DEBUG:colcon.colcon_parallel_executor.executor.parallel:closing loop
[1.658s] DEBUG:colcon.colcon_parallel_executor.executor.parallel:loop closed
[1.658s] DEBUG:colcon.colcon_parallel_executor.executor.parallel:run_until_complete finished with '1'
[1.658s] DEBUG:colcon.colcon_core.event_reactor:joining thread
[1.666s] INFO:colcon.colcon_core.plugin_system:Skipping extension 'colcon_notification.desktop_notification.terminal_notifier': Not used on non-Darwin systems
[1.666s] INFO:colcon.colcon_core.plugin_system:Skipping extension 'colcon_notification.desktop_notification.win32': Not used on non-Windows systems
[1.666s] INFO:colcon.colcon_notification.desktop_notification:Sending desktop notification using 'notify2'
[1.680s] DEBUG:colcon.colcon_core.event_reactor:joined thread
[1.681s] INFO:colcon.colcon_core.shell:Creating prefix script '/home/vikram/micromouse_ws/install/local_setup.ps1'
[1.682s] INFO:colcon.colcon_core.shell:Creating prefix util module '/home/vikram/micromouse_ws/install/_local_setup_util_ps1.py'
[1.683s] INFO:colcon.colcon_core.shell:Creating prefix chain script '/home/vikram/micromouse_ws/install/setup.ps1'
[1.684s] INFO:colcon.colcon_core.shell:Creating prefix script '/home/vikram/micromouse_ws/install/local_setup.sh'
[1.685s] INFO:colcon.colcon_core.shell:Creating prefix util module '/home/vikram/micromouse_ws/install/_local_setup_util_sh.py'
[1.685s] INFO:colcon.colcon_core.shell:Creating prefix chain script '/home/vikram/micromouse_ws/install/setup.sh'
[1.686s] INFO:colcon.colcon_core.shell:Creating prefix script '/home/vikram/micromouse_ws/install/local_setup.bash'
[1.686s] INFO:colcon.colcon_core.shell:Creating prefix chain script '/home/vikram/micromouse_ws/install/setup.bash'
[1.686s] INFO:colcon.colcon_core.shell:Creating prefix script '/home/vikram/micromouse_ws/install/local_setup.zsh'
[1.687s] INFO:colcon.colcon_core.shell:Creating prefix chain script '/home/vikram/micromouse_ws/install/setup.zsh'
