[0.007s] Invoking command in '/home/vikram/micromouse_ws/build/micromouse_gazebo': CMAKE_PREFIX_PATH=${CMAKE_PREFIX_PATH}:/opt/ros/humble /usr/bin/cmake /home/vikram/micromouse_ws/src/micromouse_gazebo -DAMENT_CMAKE_SYMLINK_INSTALL=1 -DCMAKE_INSTALL_PREFIX=/home/vikram/micromouse_ws/install/micromouse_gazebo
[0.014s] -- Found ament_cmake: 1.3.12 (/opt/ros/humble/share/ament_cmake/cmake)
[0.099s] -- Override CMake install command with custom implementation using symlinks instead of copying resources
[0.104s] -- Found ament_lint_auto: 0.12.14 (/opt/ros/humble/share/ament_lint_auto/cmake)
[0.153s] -- Added test 'flake8' to check Python code syntax and style conventions
[0.154s] -- Added test 'lint_cmake' to check CMake code style
[0.154s] -- Added test 'pep257' to check Python code against some of the docstring style conventions in PEP 257
[0.155s] -- Added test 'xmllint' to check XML markup files
[0.157s] -- Found rclcpp: 16.0.14 (/opt/ros/humble/share/rclcpp/cmake)
[0.187s] -- Found rosidl_generator_c: 3.1.7 (/opt/ros/humble/share/rosidl_generator_c/cmake)
[0.191s] -- Found rosidl_adapter: 3.1.7 (/opt/ros/humble/share/rosidl_adapter/cmake)
[0.197s] -- Found rosidl_generator_cpp: 3.1.7 (/opt/ros/humble/share/rosidl_generator_cpp/cmake)
[0.205s] -- Using all available rosidl_typesupport_c: rosidl_typesupport_fastrtps_c;rosidl_typesupport_introspection_c
[0.217s] -- Using all available rosidl_typesupport_cpp: rosidl_typesupport_fastrtps_cpp;rosidl_typesupport_introspection_cpp
[0.248s] -- Found rmw_implementation_cmake: 6.1.2 (/opt/ros/humble/share/rmw_implementation_cmake/cmake)
[0.250s] -- Found rmw_fastrtps_cpp: 6.2.8 (/opt/ros/humble/share/rmw_fastrtps_cpp/cmake)
[0.313s] -- Found OpenSSL: /usr/lib/x86_64-linux-gnu/libcrypto.so (found version "3.0.2")  
[0.331s] -- Found FastRTPS: /opt/ros/humble/include  
[0.358s] -- Using RMW implementation 'rmw_fastrtps_cpp' as default
[0.363s] -- Looking for pthread.h
[0.412s] -- Looking for pthread.h - found
[0.412s] -- Performing Test CMAKE_HAVE_LIBC_PTHREAD
[0.463s] -- Performing Test CMAKE_HAVE_LIBC_PTHREAD - Success
[0.464s] -- Found Threads: TRUE  
[0.498s] -- Found gazebo_ros: 3.9.0 (/opt/ros/humble/share/gazebo_ros/cmake)
[0.506s] -- Found PkgConfig: /usr/bin/pkg-config (found version "0.29.2") 
[0.507s] -- Checking for module 'bullet>=2.82'
[0.519s] --   Found bullet, version 3.05
[0.616s] -- Found fcl: /usr/include (found suitable version "0.7.0", minimum required is "0.5.0") 
[0.670s] -- Found assimp: /usr/include (found version "5.2.0") 
[0.684s] -- Found DART: /usr/include (Required is at least version "6.6") found components: dart 
[0.707s] -- Found Boost: /usr/lib/x86_64-linux-gnu/cmake/Boost-1.74.0/BoostConfig.cmake (found suitable version "1.74.0", minimum required is "1.40.0") found components: thread system filesystem program_options regex iostreams date_time 
[0.715s] -- Found Protobuf: /usr/lib/x86_64-linux-gnu/libprotobuf.so (found version "3.12.4") 
[0.718s] -- Looking for ignition-math6 -- found version 6.15.1
[0.723s] -- Searching for dependencies of ignition-math6
[0.724s] -- Looking for OGRE...
[0.724s] -- OGRE_PREFIX_WATCH changed.
[0.728s] -- Checking for module 'OGRE'
[0.742s] --   Found OGRE, version 1.9.0
[0.786s] -- Found Ogre Ghadamon (1.9.0)
[0.793s] -- Found OGRE: optimized;/usr/lib/x86_64-linux-gnu/libOgreMain.so;debug;/usr/lib/x86_64-linux-gnu/libOgreMain.so
[0.799s] -- Looking for OGRE_Paging...
[0.801s] -- Found OGRE_Paging: optimized;/usr/lib/x86_64-linux-gnu/libOgrePaging.so;debug;/usr/lib/x86_64-linux-gnu/libOgrePaging.so
[0.801s] -- Looking for OGRE_Terrain...
[0.804s] -- Found OGRE_Terrain: optimized;/usr/lib/x86_64-linux-gnu/libOgreTerrain.so;debug;/usr/lib/x86_64-linux-gnu/libOgreTerrain.so
[0.804s] -- Looking for OGRE_Property...
[0.807s] -- Found OGRE_Property: optimized;/usr/lib/x86_64-linux-gnu/libOgreProperty.so;debug;/usr/lib/x86_64-linux-gnu/libOgreProperty.so
[0.807s] -- Looking for OGRE_RTShaderSystem...
[0.809s] -- Found OGRE_RTShaderSystem: optimized;/usr/lib/x86_64-linux-gnu/libOgreRTShaderSystem.so;debug;/usr/lib/x86_64-linux-gnu/libOgreRTShaderSystem.so
[0.809s] -- Looking for OGRE_Volume...
[0.812s] -- Found OGRE_Volume: optimized;/usr/lib/x86_64-linux-gnu/libOgreVolume.so;debug;/usr/lib/x86_64-linux-gnu/libOgreVolume.so
[0.812s] -- Looking for OGRE_Overlay...
[0.815s] -- Found OGRE_Overlay: optimized;/usr/lib/x86_64-linux-gnu/libOgreOverlay.so;debug;/usr/lib/x86_64-linux-gnu/libOgreOverlay.so
[0.875s] -- Looking for ignition-math6 -- found version 6.15.1
[0.876s] -- Looking for ignition-transport8 -- found version 8.2.1
[0.876s] -- Searching for dependencies of ignition-transport8
[0.888s] -- Found Protobuf: /usr/lib/x86_64-linux-gnu/libprotobuf.so (found suitable version "3.12.4", minimum required is "3") 
[0.893s] -- Config-file not installed for ZeroMQ -- checking for pkg-config
[0.896s] -- Checking for module 'libzmq >= 4'
[0.907s] --   Found libzmq , version 4.3.4
[0.950s] -- Found ZeroMQ: TRUE (Required is at least version "4") 
[0.960s] -- Checking for module 'uuid'
[0.979s] --   Found uuid, version 2.37.2
[1.025s] -- Found UUID: TRUE  
[1.028s] -- Looking for ignition-msgs5 -- found version 5.8.1
[1.028s] -- Searching for dependencies of ignition-msgs5
[1.047s] -- Looking for ignition-math6 -- found version 6.15.1
[1.051s] -- Checking for module 'tinyxml2'
[1.062s] --   Found tinyxml2, version 9.0.0
[1.108s] -- Looking for ignition-msgs5 -- found version 5.8.1
[1.110s] -- Looking for ignition-common3 -- found version 3.14.0
[1.111s] -- Searching for dependencies of ignition-common3
[1.113s] -- Looking for dlfcn.h - found
[1.114s] -- Looking for libdl - found
[1.117s] -- Found DL: TRUE  
[1.126s] -- Found tinyobjloader: /usr/lib/x86_64-linux-gnu/cmake/tinyobjloader/tinyobjloader-config.cmake (found version "2.0.0") 
[1.126s] -- Searching for <ignition-common3> component [graphics]
[1.127s] -- Looking for ignition-common3-graphics -- found version 3.14.0
[1.127s] -- Searching for dependencies of ignition-common3-graphics
[1.128s] -- Looking for ignition-math6 -- found version 6.15.1
[1.129s] -- Looking for ignition-fuel_tools4 -- found version 4.4.0
[1.129s] -- Searching for dependencies of ignition-fuel_tools4
[1.205s] -- Found CURL: /usr/lib/x86_64-linux-gnu/libcurl.so (found version "7.81.0")  
[1.214s] -- Checking for module 'jsoncpp'
[1.226s] --   Found jsoncpp, version 1.9.5
[1.273s] -- Found JSONCPP: TRUE  
[1.282s] -- Checking for module 'libzip'
[1.300s] --   Found libzip, version 1.7.3
[1.346s] -- Found ZIP: TRUE  
[1.346s] -- Looking for ignition-common3 -- found version 3.14.0
[1.347s] -- Looking for ignition-math6 -- found version 6.15.1
[1.348s] -- Looking for ignition-msgs5 -- found version 5.8.1
[1.353s] -- Gazebo version: 11.10
[1.353s] -- Checking for module 'tbb'
[1.371s] --   Found tbb, version 2021.5.0
[1.417s] [31mCMake Error at /opt/ros/humble/share/ament_cmake_core/cmake/environment_hooks/ament_environment_hooks.cmake:29 (message):
[1.417s]   ament_environment_hooks() must be called before
[1.418s]   ament_generate_package_environment() (which is invoked by ament_package())
[1.418s] Call Stack (most recent call first):
[1.418s]   /opt/ros/humble/share/ament_cmake_core/cmake/environment_hooks/ament_cmake_environment_hooks_package_hook.cmake:20 (ament_environment_hooks)
[1.418s]   /opt/ros/humble/share/ament_cmake_core/cmake/core/ament_execute_extensions.cmake:48 (include)
[1.418s]   /opt/ros/humble/share/ament_cmake_core/cmake/core/ament_package.cmake:66 (ament_execute_extensions)
[1.418s]   CMakeLists.txt:44 (ament_package)
[1.418s] 
[1.418s] [0m
[1.418s] -- Configuring incomplete, errors occurred!
[1.418s] See also "/home/vikram/micromouse_ws/build/micromouse_gazebo/CMakeFiles/CMakeOutput.log".
[1.424s] Invoked command in '/home/vikram/micromouse_ws/build/micromouse_gazebo' returned '1': CMAKE_PREFIX_PATH=${CMAKE_PREFIX_PATH}:/opt/ros/humble /usr/bin/cmake /home/vikram/micromouse_ws/src/micromouse_gazebo -DAMENT_CMAKE_SYMLINK_INSTALL=1 -DCMAKE_INSTALL_PREFIX=/home/vikram/micromouse_ws/install/micromouse_gazebo
