[0.065s] DEBUG:colcon:Command line arguments: ['/usr/bin/colcon', 'build', '--symlink-install']
[0.065s] DEBUG:colcon:Parsed command line arguments: Namespace(log_base=None, log_level=None, verb_name='build', build_base='build', install_base='install', merge_install=False, symlink_install=True, test_result_base=None, continue_on_error=False, executor='parallel', parallel_workers=20, event_handlers=None, ignore_user_meta=False, metas=['./colcon.meta'], base_paths=['.'], packages_ignore=None, packages_ignore_regex=None, paths=None, packages_up_to=None, packages_up_to_regex=None, packages_above=None, packages_above_and_dependencies=None, packages_above_depth=None, packages_select_by_dep=None, packages_skip_by_dep=None, packages_skip_up_to=None, packages_select_build_failed=False, packages_skip_build_finished=False, packages_select_test_failures=False, packages_skip_test_passed=False, packages_select=None, packages_skip=None, packages_select_regex=None, packages_skip_regex=None, packages_start=None, packages_end=None, allow_overriding=[], cmake_args=None, cmake_target=None, cmake_target_skip_unavailable=False, cmake_clean_cache=False, cmake_clean_first=False, cmake_force_configure=False, ament_cmake_args=None, catkin_cmake_args=None, catkin_skip_building_tests=False, mixin_files=None, mixin=None, verb_parser=<colcon_mixin.mixin.mixin_argument.MixinArgumentDecorator object at 0x7e04fbf59150>, verb_extension=<colcon_core.verb.build.BuildVerb object at 0x7e04fc0d2800>, main=<bound method BuildVerb.main of <colcon_core.verb.build.BuildVerb object at 0x7e04fc0d2800>>, mixin_verb=('build',))
[0.162s] Level 1:colcon.colcon_core.package_discovery:discover_packages(colcon_meta) check parameters
[0.162s] Level 1:colcon.colcon_core.package_discovery:discover_packages(recursive) check parameters
[0.162s] Level 1:colcon.colcon_core.package_discovery:discover_packages(ignore) check parameters
[0.162s] Level 1:colcon.colcon_core.package_discovery:discover_packages(path) check parameters
[0.162s] Level 1:colcon.colcon_core.package_discovery:discover_packages(colcon_meta) discover
[0.162s] Level 1:colcon.colcon_core.package_discovery:discover_packages(recursive) discover
[0.162s] INFO:colcon.colcon_core.package_discovery:Crawling recursively for packages in '/home/vikram/micromouse_ws'
[0.162s] Level 1:colcon.colcon_core.package_identification:_identify(.) by extensions ['ignore', 'ignore_ament_install']
[0.162s] Level 1:colcon.colcon_core.package_identification:_identify(.) by extension 'ignore'
[0.162s] Level 1:colcon.colcon_core.package_identification:_identify(.) by extension 'ignore_ament_install'
[0.162s] Level 1:colcon.colcon_core.package_identification:_identify(.) by extensions ['colcon_pkg']
[0.162s] Level 1:colcon.colcon_core.package_identification:_identify(.) by extension 'colcon_pkg'
[0.162s] Level 1:colcon.colcon_core.package_identification:_identify(.) by extensions ['colcon_meta']
[0.162s] Level 1:colcon.colcon_core.package_identification:_identify(.) by extension 'colcon_meta'
[0.162s] Level 1:colcon.colcon_core.package_identification:_identify(.) by extensions ['ros']
[0.162s] Level 1:colcon.colcon_core.package_identification:_identify(.) by extension 'ros'
[0.169s] Level 1:colcon.colcon_core.package_identification:_identify(.) by extensions ['cmake', 'python']
[0.169s] Level 1:colcon.colcon_core.package_identification:_identify(.) by extension 'cmake'
[0.169s] Level 1:colcon.colcon_core.package_identification:_identify(.) by extension 'python'
[0.169s] Level 1:colcon.colcon_core.package_identification:_identify(.) by extensions ['python_setup_py']
[0.169s] Level 1:colcon.colcon_core.package_identification:_identify(.) by extension 'python_setup_py'
[0.170s] Level 1:colcon.colcon_core.package_identification:_identify(build) by extensions ['ignore', 'ignore_ament_install']
[0.170s] Level 1:colcon.colcon_core.package_identification:_identify(build) by extension 'ignore'
[0.170s] Level 1:colcon.colcon_core.package_identification:_identify(build) ignored
[0.170s] Level 1:colcon.colcon_core.package_identification:_identify(install) by extensions ['ignore', 'ignore_ament_install']
[0.170s] Level 1:colcon.colcon_core.package_identification:_identify(install) by extension 'ignore'
[0.170s] Level 1:colcon.colcon_core.package_identification:_identify(install) ignored
[0.170s] Level 1:colcon.colcon_core.package_identification:_identify(log) by extensions ['ignore', 'ignore_ament_install']
[0.170s] Level 1:colcon.colcon_core.package_identification:_identify(log) by extension 'ignore'
[0.170s] Level 1:colcon.colcon_core.package_identification:_identify(log) ignored
[0.170s] Level 1:colcon.colcon_core.package_identification:_identify(src) by extensions ['ignore', 'ignore_ament_install']
[0.170s] Level 1:colcon.colcon_core.package_identification:_identify(src) by extension 'ignore'
[0.170s] Level 1:colcon.colcon_core.package_identification:_identify(src) by extension 'ignore_ament_install'
[0.170s] Level 1:colcon.colcon_core.package_identification:_identify(src) by extensions ['colcon_pkg']
[0.170s] Level 1:colcon.colcon_core.package_identification:_identify(src) by extension 'colcon_pkg'
[0.170s] Level 1:colcon.colcon_core.package_identification:_identify(src) by extensions ['colcon_meta']
[0.170s] Level 1:colcon.colcon_core.package_identification:_identify(src) by extension 'colcon_meta'
[0.170s] Level 1:colcon.colcon_core.package_identification:_identify(src) by extensions ['ros']
[0.170s] Level 1:colcon.colcon_core.package_identification:_identify(src) by extension 'ros'
[0.170s] Level 1:colcon.colcon_core.package_identification:_identify(src) by extensions ['cmake', 'python']
[0.170s] Level 1:colcon.colcon_core.package_identification:_identify(src) by extension 'cmake'
[0.170s] Level 1:colcon.colcon_core.package_identification:_identify(src) by extension 'python'
[0.170s] Level 1:colcon.colcon_core.package_identification:_identify(src) by extensions ['python_setup_py']
[0.170s] Level 1:colcon.colcon_core.package_identification:_identify(src) by extension 'python_setup_py'
[0.170s] Level 1:colcon.colcon_core.package_identification:_identify(src/micromouse_control) by extensions ['ignore', 'ignore_ament_install']
[0.170s] Level 1:colcon.colcon_core.package_identification:_identify(src/micromouse_control) by extension 'ignore'
[0.170s] Level 1:colcon.colcon_core.package_identification:_identify(src/micromouse_control) by extension 'ignore_ament_install'
[0.170s] Level 1:colcon.colcon_core.package_identification:_identify(src/micromouse_control) by extensions ['colcon_pkg']
[0.170s] Level 1:colcon.colcon_core.package_identification:_identify(src/micromouse_control) by extension 'colcon_pkg'
[0.171s] Level 1:colcon.colcon_core.package_identification:_identify(src/micromouse_control) by extensions ['colcon_meta']
[0.171s] Level 1:colcon.colcon_core.package_identification:_identify(src/micromouse_control) by extension 'colcon_meta'
[0.171s] Level 1:colcon.colcon_core.package_identification:_identify(src/micromouse_control) by extensions ['ros']
[0.171s] Level 1:colcon.colcon_core.package_identification:_identify(src/micromouse_control) by extension 'ros'
[0.172s] DEBUG:colcon.colcon_core.package_identification:Package 'src/micromouse_control' with type 'ros.ament_cmake' and name 'micromouse_control'
[0.172s] Level 1:colcon.colcon_core.package_identification:_identify(src/micromouse_description) by extensions ['ignore', 'ignore_ament_install']
[0.172s] Level 1:colcon.colcon_core.package_identification:_identify(src/micromouse_description) by extension 'ignore'
[0.172s] Level 1:colcon.colcon_core.package_identification:_identify(src/micromouse_description) by extension 'ignore_ament_install'
[0.173s] Level 1:colcon.colcon_core.package_identification:_identify(src/micromouse_description) by extensions ['colcon_pkg']
[0.173s] Level 1:colcon.colcon_core.package_identification:_identify(src/micromouse_description) by extension 'colcon_pkg'
[0.173s] Level 1:colcon.colcon_core.package_identification:_identify(src/micromouse_description) by extensions ['colcon_meta']
[0.173s] Level 1:colcon.colcon_core.package_identification:_identify(src/micromouse_description) by extension 'colcon_meta'
[0.173s] Level 1:colcon.colcon_core.package_identification:_identify(src/micromouse_description) by extensions ['ros']
[0.173s] Level 1:colcon.colcon_core.package_identification:_identify(src/micromouse_description) by extension 'ros'
[0.173s] DEBUG:colcon.colcon_core.package_identification:Package 'src/micromouse_description' with type 'ros.ament_cmake' and name 'micromouse_description'
[0.173s] Level 1:colcon.colcon_core.package_identification:_identify(src/micromouse_gazebo) by extensions ['ignore', 'ignore_ament_install']
[0.173s] Level 1:colcon.colcon_core.package_identification:_identify(src/micromouse_gazebo) by extension 'ignore'
[0.173s] Level 1:colcon.colcon_core.package_identification:_identify(src/micromouse_gazebo) by extension 'ignore_ament_install'
[0.173s] Level 1:colcon.colcon_core.package_identification:_identify(src/micromouse_gazebo) by extensions ['colcon_pkg']
[0.173s] Level 1:colcon.colcon_core.package_identification:_identify(src/micromouse_gazebo) by extension 'colcon_pkg'
[0.173s] Level 1:colcon.colcon_core.package_identification:_identify(src/micromouse_gazebo) by extensions ['colcon_meta']
[0.173s] Level 1:colcon.colcon_core.package_identification:_identify(src/micromouse_gazebo) by extension 'colcon_meta'
[0.173s] Level 1:colcon.colcon_core.package_identification:_identify(src/micromouse_gazebo) by extensions ['ros']
[0.173s] Level 1:colcon.colcon_core.package_identification:_identify(src/micromouse_gazebo) by extension 'ros'
[0.174s] DEBUG:colcon.colcon_core.package_identification:Package 'src/micromouse_gazebo' with type 'ros.ament_cmake' and name 'micromouse_gazebo'
[0.174s] Level 1:colcon.colcon_core.package_discovery:discover_packages(recursive) using defaults
[0.174s] Level 1:colcon.colcon_core.package_discovery:discover_packages(ignore) discover
[0.174s] Level 1:colcon.colcon_core.package_discovery:discover_packages(ignore) using defaults
[0.174s] Level 1:colcon.colcon_core.package_discovery:discover_packages(path) discover
[0.174s] Level 1:colcon.colcon_core.package_discovery:discover_packages(path) using defaults
[0.192s] Level 1:colcon.colcon_core.package_discovery:discover_packages(prefix_path) check parameters
[0.192s] Level 1:colcon.colcon_core.package_discovery:discover_packages(prefix_path) discover
[0.193s] DEBUG:colcon.colcon_installed_package_information.package_discovery:Found 279 installed packages in /opt/ros/humble
[0.194s] Level 1:colcon.colcon_core.package_discovery:discover_packages(prefix_path) using defaults
[0.216s] Level 5:colcon.colcon_core.verb:set package 'micromouse_control' build argument 'cmake_args' from command line to 'None'
[0.216s] Level 5:colcon.colcon_core.verb:set package 'micromouse_control' build argument 'cmake_target' from command line to 'None'
[0.216s] Level 5:colcon.colcon_core.verb:set package 'micromouse_control' build argument 'cmake_target_skip_unavailable' from command line to 'False'
[0.216s] Level 5:colcon.colcon_core.verb:set package 'micromouse_control' build argument 'cmake_clean_cache' from command line to 'False'
[0.216s] Level 5:colcon.colcon_core.verb:set package 'micromouse_control' build argument 'cmake_clean_first' from command line to 'False'
[0.216s] Level 5:colcon.colcon_core.verb:set package 'micromouse_control' build argument 'cmake_force_configure' from command line to 'False'
[0.216s] Level 5:colcon.colcon_core.verb:set package 'micromouse_control' build argument 'ament_cmake_args' from command line to 'None'
[0.216s] Level 5:colcon.colcon_core.verb:set package 'micromouse_control' build argument 'catkin_cmake_args' from command line to 'None'
[0.216s] Level 5:colcon.colcon_core.verb:set package 'micromouse_control' build argument 'catkin_skip_building_tests' from command line to 'False'
[0.216s] DEBUG:colcon.colcon_core.verb:Building package 'micromouse_control' with the following arguments: {'ament_cmake_args': None, 'build_base': '/home/vikram/micromouse_ws/build/micromouse_control', 'catkin_cmake_args': None, 'catkin_skip_building_tests': False, 'cmake_args': None, 'cmake_clean_cache': False, 'cmake_clean_first': False, 'cmake_force_configure': False, 'cmake_target': None, 'cmake_target_skip_unavailable': False, 'install_base': '/home/vikram/micromouse_ws/install/micromouse_control', 'merge_install': False, 'path': '/home/vikram/micromouse_ws/src/micromouse_control', 'symlink_install': True, 'test_result_base': None}
[0.217s] Level 5:colcon.colcon_core.verb:set package 'micromouse_description' build argument 'cmake_args' from command line to 'None'
[0.217s] Level 5:colcon.colcon_core.verb:set package 'micromouse_description' build argument 'cmake_target' from command line to 'None'
[0.217s] Level 5:colcon.colcon_core.verb:set package 'micromouse_description' build argument 'cmake_target_skip_unavailable' from command line to 'False'
[0.217s] Level 5:colcon.colcon_core.verb:set package 'micromouse_description' build argument 'cmake_clean_cache' from command line to 'False'
[0.217s] Level 5:colcon.colcon_core.verb:set package 'micromouse_description' build argument 'cmake_clean_first' from command line to 'False'
[0.217s] Level 5:colcon.colcon_core.verb:set package 'micromouse_description' build argument 'cmake_force_configure' from command line to 'False'
[0.217s] Level 5:colcon.colcon_core.verb:set package 'micromouse_description' build argument 'ament_cmake_args' from command line to 'None'
[0.217s] Level 5:colcon.colcon_core.verb:set package 'micromouse_description' build argument 'catkin_cmake_args' from command line to 'None'
[0.217s] Level 5:colcon.colcon_core.verb:set package 'micromouse_description' build argument 'catkin_skip_building_tests' from command line to 'False'
[0.217s] DEBUG:colcon.colcon_core.verb:Building package 'micromouse_description' with the following arguments: {'ament_cmake_args': None, 'build_base': '/home/vikram/micromouse_ws/build/micromouse_description', 'catkin_cmake_args': None, 'catkin_skip_building_tests': False, 'cmake_args': None, 'cmake_clean_cache': False, 'cmake_clean_first': False, 'cmake_force_configure': False, 'cmake_target': None, 'cmake_target_skip_unavailable': False, 'install_base': '/home/vikram/micromouse_ws/install/micromouse_description', 'merge_install': False, 'path': '/home/vikram/micromouse_ws/src/micromouse_description', 'symlink_install': True, 'test_result_base': None}
[0.217s] Level 5:colcon.colcon_core.verb:set package 'micromouse_gazebo' build argument 'cmake_args' from command line to 'None'
[0.217s] Level 5:colcon.colcon_core.verb:set package 'micromouse_gazebo' build argument 'cmake_target' from command line to 'None'
[0.217s] Level 5:colcon.colcon_core.verb:set package 'micromouse_gazebo' build argument 'cmake_target_skip_unavailable' from command line to 'False'
[0.217s] Level 5:colcon.colcon_core.verb:set package 'micromouse_gazebo' build argument 'cmake_clean_cache' from command line to 'False'
[0.217s] Level 5:colcon.colcon_core.verb:set package 'micromouse_gazebo' build argument 'cmake_clean_first' from command line to 'False'
[0.217s] Level 5:colcon.colcon_core.verb:set package 'micromouse_gazebo' build argument 'cmake_force_configure' from command line to 'False'
[0.217s] Level 5:colcon.colcon_core.verb:set package 'micromouse_gazebo' build argument 'ament_cmake_args' from command line to 'None'
[0.217s] Level 5:colcon.colcon_core.verb:set package 'micromouse_gazebo' build argument 'catkin_cmake_args' from command line to 'None'
[0.217s] Level 5:colcon.colcon_core.verb:set package 'micromouse_gazebo' build argument 'catkin_skip_building_tests' from command line to 'False'
[0.217s] DEBUG:colcon.colcon_core.verb:Building package 'micromouse_gazebo' with the following arguments: {'ament_cmake_args': None, 'build_base': '/home/vikram/micromouse_ws/build/micromouse_gazebo', 'catkin_cmake_args': None, 'catkin_skip_building_tests': False, 'cmake_args': None, 'cmake_clean_cache': False, 'cmake_clean_first': False, 'cmake_force_configure': False, 'cmake_target': None, 'cmake_target_skip_unavailable': False, 'install_base': '/home/vikram/micromouse_ws/install/micromouse_gazebo', 'merge_install': False, 'path': '/home/vikram/micromouse_ws/src/micromouse_gazebo', 'symlink_install': True, 'test_result_base': None}
[0.217s] INFO:colcon.colcon_core.executor:Executing jobs using 'parallel' executor
[0.218s] DEBUG:colcon.colcon_parallel_executor.executor.parallel:run_until_complete
[0.218s] INFO:colcon.colcon_ros.task.ament_cmake.build:Building ROS package in '/home/vikram/micromouse_ws/src/micromouse_control' with build type 'ament_cmake'
[0.218s] INFO:colcon.colcon_cmake.task.cmake.build:Building CMake package in '/home/vikram/micromouse_ws/src/micromouse_control'
[0.220s] INFO:colcon.colcon_core.plugin_system:Skipping extension 'colcon_core.shell.bat': Not used on non-Windows systems
[0.220s] INFO:colcon.colcon_core.shell:Skip shell extension 'powershell' for command environment: Not usable outside of PowerShell
[0.220s] DEBUG:colcon.colcon_core.shell:Skip shell extension 'dsv' for command environment
[0.222s] INFO:colcon.colcon_ros.task.ament_cmake.build:Building ROS package in '/home/vikram/micromouse_ws/src/micromouse_description' with build type 'ament_cmake'
[0.222s] INFO:colcon.colcon_cmake.task.cmake.build:Building CMake package in '/home/vikram/micromouse_ws/src/micromouse_description'
[0.222s] INFO:colcon.colcon_core.shell:Skip shell extension 'powershell' for command environment: Not usable outside of PowerShell
[0.222s] DEBUG:colcon.colcon_core.shell:Skip shell extension 'dsv' for command environment
[0.223s] INFO:colcon.colcon_ros.task.ament_cmake.build:Building ROS package in '/home/vikram/micromouse_ws/src/micromouse_gazebo' with build type 'ament_cmake'
[0.224s] INFO:colcon.colcon_cmake.task.cmake.build:Building CMake package in '/home/vikram/micromouse_ws/src/micromouse_gazebo'
[0.224s] INFO:colcon.colcon_core.shell:Skip shell extension 'powershell' for command environment: Not usable outside of PowerShell
[0.224s] DEBUG:colcon.colcon_core.shell:Skip shell extension 'dsv' for command environment
[0.227s] DEBUG:colcon.colcon_core.event_handler.log_command:Invoking command in '/home/vikram/micromouse_ws/build/micromouse_control': CMAKE_PREFIX_PATH=/opt/ros/humble /usr/bin/cmake --build /home/vikram/micromouse_ws/build/micromouse_control -- -j20 -l20
[0.229s] DEBUG:colcon.colcon_core.event_handler.log_command:Invoking command in '/home/vikram/micromouse_ws/build/micromouse_description': CMAKE_PREFIX_PATH=/opt/ros/humble /usr/bin/cmake --build /home/vikram/micromouse_ws/build/micromouse_description -- -j20 -l20
[0.232s] DEBUG:colcon.colcon_core.event_handler.log_command:Invoking command in '/home/vikram/micromouse_ws/build/micromouse_gazebo': CMAKE_PREFIX_PATH=/opt/ros/humble /usr/bin/cmake --build /home/vikram/micromouse_ws/build/micromouse_gazebo -- -j20 -l20
[0.255s] DEBUG:colcon.colcon_core.event_handler.log_command:Invoked command in '/home/vikram/micromouse_ws/build/micromouse_description' returned '0': CMAKE_PREFIX_PATH=/opt/ros/humble /usr/bin/cmake --build /home/vikram/micromouse_ws/build/micromouse_description -- -j20 -l20
[0.261s] DEBUG:colcon.colcon_core.event_handler.log_command:Invoking command in '/home/vikram/micromouse_ws/build/micromouse_description': CMAKE_PREFIX_PATH=/opt/ros/humble /usr/bin/cmake --install /home/vikram/micromouse_ws/build/micromouse_description
[0.262s] DEBUG:colcon.colcon_core.event_handler.log_command:Invoked command in '/home/vikram/micromouse_ws/build/micromouse_gazebo' returned '0': CMAKE_PREFIX_PATH=/opt/ros/humble /usr/bin/cmake --build /home/vikram/micromouse_ws/build/micromouse_gazebo -- -j20 -l20
[0.263s] DEBUG:colcon.colcon_core.event_handler.log_command:Invoking command in '/home/vikram/micromouse_ws/build/micromouse_gazebo': CMAKE_PREFIX_PATH=/opt/ros/humble /usr/bin/cmake --install /home/vikram/micromouse_ws/build/micromouse_gazebo
[0.272s] DEBUG:colcon.colcon_core.event_handler.log_command:Invoked command in '/home/vikram/micromouse_ws/build/micromouse_control' returned '0': CMAKE_PREFIX_PATH=/opt/ros/humble /usr/bin/cmake --build /home/vikram/micromouse_ws/build/micromouse_control -- -j20 -l20
[0.273s] DEBUG:colcon.colcon_core.event_handler.log_command:Invoking command in '/home/vikram/micromouse_ws/build/micromouse_control': CMAKE_PREFIX_PATH=/opt/ros/humble /usr/bin/cmake --install /home/vikram/micromouse_ws/build/micromouse_control
[0.275s] Level 1:colcon.colcon_core.environment:create_environment_scripts_only(micromouse_description)
[0.276s] DEBUG:colcon.colcon_core.event_handler.log_command:Invoked command in '/home/vikram/micromouse_ws/build/micromouse_description' returned '0': CMAKE_PREFIX_PATH=/opt/ros/humble /usr/bin/cmake --install /home/vikram/micromouse_ws/build/micromouse_description
[0.279s] Level 1:colcon.colcon_core.environment:checking '/home/vikram/micromouse_ws/install/micromouse_description' for CMake module files
[0.280s] Level 1:colcon.colcon_core.environment:checking '/home/vikram/micromouse_ws/install/micromouse_description' for CMake config files
[0.280s] Level 1:colcon.colcon_core.shell:create_environment_hook('micromouse_description', 'cmake_prefix_path')
[0.280s] INFO:colcon.colcon_core.shell:Creating environment hook '/home/vikram/micromouse_ws/install/micromouse_description/share/micromouse_description/hook/cmake_prefix_path.ps1'
[0.281s] INFO:colcon.colcon_core.shell:Creating environment descriptor '/home/vikram/micromouse_ws/install/micromouse_description/share/micromouse_description/hook/cmake_prefix_path.dsv'
[0.281s] INFO:colcon.colcon_core.shell:Creating environment hook '/home/vikram/micromouse_ws/install/micromouse_description/share/micromouse_description/hook/cmake_prefix_path.sh'
[0.282s] Level 1:colcon.colcon_core.environment:checking '/home/vikram/micromouse_ws/install/micromouse_description/bin'
[0.282s] Level 1:colcon.colcon_core.environment:checking '/home/vikram/micromouse_ws/install/micromouse_description/lib/pkgconfig/micromouse_description.pc'
[0.282s] Level 1:colcon.colcon_core.environment:checking '/home/vikram/micromouse_ws/install/micromouse_description/lib/python3.10/site-packages'
[0.282s] Level 1:colcon.colcon_core.environment:checking '/home/vikram/micromouse_ws/install/micromouse_description/bin'
[0.283s] INFO:colcon.colcon_core.shell:Creating package script '/home/vikram/micromouse_ws/install/micromouse_description/share/micromouse_description/package.ps1'
[0.283s] INFO:colcon.colcon_core.shell:Creating package descriptor '/home/vikram/micromouse_ws/install/micromouse_description/share/micromouse_description/package.dsv'
[0.283s] INFO:colcon.colcon_core.shell:Creating package script '/home/vikram/micromouse_ws/install/micromouse_description/share/micromouse_description/package.sh'
[0.284s] INFO:colcon.colcon_core.shell:Creating package script '/home/vikram/micromouse_ws/install/micromouse_description/share/micromouse_description/package.bash'
[0.284s] INFO:colcon.colcon_core.shell:Creating package script '/home/vikram/micromouse_ws/install/micromouse_description/share/micromouse_description/package.zsh'
[0.285s] Level 1:colcon.colcon_core.environment:create_file_with_runtime_dependencies(/home/vikram/micromouse_ws/install/micromouse_description/share/colcon-core/packages/micromouse_description)
[0.285s] Level 1:colcon.colcon_core.environment:create_environment_scripts_only(micromouse_description)
[0.285s] Level 1:colcon.colcon_core.environment:checking '/home/vikram/micromouse_ws/install/micromouse_description' for CMake module files
[0.286s] Level 1:colcon.colcon_core.environment:checking '/home/vikram/micromouse_ws/install/micromouse_description' for CMake config files
[0.287s] Level 1:colcon.colcon_core.shell:create_environment_hook('micromouse_description', 'cmake_prefix_path')
[0.287s] INFO:colcon.colcon_core.shell:Creating environment hook '/home/vikram/micromouse_ws/install/micromouse_description/share/micromouse_description/hook/cmake_prefix_path.ps1'
[0.287s] INFO:colcon.colcon_core.shell:Creating environment descriptor '/home/vikram/micromouse_ws/install/micromouse_description/share/micromouse_description/hook/cmake_prefix_path.dsv'
[0.288s] INFO:colcon.colcon_core.shell:Creating environment hook '/home/vikram/micromouse_ws/install/micromouse_description/share/micromouse_description/hook/cmake_prefix_path.sh'
[0.288s] Level 1:colcon.colcon_core.environment:checking '/home/vikram/micromouse_ws/install/micromouse_description/bin'
[0.288s] Level 1:colcon.colcon_core.environment:checking '/home/vikram/micromouse_ws/install/micromouse_description/lib/pkgconfig/micromouse_description.pc'
[0.288s] Level 1:colcon.colcon_core.environment:checking '/home/vikram/micromouse_ws/install/micromouse_description/lib/python3.10/site-packages'
[0.289s] Level 1:colcon.colcon_core.environment:checking '/home/vikram/micromouse_ws/install/micromouse_description/bin'
[0.289s] INFO:colcon.colcon_core.shell:Creating package script '/home/vikram/micromouse_ws/install/micromouse_description/share/micromouse_description/package.ps1'
[0.289s] INFO:colcon.colcon_core.shell:Creating package descriptor '/home/vikram/micromouse_ws/install/micromouse_description/share/micromouse_description/package.dsv'
[0.289s] INFO:colcon.colcon_core.shell:Creating package script '/home/vikram/micromouse_ws/install/micromouse_description/share/micromouse_description/package.sh'
[0.290s] INFO:colcon.colcon_core.shell:Creating package script '/home/vikram/micromouse_ws/install/micromouse_description/share/micromouse_description/package.bash'
[0.290s] INFO:colcon.colcon_core.shell:Creating package script '/home/vikram/micromouse_ws/install/micromouse_description/share/micromouse_description/package.zsh'
[0.290s] Level 1:colcon.colcon_core.environment:create_file_with_runtime_dependencies(/home/vikram/micromouse_ws/install/micromouse_description/share/colcon-core/packages/micromouse_description)
[0.291s] Level 1:colcon.colcon_core.environment:create_environment_scripts_only(micromouse_gazebo)
[0.291s] Level 1:colcon.colcon_core.environment:checking '/home/vikram/micromouse_ws/install/micromouse_gazebo' for CMake module files
[0.291s] DEBUG:colcon.colcon_core.event_handler.log_command:Invoked command in '/home/vikram/micromouse_ws/build/micromouse_gazebo' returned '0': CMAKE_PREFIX_PATH=/opt/ros/humble /usr/bin/cmake --install /home/vikram/micromouse_ws/build/micromouse_gazebo
[0.292s] Level 1:colcon.colcon_core.environment:checking '/home/vikram/micromouse_ws/install/micromouse_gazebo' for CMake config files
[0.292s] Level 1:colcon.colcon_core.shell:create_environment_hook('micromouse_gazebo', 'cmake_prefix_path')
[0.292s] INFO:colcon.colcon_core.shell:Creating environment hook '/home/vikram/micromouse_ws/install/micromouse_gazebo/share/micromouse_gazebo/hook/cmake_prefix_path.ps1'
[0.292s] INFO:colcon.colcon_core.shell:Creating environment descriptor '/home/vikram/micromouse_ws/install/micromouse_gazebo/share/micromouse_gazebo/hook/cmake_prefix_path.dsv'
[0.292s] INFO:colcon.colcon_core.shell:Creating environment hook '/home/vikram/micromouse_ws/install/micromouse_gazebo/share/micromouse_gazebo/hook/cmake_prefix_path.sh'
[0.293s] Level 1:colcon.colcon_core.environment:checking '/home/vikram/micromouse_ws/install/micromouse_gazebo/bin'
[0.293s] Level 1:colcon.colcon_core.environment:checking '/home/vikram/micromouse_ws/install/micromouse_gazebo/lib/pkgconfig/micromouse_gazebo.pc'
[0.293s] Level 1:colcon.colcon_core.environment:checking '/home/vikram/micromouse_ws/install/micromouse_gazebo/lib/python3.10/site-packages'
[0.293s] Level 1:colcon.colcon_core.environment:checking '/home/vikram/micromouse_ws/install/micromouse_gazebo/bin'
[0.293s] INFO:colcon.colcon_core.shell:Creating package script '/home/vikram/micromouse_ws/install/micromouse_gazebo/share/micromouse_gazebo/package.ps1'
[0.293s] INFO:colcon.colcon_core.shell:Creating package descriptor '/home/vikram/micromouse_ws/install/micromouse_gazebo/share/micromouse_gazebo/package.dsv'
[0.294s] INFO:colcon.colcon_core.shell:Creating package script '/home/vikram/micromouse_ws/install/micromouse_gazebo/share/micromouse_gazebo/package.sh'
[0.294s] INFO:colcon.colcon_core.shell:Creating package script '/home/vikram/micromouse_ws/install/micromouse_gazebo/share/micromouse_gazebo/package.bash'
[0.294s] INFO:colcon.colcon_core.shell:Creating package script '/home/vikram/micromouse_ws/install/micromouse_gazebo/share/micromouse_gazebo/package.zsh'
[0.294s] Level 1:colcon.colcon_core.environment:create_file_with_runtime_dependencies(/home/vikram/micromouse_ws/install/micromouse_gazebo/share/colcon-core/packages/micromouse_gazebo)
[0.295s] Level 1:colcon.colcon_core.environment:create_environment_scripts_only(micromouse_gazebo)
[0.295s] Level 1:colcon.colcon_core.environment:checking '/home/vikram/micromouse_ws/install/micromouse_gazebo' for CMake module files
[0.295s] Level 1:colcon.colcon_core.environment:checking '/home/vikram/micromouse_ws/install/micromouse_gazebo' for CMake config files
[0.295s] Level 1:colcon.colcon_core.shell:create_environment_hook('micromouse_gazebo', 'cmake_prefix_path')
[0.295s] INFO:colcon.colcon_core.shell:Creating environment hook '/home/vikram/micromouse_ws/install/micromouse_gazebo/share/micromouse_gazebo/hook/cmake_prefix_path.ps1'
[0.296s] INFO:colcon.colcon_core.shell:Creating environment descriptor '/home/vikram/micromouse_ws/install/micromouse_gazebo/share/micromouse_gazebo/hook/cmake_prefix_path.dsv'
[0.296s] INFO:colcon.colcon_core.shell:Creating environment hook '/home/vikram/micromouse_ws/install/micromouse_gazebo/share/micromouse_gazebo/hook/cmake_prefix_path.sh'
[0.296s] Level 1:colcon.colcon_core.environment:checking '/home/vikram/micromouse_ws/install/micromouse_gazebo/bin'
[0.296s] Level 1:colcon.colcon_core.environment:checking '/home/vikram/micromouse_ws/install/micromouse_gazebo/lib/pkgconfig/micromouse_gazebo.pc'
[0.296s] Level 1:colcon.colcon_core.environment:checking '/home/vikram/micromouse_ws/install/micromouse_gazebo/lib/python3.10/site-packages'
[0.296s] Level 1:colcon.colcon_core.environment:checking '/home/vikram/micromouse_ws/install/micromouse_gazebo/bin'
[0.297s] INFO:colcon.colcon_core.shell:Creating package script '/home/vikram/micromouse_ws/install/micromouse_gazebo/share/micromouse_gazebo/package.ps1'
[0.297s] INFO:colcon.colcon_core.shell:Creating package descriptor '/home/vikram/micromouse_ws/install/micromouse_gazebo/share/micromouse_gazebo/package.dsv'
[0.297s] INFO:colcon.colcon_core.shell:Creating package script '/home/vikram/micromouse_ws/install/micromouse_gazebo/share/micromouse_gazebo/package.sh'
[0.297s] INFO:colcon.colcon_core.shell:Creating package script '/home/vikram/micromouse_ws/install/micromouse_gazebo/share/micromouse_gazebo/package.bash'
[0.298s] INFO:colcon.colcon_core.shell:Creating package script '/home/vikram/micromouse_ws/install/micromouse_gazebo/share/micromouse_gazebo/package.zsh'
[0.298s] Level 1:colcon.colcon_core.environment:create_file_with_runtime_dependencies(/home/vikram/micromouse_ws/install/micromouse_gazebo/share/colcon-core/packages/micromouse_gazebo)
[0.298s] Level 1:colcon.colcon_core.environment:create_environment_scripts_only(micromouse_control)
[0.298s] Level 1:colcon.colcon_core.environment:checking '/home/vikram/micromouse_ws/install/micromouse_control' for CMake module files
[0.299s] DEBUG:colcon.colcon_core.event_handler.log_command:Invoked command in '/home/vikram/micromouse_ws/build/micromouse_control' returned '0': CMAKE_PREFIX_PATH=/opt/ros/humble /usr/bin/cmake --install /home/vikram/micromouse_ws/build/micromouse_control
[0.299s] Level 1:colcon.colcon_core.environment:checking '/home/vikram/micromouse_ws/install/micromouse_control' for CMake config files
[0.299s] Level 1:colcon.colcon_core.shell:create_environment_hook('micromouse_control', 'cmake_prefix_path')
[0.299s] INFO:colcon.colcon_core.shell:Creating environment hook '/home/vikram/micromouse_ws/install/micromouse_control/share/micromouse_control/hook/cmake_prefix_path.ps1'
[0.299s] INFO:colcon.colcon_core.shell:Creating environment descriptor '/home/vikram/micromouse_ws/install/micromouse_control/share/micromouse_control/hook/cmake_prefix_path.dsv'
[0.300s] INFO:colcon.colcon_core.shell:Creating environment hook '/home/vikram/micromouse_ws/install/micromouse_control/share/micromouse_control/hook/cmake_prefix_path.sh'
[0.300s] Level 1:colcon.colcon_core.environment:checking '/home/vikram/micromouse_ws/install/micromouse_control/lib'
[0.300s] Level 1:colcon.colcon_core.environment:checking '/home/vikram/micromouse_ws/install/micromouse_control/bin'
[0.300s] Level 1:colcon.colcon_core.environment:checking '/home/vikram/micromouse_ws/install/micromouse_control/lib/pkgconfig/micromouse_control.pc'
[0.300s] Level 1:colcon.colcon_core.environment:checking '/home/vikram/micromouse_ws/install/micromouse_control/lib/python3.10/site-packages'
[0.300s] Level 1:colcon.colcon_core.environment:checking '/home/vikram/micromouse_ws/install/micromouse_control/bin'
[0.301s] INFO:colcon.colcon_core.shell:Creating package script '/home/vikram/micromouse_ws/install/micromouse_control/share/micromouse_control/package.ps1'
[0.301s] INFO:colcon.colcon_core.shell:Creating package descriptor '/home/vikram/micromouse_ws/install/micromouse_control/share/micromouse_control/package.dsv'
[0.301s] INFO:colcon.colcon_core.shell:Creating package script '/home/vikram/micromouse_ws/install/micromouse_control/share/micromouse_control/package.sh'
[0.301s] INFO:colcon.colcon_core.shell:Creating package script '/home/vikram/micromouse_ws/install/micromouse_control/share/micromouse_control/package.bash'
[0.301s] INFO:colcon.colcon_core.shell:Creating package script '/home/vikram/micromouse_ws/install/micromouse_control/share/micromouse_control/package.zsh'
[0.302s] Level 1:colcon.colcon_core.environment:create_file_with_runtime_dependencies(/home/vikram/micromouse_ws/install/micromouse_control/share/colcon-core/packages/micromouse_control)
[0.302s] Level 1:colcon.colcon_core.environment:create_environment_scripts_only(micromouse_control)
[0.302s] Level 1:colcon.colcon_core.environment:checking '/home/vikram/micromouse_ws/install/micromouse_control' for CMake module files
[0.302s] Level 1:colcon.colcon_core.environment:checking '/home/vikram/micromouse_ws/install/micromouse_control' for CMake config files
[0.302s] Level 1:colcon.colcon_core.shell:create_environment_hook('micromouse_control', 'cmake_prefix_path')
[0.303s] INFO:colcon.colcon_core.shell:Creating environment hook '/home/vikram/micromouse_ws/install/micromouse_control/share/micromouse_control/hook/cmake_prefix_path.ps1'
[0.303s] INFO:colcon.colcon_core.shell:Creating environment descriptor '/home/vikram/micromouse_ws/install/micromouse_control/share/micromouse_control/hook/cmake_prefix_path.dsv'
[0.303s] INFO:colcon.colcon_core.shell:Creating environment hook '/home/vikram/micromouse_ws/install/micromouse_control/share/micromouse_control/hook/cmake_prefix_path.sh'
[0.303s] Level 1:colcon.colcon_core.environment:checking '/home/vikram/micromouse_ws/install/micromouse_control/lib'
[0.303s] Level 1:colcon.colcon_core.environment:checking '/home/vikram/micromouse_ws/install/micromouse_control/bin'
[0.303s] Level 1:colcon.colcon_core.environment:checking '/home/vikram/micromouse_ws/install/micromouse_control/lib/pkgconfig/micromouse_control.pc'
[0.304s] Level 1:colcon.colcon_core.environment:checking '/home/vikram/micromouse_ws/install/micromouse_control/lib/python3.10/site-packages'
[0.304s] Level 1:colcon.colcon_core.environment:checking '/home/vikram/micromouse_ws/install/micromouse_control/bin'
[0.304s] INFO:colcon.colcon_core.shell:Creating package script '/home/vikram/micromouse_ws/install/micromouse_control/share/micromouse_control/package.ps1'
[0.304s] INFO:colcon.colcon_core.shell:Creating package descriptor '/home/vikram/micromouse_ws/install/micromouse_control/share/micromouse_control/package.dsv'
[0.304s] INFO:colcon.colcon_core.shell:Creating package script '/home/vikram/micromouse_ws/install/micromouse_control/share/micromouse_control/package.sh'
[0.305s] INFO:colcon.colcon_core.shell:Creating package script '/home/vikram/micromouse_ws/install/micromouse_control/share/micromouse_control/package.bash'
[0.305s] INFO:colcon.colcon_core.shell:Creating package script '/home/vikram/micromouse_ws/install/micromouse_control/share/micromouse_control/package.zsh'
[0.305s] Level 1:colcon.colcon_core.environment:create_file_with_runtime_dependencies(/home/vikram/micromouse_ws/install/micromouse_control/share/colcon-core/packages/micromouse_control)
[0.305s] DEBUG:colcon.colcon_parallel_executor.executor.parallel:closing loop
[0.305s] DEBUG:colcon.colcon_parallel_executor.executor.parallel:loop closed
[0.305s] DEBUG:colcon.colcon_parallel_executor.executor.parallel:run_until_complete finished with '0'
[0.305s] DEBUG:colcon.colcon_core.event_reactor:joining thread
[0.309s] INFO:colcon.colcon_core.plugin_system:Skipping extension 'colcon_notification.desktop_notification.terminal_notifier': Not used on non-Darwin systems
[0.309s] INFO:colcon.colcon_core.plugin_system:Skipping extension 'colcon_notification.desktop_notification.win32': Not used on non-Windows systems
[0.309s] INFO:colcon.colcon_notification.desktop_notification:Sending desktop notification using 'notify2'
[0.317s] DEBUG:colcon.colcon_core.event_reactor:joined thread
[0.317s] INFO:colcon.colcon_core.shell:Creating prefix script '/home/vikram/micromouse_ws/install/local_setup.ps1'
[0.318s] INFO:colcon.colcon_core.shell:Creating prefix util module '/home/vikram/micromouse_ws/install/_local_setup_util_ps1.py'
[0.319s] INFO:colcon.colcon_core.shell:Creating prefix chain script '/home/vikram/micromouse_ws/install/setup.ps1'
[0.319s] INFO:colcon.colcon_core.shell:Creating prefix script '/home/vikram/micromouse_ws/install/local_setup.sh'
[0.319s] INFO:colcon.colcon_core.shell:Creating prefix util module '/home/vikram/micromouse_ws/install/_local_setup_util_sh.py'
[0.320s] INFO:colcon.colcon_core.shell:Creating prefix chain script '/home/vikram/micromouse_ws/install/setup.sh'
[0.320s] INFO:colcon.colcon_core.shell:Creating prefix script '/home/vikram/micromouse_ws/install/local_setup.bash'
[0.321s] INFO:colcon.colcon_core.shell:Creating prefix chain script '/home/vikram/micromouse_ws/install/setup.bash'
[0.321s] INFO:colcon.colcon_core.shell:Creating prefix script '/home/vikram/micromouse_ws/install/local_setup.zsh'
[0.321s] INFO:colcon.colcon_core.shell:Creating prefix chain script '/home/vikram/micromouse_ws/install/setup.zsh'
