[0.010s] Invoking command in '/home/vikram/micromouse_ws/build/micromouse_control': CMAKE_PREFIX_PATH=/opt/ros/humble /usr/bin/cmake /home/vikram/micromouse_ws/src/micromouse_control -DCMAKE_INSTALL_PREFIX=/home/vikram/micromouse_ws/install/micromouse_control
[0.091s] -- The C compiler identification is GNU 11.4.0
[0.153s] -- The CXX compiler identification is GNU 11.4.0
[0.157s] -- Detecting C compiler ABI info
[0.205s] -- Detecting C compiler ABI info - done
[0.211s] -- Check for working C compiler: /usr/bin/cc - skipped
[0.211s] -- Detecting C compile features
[0.211s] -- Detecting C compile features - done
[0.213s] -- Detecting CXX compiler ABI info
[0.267s] -- Detecting CXX compiler ABI info - done
[0.275s] -- Check for working CXX compiler: /usr/bin/c++ - skipped
[0.275s] -- Detecting CXX compile features
[0.276s] -- Detecting CXX compile features - done
[0.277s] -- Found ament_cmake: 1.3.12 (/opt/ros/humble/share/ament_cmake/cmake)
[0.389s] -- Found Python3: /usr/bin/python3 (found version "3.10.12") found components: Interpreter 
[0.457s] -- Found rclcpp: 16.0.14 (/opt/ros/humble/share/rclcpp/cmake)
[0.492s] -- Found rosidl_generator_c: 3.1.7 (/opt/ros/humble/share/rosidl_generator_c/cmake)
[0.496s] -- Found rosidl_adapter: 3.1.7 (/opt/ros/humble/share/rosidl_adapter/cmake)
[0.504s] -- Found rosidl_generator_cpp: 3.1.7 (/opt/ros/humble/share/rosidl_generator_cpp/cmake)
[0.516s] -- Using all available rosidl_typesupport_c: rosidl_typesupport_fastrtps_c;rosidl_typesupport_introspection_c
[0.531s] -- Using all available rosidl_typesupport_cpp: rosidl_typesupport_fastrtps_cpp;rosidl_typesupport_introspection_cpp
[0.565s] -- Found rmw_implementation_cmake: 6.1.2 (/opt/ros/humble/share/rmw_implementation_cmake/cmake)
[0.567s] -- Found rmw_fastrtps_cpp: 6.2.8 (/opt/ros/humble/share/rmw_fastrtps_cpp/cmake)
[0.638s] -- Found OpenSSL: /usr/lib/x86_64-linux-gnu/libcrypto.so (found version "3.0.2")  
[0.666s] -- Found FastRTPS: /opt/ros/humble/include  
[0.689s] -- Using RMW implementation 'rmw_fastrtps_cpp' as default
[0.695s] -- Looking for pthread.h
[0.760s] -- Looking for pthread.h - found
[0.761s] -- Performing Test CMAKE_HAVE_LIBC_PTHREAD
[0.834s] -- Performing Test CMAKE_HAVE_LIBC_PTHREAD - Success
[0.836s] -- Found Threads: TRUE  
[0.881s] -- Found geometry_msgs: 4.9.0 (/opt/ros/humble/share/geometry_msgs/cmake)
[0.891s] -- Found sensor_msgs: 4.9.0 (/opt/ros/humble/share/sensor_msgs/cmake)
[0.903s] -- Found ament_lint_auto: 0.12.14 (/opt/ros/humble/share/ament_lint_auto/cmake)
[0.951s] -- Added test 'lint_cmake' to check CMake code style
[0.951s] -- Added test 'xmllint' to check XML markup files
[0.952s] -- Configuring done
[0.954s] -- Generating done
[0.956s] -- Build files have been written to: /home/vikram/micromouse_ws/build/micromouse_control
[0.961s] Invoked command in '/home/vikram/micromouse_ws/build/micromouse_control' returned '0': CMAKE_PREFIX_PATH=/opt/ros/humble /usr/bin/cmake /home/vikram/micromouse_ws/src/micromouse_control -DCMAKE_INSTALL_PREFIX=/home/vikram/micromouse_ws/install/micromouse_control
[0.962s] Invoking command in '/home/vikram/micromouse_ws/build/micromouse_control': CMAKE_PREFIX_PATH=/opt/ros/humble /usr/bin/cmake --build /home/vikram/micromouse_ws/build/micromouse_control -- -j20 -l20
[0.989s] Invoked command in '/home/vikram/micromouse_ws/build/micromouse_control' returned '0': CMAKE_PREFIX_PATH=/opt/ros/humble /usr/bin/cmake --build /home/vikram/micromouse_ws/build/micromouse_control -- -j20 -l20
[0.990s] Invoking command in '/home/vikram/micromouse_ws/build/micromouse_control': CMAKE_PREFIX_PATH=/opt/ros/humble /usr/bin/cmake --install /home/vikram/micromouse_ws/build/micromouse_control
[0.996s] -- Install configuration: ""
[0.996s] -- Installing: /home/vikram/micromouse_ws/install/micromouse_control/share/ament_index/resource_index/package_run_dependencies/micromouse_control
[0.996s] -- Installing: /home/vikram/micromouse_ws/install/micromouse_control/share/ament_index/resource_index/parent_prefix_path/micromouse_control
[0.996s] -- Installing: /home/vikram/micromouse_ws/install/micromouse_control/share/micromouse_control/environment/ament_prefix_path.sh
[0.996s] -- Installing: /home/vikram/micromouse_ws/install/micromouse_control/share/micromouse_control/environment/ament_prefix_path.dsv
[0.996s] -- Installing: /home/vikram/micromouse_ws/install/micromouse_control/share/micromouse_control/environment/path.sh
[0.996s] -- Installing: /home/vikram/micromouse_ws/install/micromouse_control/share/micromouse_control/environment/path.dsv
[0.997s] -- Installing: /home/vikram/micromouse_ws/install/micromouse_control/share/micromouse_control/local_setup.bash
[0.997s] -- Installing: /home/vikram/micromouse_ws/install/micromouse_control/share/micromouse_control/local_setup.sh
[0.997s] -- Installing: /home/vikram/micromouse_ws/install/micromouse_control/share/micromouse_control/local_setup.zsh
[0.997s] -- Installing: /home/vikram/micromouse_ws/install/micromouse_control/share/micromouse_control/local_setup.dsv
[0.997s] -- Installing: /home/vikram/micromouse_ws/install/micromouse_control/share/micromouse_control/package.dsv
[0.997s] -- Installing: /home/vikram/micromouse_ws/install/micromouse_control/share/ament_index/resource_index/packages/micromouse_control
[0.997s] -- Installing: /home/vikram/micromouse_ws/install/micromouse_control/share/micromouse_control/cmake/micromouse_controlConfig.cmake
[0.997s] -- Installing: /home/vikram/micromouse_ws/install/micromouse_control/share/micromouse_control/cmake/micromouse_controlConfig-version.cmake
[0.997s] -- Installing: /home/vikram/micromouse_ws/install/micromouse_control/share/micromouse_control/package.xml
[0.999s] Invoked command in '/home/vikram/micromouse_ws/build/micromouse_control' returned '0': CMAKE_PREFIX_PATH=/opt/ros/humble /usr/bin/cmake --install /home/vikram/micromouse_ws/build/micromouse_control
