[0.062s] DEBUG:colcon:Command line arguments: ['/usr/bin/colcon', 'build', '--symlink-install']
[0.062s] DEBUG:colcon:Parsed command line arguments: Namespace(log_base=None, log_level=None, verb_name='build', build_base='build', install_base='install', merge_install=False, symlink_install=True, test_result_base=None, continue_on_error=False, executor='parallel', parallel_workers=20, event_handlers=None, ignore_user_meta=False, metas=['./colcon.meta'], base_paths=['.'], packages_ignore=None, packages_ignore_regex=None, paths=None, packages_up_to=None, packages_up_to_regex=None, packages_above=None, packages_above_and_dependencies=None, packages_above_depth=None, packages_select_by_dep=None, packages_skip_by_dep=None, packages_skip_up_to=None, packages_select_build_failed=False, packages_skip_build_finished=False, packages_select_test_failures=False, packages_skip_test_passed=False, packages_select=None, packages_skip=None, packages_select_regex=None, packages_skip_regex=None, packages_start=None, packages_end=None, allow_overriding=[], cmake_args=None, cmake_target=None, cmake_target_skip_unavailable=False, cmake_clean_cache=False, cmake_clean_first=False, cmake_force_configure=False, ament_cmake_args=None, catkin_cmake_args=None, catkin_skip_building_tests=False, mixin_files=None, mixin=None, verb_parser=<colcon_mixin.mixin.mixin_argument.MixinArgumentDecorator object at 0x7088a555d0f0>, verb_extension=<colcon_core.verb.build.BuildVerb object at 0x7088a56d27a0>, main=<bound method BuildVerb.main of <colcon_core.verb.build.BuildVerb object at 0x7088a56d27a0>>, mixin_verb=('build',))
[0.153s] Level 1:colcon.colcon_core.package_discovery:discover_packages(colcon_meta) check parameters
[0.153s] Level 1:colcon.colcon_core.package_discovery:discover_packages(recursive) check parameters
[0.153s] Level 1:colcon.colcon_core.package_discovery:discover_packages(ignore) check parameters
[0.153s] Level 1:colcon.colcon_core.package_discovery:discover_packages(path) check parameters
[0.153s] Level 1:colcon.colcon_core.package_discovery:discover_packages(colcon_meta) discover
[0.153s] Level 1:colcon.colcon_core.package_discovery:discover_packages(recursive) discover
[0.153s] INFO:colcon.colcon_core.package_discovery:Crawling recursively for packages in '/home/vikram/micromouse_ws'
[0.153s] Level 1:colcon.colcon_core.package_identification:_identify(.) by extensions ['ignore', 'ignore_ament_install']
[0.153s] Level 1:colcon.colcon_core.package_identification:_identify(.) by extension 'ignore'
[0.153s] Level 1:colcon.colcon_core.package_identification:_identify(.) by extension 'ignore_ament_install'
[0.153s] Level 1:colcon.colcon_core.package_identification:_identify(.) by extensions ['colcon_pkg']
[0.153s] Level 1:colcon.colcon_core.package_identification:_identify(.) by extension 'colcon_pkg'
[0.153s] Level 1:colcon.colcon_core.package_identification:_identify(.) by extensions ['colcon_meta']
[0.153s] Level 1:colcon.colcon_core.package_identification:_identify(.) by extension 'colcon_meta'
[0.154s] Level 1:colcon.colcon_core.package_identification:_identify(.) by extensions ['ros']
[0.154s] Level 1:colcon.colcon_core.package_identification:_identify(.) by extension 'ros'
[0.160s] Level 1:colcon.colcon_core.package_identification:_identify(.) by extensions ['cmake', 'python']
[0.160s] Level 1:colcon.colcon_core.package_identification:_identify(.) by extension 'cmake'
[0.160s] Level 1:colcon.colcon_core.package_identification:_identify(.) by extension 'python'
[0.160s] Level 1:colcon.colcon_core.package_identification:_identify(.) by extensions ['python_setup_py']
[0.160s] Level 1:colcon.colcon_core.package_identification:_identify(.) by extension 'python_setup_py'
[0.160s] Level 1:colcon.colcon_core.package_identification:_identify(build) by extensions ['ignore', 'ignore_ament_install']
[0.160s] Level 1:colcon.colcon_core.package_identification:_identify(build) by extension 'ignore'
[0.160s] Level 1:colcon.colcon_core.package_identification:_identify(build) ignored
[0.160s] Level 1:colcon.colcon_core.package_identification:_identify(install) by extensions ['ignore', 'ignore_ament_install']
[0.161s] Level 1:colcon.colcon_core.package_identification:_identify(install) by extension 'ignore'
[0.161s] Level 1:colcon.colcon_core.package_identification:_identify(install) ignored
[0.161s] Level 1:colcon.colcon_core.package_identification:_identify(log) by extensions ['ignore', 'ignore_ament_install']
[0.161s] Level 1:colcon.colcon_core.package_identification:_identify(log) by extension 'ignore'
[0.161s] Level 1:colcon.colcon_core.package_identification:_identify(log) ignored
[0.161s] Level 1:colcon.colcon_core.package_identification:_identify(src) by extensions ['ignore', 'ignore_ament_install']
[0.161s] Level 1:colcon.colcon_core.package_identification:_identify(src) by extension 'ignore'
[0.161s] Level 1:colcon.colcon_core.package_identification:_identify(src) by extension 'ignore_ament_install'
[0.161s] Level 1:colcon.colcon_core.package_identification:_identify(src) by extensions ['colcon_pkg']
[0.161s] Level 1:colcon.colcon_core.package_identification:_identify(src) by extension 'colcon_pkg'
[0.161s] Level 1:colcon.colcon_core.package_identification:_identify(src) by extensions ['colcon_meta']
[0.161s] Level 1:colcon.colcon_core.package_identification:_identify(src) by extension 'colcon_meta'
[0.161s] Level 1:colcon.colcon_core.package_identification:_identify(src) by extensions ['ros']
[0.161s] Level 1:colcon.colcon_core.package_identification:_identify(src) by extension 'ros'
[0.161s] Level 1:colcon.colcon_core.package_identification:_identify(src) by extensions ['cmake', 'python']
[0.161s] Level 1:colcon.colcon_core.package_identification:_identify(src) by extension 'cmake'
[0.161s] Level 1:colcon.colcon_core.package_identification:_identify(src) by extension 'python'
[0.161s] Level 1:colcon.colcon_core.package_identification:_identify(src) by extensions ['python_setup_py']
[0.161s] Level 1:colcon.colcon_core.package_identification:_identify(src) by extension 'python_setup_py'
[0.161s] Level 1:colcon.colcon_core.package_identification:_identify(src/micromouse_control) by extensions ['ignore', 'ignore_ament_install']
[0.161s] Level 1:colcon.colcon_core.package_identification:_identify(src/micromouse_control) by extension 'ignore'
[0.161s] Level 1:colcon.colcon_core.package_identification:_identify(src/micromouse_control) by extension 'ignore_ament_install'
[0.161s] Level 1:colcon.colcon_core.package_identification:_identify(src/micromouse_control) by extensions ['colcon_pkg']
[0.161s] Level 1:colcon.colcon_core.package_identification:_identify(src/micromouse_control) by extension 'colcon_pkg'
[0.161s] Level 1:colcon.colcon_core.package_identification:_identify(src/micromouse_control) by extensions ['colcon_meta']
[0.161s] Level 1:colcon.colcon_core.package_identification:_identify(src/micromouse_control) by extension 'colcon_meta'
[0.161s] Level 1:colcon.colcon_core.package_identification:_identify(src/micromouse_control) by extensions ['ros']
[0.161s] Level 1:colcon.colcon_core.package_identification:_identify(src/micromouse_control) by extension 'ros'
[0.163s] DEBUG:colcon.colcon_core.package_identification:Package 'src/micromouse_control' with type 'ros.ament_cmake' and name 'micromouse_control'
[0.163s] Level 1:colcon.colcon_core.package_identification:_identify(src/micromouse_description) by extensions ['ignore', 'ignore_ament_install']
[0.163s] Level 1:colcon.colcon_core.package_identification:_identify(src/micromouse_description) by extension 'ignore'
[0.163s] Level 1:colcon.colcon_core.package_identification:_identify(src/micromouse_description) by extension 'ignore_ament_install'
[0.163s] Level 1:colcon.colcon_core.package_identification:_identify(src/micromouse_description) by extensions ['colcon_pkg']
[0.163s] Level 1:colcon.colcon_core.package_identification:_identify(src/micromouse_description) by extension 'colcon_pkg'
[0.163s] Level 1:colcon.colcon_core.package_identification:_identify(src/micromouse_description) by extensions ['colcon_meta']
[0.163s] Level 1:colcon.colcon_core.package_identification:_identify(src/micromouse_description) by extension 'colcon_meta'
[0.163s] Level 1:colcon.colcon_core.package_identification:_identify(src/micromouse_description) by extensions ['ros']
[0.163s] Level 1:colcon.colcon_core.package_identification:_identify(src/micromouse_description) by extension 'ros'
[0.163s] DEBUG:colcon.colcon_core.package_identification:Package 'src/micromouse_description' with type 'ros.ament_cmake' and name 'micromouse_description'
[0.164s] Level 1:colcon.colcon_core.package_identification:_identify(src/micromouse_gazebo) by extensions ['ignore', 'ignore_ament_install']
[0.164s] Level 1:colcon.colcon_core.package_identification:_identify(src/micromouse_gazebo) by extension 'ignore'
[0.164s] Level 1:colcon.colcon_core.package_identification:_identify(src/micromouse_gazebo) by extension 'ignore_ament_install'
[0.164s] Level 1:colcon.colcon_core.package_identification:_identify(src/micromouse_gazebo) by extensions ['colcon_pkg']
[0.164s] Level 1:colcon.colcon_core.package_identification:_identify(src/micromouse_gazebo) by extension 'colcon_pkg'
[0.164s] Level 1:colcon.colcon_core.package_identification:_identify(src/micromouse_gazebo) by extensions ['colcon_meta']
[0.164s] Level 1:colcon.colcon_core.package_identification:_identify(src/micromouse_gazebo) by extension 'colcon_meta'
[0.164s] Level 1:colcon.colcon_core.package_identification:_identify(src/micromouse_gazebo) by extensions ['ros']
[0.164s] Level 1:colcon.colcon_core.package_identification:_identify(src/micromouse_gazebo) by extension 'ros'
[0.164s] DEBUG:colcon.colcon_core.package_identification:Package 'src/micromouse_gazebo' with type 'ros.ament_cmake' and name 'micromouse_gazebo'
[0.164s] Level 1:colcon.colcon_core.package_discovery:discover_packages(recursive) using defaults
[0.164s] Level 1:colcon.colcon_core.package_discovery:discover_packages(ignore) discover
[0.164s] Level 1:colcon.colcon_core.package_discovery:discover_packages(ignore) using defaults
[0.164s] Level 1:colcon.colcon_core.package_discovery:discover_packages(path) discover
[0.164s] Level 1:colcon.colcon_core.package_discovery:discover_packages(path) using defaults
[0.181s] Level 1:colcon.colcon_core.package_discovery:discover_packages(prefix_path) check parameters
[0.181s] Level 1:colcon.colcon_core.package_discovery:discover_packages(prefix_path) discover
[0.182s] WARNING:colcon.colcon_ros.prefix_path.ament:The path '/home/vikram/micromouse_ws/install/micromouse_gazebo' in the environment variable AMENT_PREFIX_PATH doesn't exist
[0.182s] WARNING:colcon.colcon_ros.prefix_path.ament:The path '/home/vikram/micromouse_ws/install/micromouse_description' in the environment variable AMENT_PREFIX_PATH doesn't exist
[0.182s] WARNING:colcon.colcon_ros.prefix_path.ament:The path '/home/vikram/micromouse_ws/install/micromouse_control' in the environment variable AMENT_PREFIX_PATH doesn't exist
[0.182s] WARNING:colcon.colcon_ros.prefix_path.catkin:The path '/home/vikram/micromouse_ws/install/micromouse_gazebo' in the environment variable CMAKE_PREFIX_PATH doesn't exist
[0.182s] WARNING:colcon.colcon_ros.prefix_path.catkin:The path '/home/vikram/micromouse_ws/install/micromouse_description' in the environment variable CMAKE_PREFIX_PATH doesn't exist
[0.182s] WARNING:colcon.colcon_ros.prefix_path.catkin:The path '/home/vikram/micromouse_ws/install/micromouse_control' in the environment variable CMAKE_PREFIX_PATH doesn't exist
[0.182s] DEBUG:colcon.colcon_installed_package_information.package_discovery:Found 0 installed packages in /home/vikram/micromouse_ws/install
[0.183s] DEBUG:colcon.colcon_installed_package_information.package_discovery:Found 0 installed packages in /home/vikram/micromouse_ws/src/micromouse_gazebo/launch/install
[0.183s] DEBUG:colcon.colcon_installed_package_information.package_discovery:Found 279 installed packages in /opt/ros/humble
[0.184s] Level 1:colcon.colcon_core.package_discovery:discover_packages(prefix_path) using defaults
[0.207s] Level 5:colcon.colcon_core.verb:set package 'micromouse_control' build argument 'cmake_args' from command line to 'None'
[0.207s] Level 5:colcon.colcon_core.verb:set package 'micromouse_control' build argument 'cmake_target' from command line to 'None'
[0.207s] Level 5:colcon.colcon_core.verb:set package 'micromouse_control' build argument 'cmake_target_skip_unavailable' from command line to 'False'
[0.207s] Level 5:colcon.colcon_core.verb:set package 'micromouse_control' build argument 'cmake_clean_cache' from command line to 'False'
[0.207s] Level 5:colcon.colcon_core.verb:set package 'micromouse_control' build argument 'cmake_clean_first' from command line to 'False'
[0.207s] Level 5:colcon.colcon_core.verb:set package 'micromouse_control' build argument 'cmake_force_configure' from command line to 'False'
[0.207s] Level 5:colcon.colcon_core.verb:set package 'micromouse_control' build argument 'ament_cmake_args' from command line to 'None'
[0.207s] Level 5:colcon.colcon_core.verb:set package 'micromouse_control' build argument 'catkin_cmake_args' from command line to 'None'
[0.207s] Level 5:colcon.colcon_core.verb:set package 'micromouse_control' build argument 'catkin_skip_building_tests' from command line to 'False'
[0.207s] DEBUG:colcon.colcon_core.verb:Building package 'micromouse_control' with the following arguments: {'ament_cmake_args': None, 'build_base': '/home/vikram/micromouse_ws/build/micromouse_control', 'catkin_cmake_args': None, 'catkin_skip_building_tests': False, 'cmake_args': None, 'cmake_clean_cache': False, 'cmake_clean_first': False, 'cmake_force_configure': False, 'cmake_target': None, 'cmake_target_skip_unavailable': False, 'install_base': '/home/vikram/micromouse_ws/install/micromouse_control', 'merge_install': False, 'path': '/home/vikram/micromouse_ws/src/micromouse_control', 'symlink_install': True, 'test_result_base': None}
[0.208s] Level 5:colcon.colcon_core.verb:set package 'micromouse_description' build argument 'cmake_args' from command line to 'None'
[0.208s] Level 5:colcon.colcon_core.verb:set package 'micromouse_description' build argument 'cmake_target' from command line to 'None'
[0.208s] Level 5:colcon.colcon_core.verb:set package 'micromouse_description' build argument 'cmake_target_skip_unavailable' from command line to 'False'
[0.208s] Level 5:colcon.colcon_core.verb:set package 'micromouse_description' build argument 'cmake_clean_cache' from command line to 'False'
[0.208s] Level 5:colcon.colcon_core.verb:set package 'micromouse_description' build argument 'cmake_clean_first' from command line to 'False'
[0.208s] Level 5:colcon.colcon_core.verb:set package 'micromouse_description' build argument 'cmake_force_configure' from command line to 'False'
[0.208s] Level 5:colcon.colcon_core.verb:set package 'micromouse_description' build argument 'ament_cmake_args' from command line to 'None'
[0.208s] Level 5:colcon.colcon_core.verb:set package 'micromouse_description' build argument 'catkin_cmake_args' from command line to 'None'
[0.208s] Level 5:colcon.colcon_core.verb:set package 'micromouse_description' build argument 'catkin_skip_building_tests' from command line to 'False'
[0.208s] DEBUG:colcon.colcon_core.verb:Building package 'micromouse_description' with the following arguments: {'ament_cmake_args': None, 'build_base': '/home/vikram/micromouse_ws/build/micromouse_description', 'catkin_cmake_args': None, 'catkin_skip_building_tests': False, 'cmake_args': None, 'cmake_clean_cache': False, 'cmake_clean_first': False, 'cmake_force_configure': False, 'cmake_target': None, 'cmake_target_skip_unavailable': False, 'install_base': '/home/vikram/micromouse_ws/install/micromouse_description', 'merge_install': False, 'path': '/home/vikram/micromouse_ws/src/micromouse_description', 'symlink_install': True, 'test_result_base': None}
[0.208s] Level 5:colcon.colcon_core.verb:set package 'micromouse_gazebo' build argument 'cmake_args' from command line to 'None'
[0.208s] Level 5:colcon.colcon_core.verb:set package 'micromouse_gazebo' build argument 'cmake_target' from command line to 'None'
[0.208s] Level 5:colcon.colcon_core.verb:set package 'micromouse_gazebo' build argument 'cmake_target_skip_unavailable' from command line to 'False'
[0.208s] Level 5:colcon.colcon_core.verb:set package 'micromouse_gazebo' build argument 'cmake_clean_cache' from command line to 'False'
[0.208s] Level 5:colcon.colcon_core.verb:set package 'micromouse_gazebo' build argument 'cmake_clean_first' from command line to 'False'
[0.208s] Level 5:colcon.colcon_core.verb:set package 'micromouse_gazebo' build argument 'cmake_force_configure' from command line to 'False'
[0.208s] Level 5:colcon.colcon_core.verb:set package 'micromouse_gazebo' build argument 'ament_cmake_args' from command line to 'None'
[0.208s] Level 5:colcon.colcon_core.verb:set package 'micromouse_gazebo' build argument 'catkin_cmake_args' from command line to 'None'
[0.208s] Level 5:colcon.colcon_core.verb:set package 'micromouse_gazebo' build argument 'catkin_skip_building_tests' from command line to 'False'
[0.208s] DEBUG:colcon.colcon_core.verb:Building package 'micromouse_gazebo' with the following arguments: {'ament_cmake_args': None, 'build_base': '/home/vikram/micromouse_ws/build/micromouse_gazebo', 'catkin_cmake_args': None, 'catkin_skip_building_tests': False, 'cmake_args': None, 'cmake_clean_cache': False, 'cmake_clean_first': False, 'cmake_force_configure': False, 'cmake_target': None, 'cmake_target_skip_unavailable': False, 'install_base': '/home/vikram/micromouse_ws/install/micromouse_gazebo', 'merge_install': False, 'path': '/home/vikram/micromouse_ws/src/micromouse_gazebo', 'symlink_install': True, 'test_result_base': None}
[0.209s] INFO:colcon.colcon_core.executor:Executing jobs using 'parallel' executor
[0.210s] DEBUG:colcon.colcon_parallel_executor.executor.parallel:run_until_complete
[0.210s] INFO:colcon.colcon_ros.task.ament_cmake.build:Building ROS package in '/home/vikram/micromouse_ws/src/micromouse_control' with build type 'ament_cmake'
[0.210s] INFO:colcon.colcon_cmake.task.cmake.build:Building CMake package in '/home/vikram/micromouse_ws/src/micromouse_control'
[0.212s] INFO:colcon.colcon_core.plugin_system:Skipping extension 'colcon_core.shell.bat': Not used on non-Windows systems
[0.212s] INFO:colcon.colcon_core.shell:Skip shell extension 'powershell' for command environment: Not usable outside of PowerShell
[0.212s] DEBUG:colcon.colcon_core.shell:Skip shell extension 'dsv' for command environment
[0.215s] INFO:colcon.colcon_ros.task.ament_cmake.build:Building ROS package in '/home/vikram/micromouse_ws/src/micromouse_description' with build type 'ament_cmake'
[0.215s] INFO:colcon.colcon_cmake.task.cmake.build:Building CMake package in '/home/vikram/micromouse_ws/src/micromouse_description'
[0.215s] INFO:colcon.colcon_core.shell:Skip shell extension 'powershell' for command environment: Not usable outside of PowerShell
[0.215s] DEBUG:colcon.colcon_core.shell:Skip shell extension 'dsv' for command environment
[0.217s] INFO:colcon.colcon_ros.task.ament_cmake.build:Building ROS package in '/home/vikram/micromouse_ws/src/micromouse_gazebo' with build type 'ament_cmake'
[0.217s] INFO:colcon.colcon_cmake.task.cmake.build:Building CMake package in '/home/vikram/micromouse_ws/src/micromouse_gazebo'
[0.217s] INFO:colcon.colcon_core.shell:Skip shell extension 'powershell' for command environment: Not usable outside of PowerShell
[0.217s] DEBUG:colcon.colcon_core.shell:Skip shell extension 'dsv' for command environment
[0.221s] DEBUG:colcon.colcon_core.event_handler.log_command:Invoking command in '/home/vikram/micromouse_ws/build/micromouse_control': CMAKE_PREFIX_PATH=${CMAKE_PREFIX_PATH}:/opt/ros/humble /usr/bin/cmake /home/vikram/micromouse_ws/src/micromouse_control -DAMENT_CMAKE_SYMLINK_INSTALL=1 -DCMAKE_INSTALL_PREFIX=/home/vikram/micromouse_ws/install/micromouse_control
[0.223s] DEBUG:colcon.colcon_core.event_handler.log_command:Invoking command in '/home/vikram/micromouse_ws/build/micromouse_description': CMAKE_PREFIX_PATH=${CMAKE_PREFIX_PATH}:/opt/ros/humble /usr/bin/cmake /home/vikram/micromouse_ws/src/micromouse_description -DAMENT_CMAKE_SYMLINK_INSTALL=1 -DCMAKE_INSTALL_PREFIX=/home/vikram/micromouse_ws/install/micromouse_description
[0.224s] DEBUG:colcon.colcon_core.event_handler.log_command:Invoking command in '/home/vikram/micromouse_ws/build/micromouse_gazebo': CMAKE_PREFIX_PATH=${CMAKE_PREFIX_PATH}:/opt/ros/humble /usr/bin/cmake /home/vikram/micromouse_ws/src/micromouse_gazebo -DAMENT_CMAKE_SYMLINK_INSTALL=1 -DCMAKE_INSTALL_PREFIX=/home/vikram/micromouse_ws/install/micromouse_gazebo
[0.706s] DEBUG:colcon.colcon_core.event_handler.log_command:Invoked command in '/home/vikram/micromouse_ws/build/micromouse_description' returned '0': CMAKE_PREFIX_PATH=${CMAKE_PREFIX_PATH}:/opt/ros/humble /usr/bin/cmake /home/vikram/micromouse_ws/src/micromouse_description -DAMENT_CMAKE_SYMLINK_INSTALL=1 -DCMAKE_INSTALL_PREFIX=/home/vikram/micromouse_ws/install/micromouse_description
[0.709s] DEBUG:colcon.colcon_core.event_handler.log_command:Invoking command in '/home/vikram/micromouse_ws/build/micromouse_description': CMAKE_PREFIX_PATH=${CMAKE_PREFIX_PATH}:/opt/ros/humble /usr/bin/cmake --build /home/vikram/micromouse_ws/build/micromouse_description -- -j20 -l20
[0.710s] DEBUG:colcon.colcon_core.event_handler.log_command:Invoked command in '/home/vikram/micromouse_ws/build/micromouse_gazebo' returned '0': CMAKE_PREFIX_PATH=${CMAKE_PREFIX_PATH}:/opt/ros/humble /usr/bin/cmake /home/vikram/micromouse_ws/src/micromouse_gazebo -DAMENT_CMAKE_SYMLINK_INSTALL=1 -DCMAKE_INSTALL_PREFIX=/home/vikram/micromouse_ws/install/micromouse_gazebo
[0.712s] DEBUG:colcon.colcon_core.event_handler.log_command:Invoking command in '/home/vikram/micromouse_ws/build/micromouse_gazebo': CMAKE_PREFIX_PATH=${CMAKE_PREFIX_PATH}:/opt/ros/humble /usr/bin/cmake --build /home/vikram/micromouse_ws/build/micromouse_gazebo -- -j20 -l20
[0.744s] DEBUG:colcon.colcon_core.event_handler.log_command:Invoked command in '/home/vikram/micromouse_ws/build/micromouse_description' returned '0': CMAKE_PREFIX_PATH=${CMAKE_PREFIX_PATH}:/opt/ros/humble /usr/bin/cmake --build /home/vikram/micromouse_ws/build/micromouse_description -- -j20 -l20
[0.753s] DEBUG:colcon.colcon_core.event_handler.log_command:Invoking command in '/home/vikram/micromouse_ws/build/micromouse_description': CMAKE_PREFIX_PATH=${CMAKE_PREFIX_PATH}:/opt/ros/humble /usr/bin/cmake --install /home/vikram/micromouse_ws/build/micromouse_description
[0.755s] DEBUG:colcon.colcon_core.event_handler.log_command:Invoked command in '/home/vikram/micromouse_ws/build/micromouse_gazebo' returned '0': CMAKE_PREFIX_PATH=${CMAKE_PREFIX_PATH}:/opt/ros/humble /usr/bin/cmake --build /home/vikram/micromouse_ws/build/micromouse_gazebo -- -j20 -l20
[0.756s] DEBUG:colcon.colcon_core.event_handler.log_command:Invoking command in '/home/vikram/micromouse_ws/build/micromouse_gazebo': CMAKE_PREFIX_PATH=${CMAKE_PREFIX_PATH}:/opt/ros/humble /usr/bin/cmake --install /home/vikram/micromouse_ws/build/micromouse_gazebo
[0.876s] Level 1:colcon.colcon_core.environment:create_environment_scripts_only(micromouse_description)
[0.876s] DEBUG:colcon.colcon_core.event_handler.log_command:Invoked command in '/home/vikram/micromouse_ws/build/micromouse_description' returned '0': CMAKE_PREFIX_PATH=${CMAKE_PREFIX_PATH}:/opt/ros/humble /usr/bin/cmake --install /home/vikram/micromouse_ws/build/micromouse_description
[0.877s] Level 1:colcon.colcon_core.environment:checking '/home/vikram/micromouse_ws/install/micromouse_description' for CMake module files
[0.878s] Level 1:colcon.colcon_core.environment:checking '/home/vikram/micromouse_ws/install/micromouse_description' for CMake config files
[0.878s] Level 1:colcon.colcon_core.shell:create_environment_hook('micromouse_description', 'cmake_prefix_path')
[0.878s] INFO:colcon.colcon_core.shell:Creating environment hook '/home/vikram/micromouse_ws/install/micromouse_description/share/micromouse_description/hook/cmake_prefix_path.ps1'
[0.878s] INFO:colcon.colcon_core.shell:Creating environment descriptor '/home/vikram/micromouse_ws/install/micromouse_description/share/micromouse_description/hook/cmake_prefix_path.dsv'
[0.879s] INFO:colcon.colcon_core.shell:Creating environment hook '/home/vikram/micromouse_ws/install/micromouse_description/share/micromouse_description/hook/cmake_prefix_path.sh'
[0.879s] Level 1:colcon.colcon_core.environment:checking '/home/vikram/micromouse_ws/install/micromouse_description/bin'
[0.879s] Level 1:colcon.colcon_core.environment:checking '/home/vikram/micromouse_ws/install/micromouse_description/lib/pkgconfig/micromouse_description.pc'
[0.879s] Level 1:colcon.colcon_core.environment:checking '/home/vikram/micromouse_ws/install/micromouse_description/lib/python3.10/site-packages'
[0.879s] Level 1:colcon.colcon_core.environment:checking '/home/vikram/micromouse_ws/install/micromouse_description/bin'
[0.880s] INFO:colcon.colcon_core.shell:Creating package script '/home/vikram/micromouse_ws/install/micromouse_description/share/micromouse_description/package.ps1'
[0.880s] INFO:colcon.colcon_core.shell:Creating package descriptor '/home/vikram/micromouse_ws/install/micromouse_description/share/micromouse_description/package.dsv'
[0.880s] INFO:colcon.colcon_core.shell:Creating package script '/home/vikram/micromouse_ws/install/micromouse_description/share/micromouse_description/package.sh'
[0.881s] INFO:colcon.colcon_core.shell:Creating package script '/home/vikram/micromouse_ws/install/micromouse_description/share/micromouse_description/package.bash'
[0.881s] INFO:colcon.colcon_core.shell:Creating package script '/home/vikram/micromouse_ws/install/micromouse_description/share/micromouse_description/package.zsh'
[0.881s] Level 1:colcon.colcon_core.environment:create_file_with_runtime_dependencies(/home/vikram/micromouse_ws/install/micromouse_description/share/colcon-core/packages/micromouse_description)
[0.882s] Level 1:colcon.colcon_core.environment:create_environment_scripts_only(micromouse_description)
[0.882s] Level 1:colcon.colcon_core.environment:checking '/home/vikram/micromouse_ws/install/micromouse_description' for CMake module files
[0.882s] Level 1:colcon.colcon_core.environment:checking '/home/vikram/micromouse_ws/install/micromouse_description' for CMake config files
[0.882s] Level 1:colcon.colcon_core.shell:create_environment_hook('micromouse_description', 'cmake_prefix_path')
[0.882s] INFO:colcon.colcon_core.shell:Creating environment hook '/home/vikram/micromouse_ws/install/micromouse_description/share/micromouse_description/hook/cmake_prefix_path.ps1'
[0.883s] INFO:colcon.colcon_core.shell:Creating environment descriptor '/home/vikram/micromouse_ws/install/micromouse_description/share/micromouse_description/hook/cmake_prefix_path.dsv'
[0.883s] INFO:colcon.colcon_core.shell:Creating environment hook '/home/vikram/micromouse_ws/install/micromouse_description/share/micromouse_description/hook/cmake_prefix_path.sh'
[0.883s] Level 1:colcon.colcon_core.environment:checking '/home/vikram/micromouse_ws/install/micromouse_description/bin'
[0.883s] Level 1:colcon.colcon_core.environment:checking '/home/vikram/micromouse_ws/install/micromouse_description/lib/pkgconfig/micromouse_description.pc'
[0.883s] Level 1:colcon.colcon_core.environment:checking '/home/vikram/micromouse_ws/install/micromouse_description/lib/python3.10/site-packages'
[0.883s] Level 1:colcon.colcon_core.environment:checking '/home/vikram/micromouse_ws/install/micromouse_description/bin'
[0.884s] INFO:colcon.colcon_core.shell:Creating package script '/home/vikram/micromouse_ws/install/micromouse_description/share/micromouse_description/package.ps1'
[0.884s] INFO:colcon.colcon_core.shell:Creating package descriptor '/home/vikram/micromouse_ws/install/micromouse_description/share/micromouse_description/package.dsv'
[0.884s] INFO:colcon.colcon_core.shell:Creating package script '/home/vikram/micromouse_ws/install/micromouse_description/share/micromouse_description/package.sh'
[0.884s] INFO:colcon.colcon_core.shell:Creating package script '/home/vikram/micromouse_ws/install/micromouse_description/share/micromouse_description/package.bash'
[0.885s] INFO:colcon.colcon_core.shell:Creating package script '/home/vikram/micromouse_ws/install/micromouse_description/share/micromouse_description/package.zsh'
[0.885s] Level 1:colcon.colcon_core.environment:create_file_with_runtime_dependencies(/home/vikram/micromouse_ws/install/micromouse_description/share/colcon-core/packages/micromouse_description)
[0.998s] Level 1:colcon.colcon_core.environment:create_environment_scripts_only(micromouse_gazebo)
[0.998s] Level 1:colcon.colcon_core.environment:checking '/home/vikram/micromouse_ws/install/micromouse_gazebo' for CMake module files
[0.998s] DEBUG:colcon.colcon_core.event_handler.log_command:Invoked command in '/home/vikram/micromouse_ws/build/micromouse_gazebo' returned '0': CMAKE_PREFIX_PATH=${CMAKE_PREFIX_PATH}:/opt/ros/humble /usr/bin/cmake --install /home/vikram/micromouse_ws/build/micromouse_gazebo
[0.999s] Level 1:colcon.colcon_core.environment:checking '/home/vikram/micromouse_ws/install/micromouse_gazebo' for CMake config files
[0.999s] Level 1:colcon.colcon_core.shell:create_environment_hook('micromouse_gazebo', 'cmake_prefix_path')
[0.999s] INFO:colcon.colcon_core.shell:Creating environment hook '/home/vikram/micromouse_ws/install/micromouse_gazebo/share/micromouse_gazebo/hook/cmake_prefix_path.ps1'
[1.000s] INFO:colcon.colcon_core.shell:Creating environment descriptor '/home/vikram/micromouse_ws/install/micromouse_gazebo/share/micromouse_gazebo/hook/cmake_prefix_path.dsv'
[1.000s] INFO:colcon.colcon_core.shell:Creating environment hook '/home/vikram/micromouse_ws/install/micromouse_gazebo/share/micromouse_gazebo/hook/cmake_prefix_path.sh'
[1.000s] Level 1:colcon.colcon_core.environment:checking '/home/vikram/micromouse_ws/install/micromouse_gazebo/bin'
[1.000s] Level 1:colcon.colcon_core.environment:checking '/home/vikram/micromouse_ws/install/micromouse_gazebo/lib/pkgconfig/micromouse_gazebo.pc'
[1.000s] Level 1:colcon.colcon_core.environment:checking '/home/vikram/micromouse_ws/install/micromouse_gazebo/lib/python3.10/site-packages'
[1.000s] Level 1:colcon.colcon_core.environment:checking '/home/vikram/micromouse_ws/install/micromouse_gazebo/bin'
[1.001s] INFO:colcon.colcon_core.shell:Creating package script '/home/vikram/micromouse_ws/install/micromouse_gazebo/share/micromouse_gazebo/package.ps1'
[1.001s] INFO:colcon.colcon_core.shell:Creating package descriptor '/home/vikram/micromouse_ws/install/micromouse_gazebo/share/micromouse_gazebo/package.dsv'
[1.001s] INFO:colcon.colcon_core.shell:Creating package script '/home/vikram/micromouse_ws/install/micromouse_gazebo/share/micromouse_gazebo/package.sh'
[1.001s] INFO:colcon.colcon_core.shell:Creating package script '/home/vikram/micromouse_ws/install/micromouse_gazebo/share/micromouse_gazebo/package.bash'
[1.002s] INFO:colcon.colcon_core.shell:Creating package script '/home/vikram/micromouse_ws/install/micromouse_gazebo/share/micromouse_gazebo/package.zsh'
[1.002s] Level 1:colcon.colcon_core.environment:create_file_with_runtime_dependencies(/home/vikram/micromouse_ws/install/micromouse_gazebo/share/colcon-core/packages/micromouse_gazebo)
[1.002s] Level 1:colcon.colcon_core.environment:create_environment_scripts_only(micromouse_gazebo)
[1.002s] Level 1:colcon.colcon_core.environment:checking '/home/vikram/micromouse_ws/install/micromouse_gazebo' for CMake module files
[1.002s] Level 1:colcon.colcon_core.environment:checking '/home/vikram/micromouse_ws/install/micromouse_gazebo' for CMake config files
[1.003s] Level 1:colcon.colcon_core.shell:create_environment_hook('micromouse_gazebo', 'cmake_prefix_path')
[1.003s] INFO:colcon.colcon_core.shell:Creating environment hook '/home/vikram/micromouse_ws/install/micromouse_gazebo/share/micromouse_gazebo/hook/cmake_prefix_path.ps1'
[1.003s] INFO:colcon.colcon_core.shell:Creating environment descriptor '/home/vikram/micromouse_ws/install/micromouse_gazebo/share/micromouse_gazebo/hook/cmake_prefix_path.dsv'
[1.003s] INFO:colcon.colcon_core.shell:Creating environment hook '/home/vikram/micromouse_ws/install/micromouse_gazebo/share/micromouse_gazebo/hook/cmake_prefix_path.sh'
[1.004s] Level 1:colcon.colcon_core.environment:checking '/home/vikram/micromouse_ws/install/micromouse_gazebo/bin'
[1.004s] Level 1:colcon.colcon_core.environment:checking '/home/vikram/micromouse_ws/install/micromouse_gazebo/lib/pkgconfig/micromouse_gazebo.pc'
[1.004s] Level 1:colcon.colcon_core.environment:checking '/home/vikram/micromouse_ws/install/micromouse_gazebo/lib/python3.10/site-packages'
[1.004s] Level 1:colcon.colcon_core.environment:checking '/home/vikram/micromouse_ws/install/micromouse_gazebo/bin'
[1.004s] INFO:colcon.colcon_core.shell:Creating package script '/home/vikram/micromouse_ws/install/micromouse_gazebo/share/micromouse_gazebo/package.ps1'
[1.004s] INFO:colcon.colcon_core.shell:Creating package descriptor '/home/vikram/micromouse_ws/install/micromouse_gazebo/share/micromouse_gazebo/package.dsv'
[1.005s] INFO:colcon.colcon_core.shell:Creating package script '/home/vikram/micromouse_ws/install/micromouse_gazebo/share/micromouse_gazebo/package.sh'
[1.005s] INFO:colcon.colcon_core.shell:Creating package script '/home/vikram/micromouse_ws/install/micromouse_gazebo/share/micromouse_gazebo/package.bash'
[1.005s] INFO:colcon.colcon_core.shell:Creating package script '/home/vikram/micromouse_ws/install/micromouse_gazebo/share/micromouse_gazebo/package.zsh'
[1.005s] Level 1:colcon.colcon_core.environment:create_file_with_runtime_dependencies(/home/vikram/micromouse_ws/install/micromouse_gazebo/share/colcon-core/packages/micromouse_gazebo)
[1.081s] DEBUG:colcon.colcon_core.event_handler.log_command:Invoked command in '/home/vikram/micromouse_ws/build/micromouse_control' returned '0': CMAKE_PREFIX_PATH=${CMAKE_PREFIX_PATH}:/opt/ros/humble /usr/bin/cmake /home/vikram/micromouse_ws/src/micromouse_control -DAMENT_CMAKE_SYMLINK_INSTALL=1 -DCMAKE_INSTALL_PREFIX=/home/vikram/micromouse_ws/install/micromouse_control
[1.081s] DEBUG:colcon.colcon_core.event_handler.log_command:Invoking command in '/home/vikram/micromouse_ws/build/micromouse_control': CMAKE_PREFIX_PATH=${CMAKE_PREFIX_PATH}:/opt/ros/humble /usr/bin/cmake --build /home/vikram/micromouse_ws/build/micromouse_control -- -j20 -l20
[6.231s] DEBUG:colcon.colcon_core.event_handler.log_command:Invoked command in '/home/vikram/micromouse_ws/build/micromouse_control' returned '0': CMAKE_PREFIX_PATH=${CMAKE_PREFIX_PATH}:/opt/ros/humble /usr/bin/cmake --build /home/vikram/micromouse_ws/build/micromouse_control -- -j20 -l20
[6.233s] DEBUG:colcon.colcon_core.event_handler.log_command:Invoking command in '/home/vikram/micromouse_ws/build/micromouse_control': CMAKE_PREFIX_PATH=${CMAKE_PREFIX_PATH}:/opt/ros/humble /usr/bin/cmake --install /home/vikram/micromouse_ws/build/micromouse_control
[6.328s] Level 1:colcon.colcon_core.environment:create_environment_scripts_only(micromouse_control)
[6.329s] Level 1:colcon.colcon_core.environment:checking '/home/vikram/micromouse_ws/install/micromouse_control' for CMake module files
[6.329s] DEBUG:colcon.colcon_core.event_handler.log_command:Invoked command in '/home/vikram/micromouse_ws/build/micromouse_control' returned '0': CMAKE_PREFIX_PATH=${CMAKE_PREFIX_PATH}:/opt/ros/humble /usr/bin/cmake --install /home/vikram/micromouse_ws/build/micromouse_control
[6.330s] Level 1:colcon.colcon_core.environment:checking '/home/vikram/micromouse_ws/install/micromouse_control' for CMake config files
[6.330s] Level 1:colcon.colcon_core.shell:create_environment_hook('micromouse_control', 'cmake_prefix_path')
[6.330s] INFO:colcon.colcon_core.shell:Creating environment hook '/home/vikram/micromouse_ws/install/micromouse_control/share/micromouse_control/hook/cmake_prefix_path.ps1'
[6.330s] INFO:colcon.colcon_core.shell:Creating environment descriptor '/home/vikram/micromouse_ws/install/micromouse_control/share/micromouse_control/hook/cmake_prefix_path.dsv'
[6.331s] INFO:colcon.colcon_core.shell:Creating environment hook '/home/vikram/micromouse_ws/install/micromouse_control/share/micromouse_control/hook/cmake_prefix_path.sh'
[6.331s] Level 1:colcon.colcon_core.environment:checking '/home/vikram/micromouse_ws/install/micromouse_control/lib'
[6.331s] Level 1:colcon.colcon_core.environment:checking '/home/vikram/micromouse_ws/install/micromouse_control/bin'
[6.331s] Level 1:colcon.colcon_core.environment:checking '/home/vikram/micromouse_ws/install/micromouse_control/lib/pkgconfig/micromouse_control.pc'
[6.332s] Level 1:colcon.colcon_core.environment:checking '/home/vikram/micromouse_ws/install/micromouse_control/lib/python3.10/site-packages'
[6.332s] Level 1:colcon.colcon_core.environment:checking '/home/vikram/micromouse_ws/install/micromouse_control/bin'
[6.332s] INFO:colcon.colcon_core.shell:Creating package script '/home/vikram/micromouse_ws/install/micromouse_control/share/micromouse_control/package.ps1'
[6.332s] INFO:colcon.colcon_core.shell:Creating package descriptor '/home/vikram/micromouse_ws/install/micromouse_control/share/micromouse_control/package.dsv'
[6.333s] INFO:colcon.colcon_core.shell:Creating package script '/home/vikram/micromouse_ws/install/micromouse_control/share/micromouse_control/package.sh'
[6.333s] INFO:colcon.colcon_core.shell:Creating package script '/home/vikram/micromouse_ws/install/micromouse_control/share/micromouse_control/package.bash'
[6.333s] INFO:colcon.colcon_core.shell:Creating package script '/home/vikram/micromouse_ws/install/micromouse_control/share/micromouse_control/package.zsh'
[6.334s] Level 1:colcon.colcon_core.environment:create_file_with_runtime_dependencies(/home/vikram/micromouse_ws/install/micromouse_control/share/colcon-core/packages/micromouse_control)
[6.334s] Level 1:colcon.colcon_core.environment:create_environment_scripts_only(micromouse_control)
[6.334s] Level 1:colcon.colcon_core.environment:checking '/home/vikram/micromouse_ws/install/micromouse_control' for CMake module files
[6.334s] Level 1:colcon.colcon_core.environment:checking '/home/vikram/micromouse_ws/install/micromouse_control' for CMake config files
[6.334s] Level 1:colcon.colcon_core.shell:create_environment_hook('micromouse_control', 'cmake_prefix_path')
[6.334s] INFO:colcon.colcon_core.shell:Creating environment hook '/home/vikram/micromouse_ws/install/micromouse_control/share/micromouse_control/hook/cmake_prefix_path.ps1'
[6.335s] INFO:colcon.colcon_core.shell:Creating environment descriptor '/home/vikram/micromouse_ws/install/micromouse_control/share/micromouse_control/hook/cmake_prefix_path.dsv'
[6.335s] INFO:colcon.colcon_core.shell:Creating environment hook '/home/vikram/micromouse_ws/install/micromouse_control/share/micromouse_control/hook/cmake_prefix_path.sh'
[6.335s] Level 1:colcon.colcon_core.environment:checking '/home/vikram/micromouse_ws/install/micromouse_control/lib'
[6.335s] Level 1:colcon.colcon_core.environment:checking '/home/vikram/micromouse_ws/install/micromouse_control/bin'
[6.335s] Level 1:colcon.colcon_core.environment:checking '/home/vikram/micromouse_ws/install/micromouse_control/lib/pkgconfig/micromouse_control.pc'
[6.335s] Level 1:colcon.colcon_core.environment:checking '/home/vikram/micromouse_ws/install/micromouse_control/lib/python3.10/site-packages'
[6.335s] Level 1:colcon.colcon_core.environment:checking '/home/vikram/micromouse_ws/install/micromouse_control/bin'
[6.335s] INFO:colcon.colcon_core.shell:Creating package script '/home/vikram/micromouse_ws/install/micromouse_control/share/micromouse_control/package.ps1'
[6.336s] INFO:colcon.colcon_core.shell:Creating package descriptor '/home/vikram/micromouse_ws/install/micromouse_control/share/micromouse_control/package.dsv'
[6.336s] INFO:colcon.colcon_core.shell:Creating package script '/home/vikram/micromouse_ws/install/micromouse_control/share/micromouse_control/package.sh'
[6.336s] INFO:colcon.colcon_core.shell:Creating package script '/home/vikram/micromouse_ws/install/micromouse_control/share/micromouse_control/package.bash'
[6.336s] INFO:colcon.colcon_core.shell:Creating package script '/home/vikram/micromouse_ws/install/micromouse_control/share/micromouse_control/package.zsh'
[6.336s] Level 1:colcon.colcon_core.environment:create_file_with_runtime_dependencies(/home/vikram/micromouse_ws/install/micromouse_control/share/colcon-core/packages/micromouse_control)
[6.336s] DEBUG:colcon.colcon_parallel_executor.executor.parallel:closing loop
[6.337s] DEBUG:colcon.colcon_parallel_executor.executor.parallel:loop closed
[6.337s] DEBUG:colcon.colcon_parallel_executor.executor.parallel:run_until_complete finished with '0'
[6.337s] DEBUG:colcon.colcon_core.event_reactor:joining thread
[6.339s] INFO:colcon.colcon_core.plugin_system:Skipping extension 'colcon_notification.desktop_notification.terminal_notifier': Not used on non-Darwin systems
[6.339s] INFO:colcon.colcon_core.plugin_system:Skipping extension 'colcon_notification.desktop_notification.win32': Not used on non-Windows systems
[6.340s] INFO:colcon.colcon_notification.desktop_notification:Sending desktop notification using 'notify2'
[6.348s] DEBUG:colcon.colcon_core.event_reactor:joined thread
[6.348s] INFO:colcon.colcon_core.shell:Creating prefix script '/home/vikram/micromouse_ws/install/local_setup.ps1'
[6.348s] INFO:colcon.colcon_core.shell:Creating prefix util module '/home/vikram/micromouse_ws/install/_local_setup_util_ps1.py'
[6.349s] INFO:colcon.colcon_core.shell:Creating prefix chain script '/home/vikram/micromouse_ws/install/setup.ps1'
[6.350s] INFO:colcon.colcon_core.shell:Creating prefix script '/home/vikram/micromouse_ws/install/local_setup.sh'
[6.350s] INFO:colcon.colcon_core.shell:Creating prefix util module '/home/vikram/micromouse_ws/install/_local_setup_util_sh.py'
[6.350s] INFO:colcon.colcon_core.shell:Creating prefix chain script '/home/vikram/micromouse_ws/install/setup.sh'
[6.351s] INFO:colcon.colcon_core.shell:Creating prefix script '/home/vikram/micromouse_ws/install/local_setup.bash'
[6.351s] INFO:colcon.colcon_core.shell:Creating prefix chain script '/home/vikram/micromouse_ws/install/setup.bash'
[6.352s] INFO:colcon.colcon_core.shell:Creating prefix script '/home/vikram/micromouse_ws/install/local_setup.zsh'
[6.352s] INFO:colcon.colcon_core.shell:Creating prefix chain script '/home/vikram/micromouse_ws/install/setup.zsh'
