[35m[1mConsolidate compiler generated dependencies of target micromouse_node[0m
[ 50%] [32mBuilding CXX object CMakeFiles/micromouse_node.dir/src/micromouse_node.cpp.o[0m
[100%] [32m[1mLinking CXX executable micromouse_node[0m
[100%] Built target micromouse_node
-- Install configuration: ""
-- Execute custom install script
-- Up-to-date symlink: /home/vikram/micromouse_ws/install/micromouse_control/share/ament_index/resource_index/package_run_dependencies/micromouse_control
-- Up-to-date symlink: /home/vikram/micromouse_ws/install/micromouse_control/share/ament_index/resource_index/parent_prefix_path/micromouse_control
-- Up-to-date symlink: /home/vikram/micromouse_ws/install/micromouse_control/share/micromouse_control/environment/ament_prefix_path.sh
-- Up-to-date symlink: /home/vikram/micromouse_ws/install/micromouse_control/share/micromouse_control/environment/ament_prefix_path.dsv
-- Up-to-date symlink: /home/vikram/micromouse_ws/install/micromouse_control/share/micromouse_control/environment/path.sh
-- Up-to-date symlink: /home/vikram/micromouse_ws/install/micromouse_control/share/micromouse_control/environment/path.dsv
-- Up-to-date symlink: /home/vikram/micromouse_ws/install/micromouse_control/share/micromouse_control/local_setup.bash
-- Up-to-date symlink: /home/vikram/micromouse_ws/install/micromouse_control/share/micromouse_control/local_setup.sh
-- Up-to-date symlink: /home/vikram/micromouse_ws/install/micromouse_control/share/micromouse_control/local_setup.zsh
-- Up-to-date symlink: /home/vikram/micromouse_ws/install/micromouse_control/share/micromouse_control/local_setup.dsv
-- Symlinking: /home/vikram/micromouse_ws/install/micromouse_control/share/micromouse_control/package.dsv
-- Up-to-date symlink: /home/vikram/micromouse_ws/install/micromouse_control/share/ament_index/resource_index/packages/micromouse_control
-- Up-to-date symlink: /home/vikram/micromouse_ws/install/micromouse_control/share/micromouse_control/cmake/micromouse_controlConfig.cmake
-- Up-to-date symlink: /home/vikram/micromouse_ws/install/micromouse_control/share/micromouse_control/cmake/micromouse_controlConfig-version.cmake
-- Up-to-date symlink: /home/vikram/micromouse_ws/install/micromouse_control/share/micromouse_control/package.xml
-- Symlinking: /home/vikram/micromouse_ws/install/micromouse_control/lib/micromouse_control/micromouse_node
