[0.008s] Invoking command in '/home/vikram/micromouse_ws/build/micromouse_control': CMAKE_PREFIX_PATH=${CMAKE_PREFIX_PATH}:/opt/ros/humble /usr/bin/cmake --build /home/vikram/micromouse_ws/build/micromouse_control -- -j20 -l20
[0.038s] [35m[1mConsolidate compiler generated dependencies of target micromouse_node[0m
[0.049s] [ 50%] [32mBuilding CXX object CMakeFiles/micromouse_node.dir/src/micromouse_node.cpp.o[0m
[4.971s] [100%] [32m[1mLinking CXX executable micromouse_node[0m
[5.253s] [100%] Built target micromouse_node
[5.262s] Invoked command in '/home/vikram/micromouse_ws/build/micromouse_control' returned '0': CMAKE_PREFIX_PATH=${CMAKE_PREFIX_PATH}:/opt/ros/humble /usr/bin/cmake --build /home/vikram/micromouse_ws/build/micromouse_control -- -j20 -l20
[5.268s] Invoking command in '/home/vikram/micromouse_ws/build/micromouse_control': CMAKE_PREFIX_PATH=${CMAKE_PREFIX_PATH}:/opt/ros/humble /usr/bin/cmake --install /home/vikram/micromouse_ws/build/micromouse_control
[5.273s] -- Install configuration: ""
[5.273s] -- Execute custom install script
[5.274s] -- Up-to-date symlink: /home/vikram/micromouse_ws/install/micromouse_control/share/ament_index/resource_index/package_run_dependencies/micromouse_control
[5.274s] -- Up-to-date symlink: /home/vikram/micromouse_ws/install/micromouse_control/share/ament_index/resource_index/parent_prefix_path/micromouse_control
[5.274s] -- Up-to-date symlink: /home/vikram/micromouse_ws/install/micromouse_control/share/micromouse_control/environment/ament_prefix_path.sh
[5.274s] -- Up-to-date symlink: /home/vikram/micromouse_ws/install/micromouse_control/share/micromouse_control/environment/ament_prefix_path.dsv
[5.274s] -- Up-to-date symlink: /home/vikram/micromouse_ws/install/micromouse_control/share/micromouse_control/environment/path.sh
[5.274s] -- Up-to-date symlink: /home/vikram/micromouse_ws/install/micromouse_control/share/micromouse_control/environment/path.dsv
[5.274s] -- Up-to-date symlink: /home/vikram/micromouse_ws/install/micromouse_control/share/micromouse_control/local_setup.bash
[5.274s] -- Up-to-date symlink: /home/vikram/micromouse_ws/install/micromouse_control/share/micromouse_control/local_setup.sh
[5.274s] -- Up-to-date symlink: /home/vikram/micromouse_ws/install/micromouse_control/share/micromouse_control/local_setup.zsh
[5.275s] -- Up-to-date symlink: /home/vikram/micromouse_ws/install/micromouse_control/share/micromouse_control/local_setup.dsv
[5.275s] -- Symlinking: /home/vikram/micromouse_ws/install/micromouse_control/share/micromouse_control/package.dsv
[5.281s] -- Up-to-date symlink: /home/vikram/micromouse_ws/install/micromouse_control/share/ament_index/resource_index/packages/micromouse_control
[5.281s] -- Up-to-date symlink: /home/vikram/micromouse_ws/install/micromouse_control/share/micromouse_control/cmake/micromouse_controlConfig.cmake
[5.281s] -- Up-to-date symlink: /home/vikram/micromouse_ws/install/micromouse_control/share/micromouse_control/cmake/micromouse_controlConfig-version.cmake
[5.281s] -- Up-to-date symlink: /home/vikram/micromouse_ws/install/micromouse_control/share/micromouse_control/package.xml
[5.281s] -- Symlinking: /home/vikram/micromouse_ws/install/micromouse_control/lib/micromouse_control/micromouse_node
[5.287s] Invoked command in '/home/vikram/micromouse_ws/build/micromouse_control' returned '0': CMAKE_PREFIX_PATH=${CMAKE_PREFIX_PATH}:/opt/ros/humble /usr/bin/cmake --install /home/vikram/micromouse_ws/build/micromouse_control
