[0.009s] Invoking command in '/home/vikram/micromouse_ws/build/micromouse_gazebo': CMAKE_PREFIX_PATH=${CMAKE_PREFIX_PATH}:/opt/ros/humble /usr/bin/cmake --build /home/vikram/micromouse_ws/build/micromouse_gazebo -- -j20 -l20
[0.039s] Invoked command in '/home/vikram/micromouse_ws/build/micromouse_gazebo' returned '0': CMAKE_PREFIX_PATH=${CMAKE_PREFIX_PATH}:/opt/ros/humble /usr/bin/cmake --build /home/vikram/micromouse_ws/build/micromouse_gazebo -- -j20 -l20
[0.040s] Invoking command in '/home/vikram/micromouse_ws/build/micromouse_gazebo': CMAKE_PREFIX_PATH=${CMAKE_PREFIX_PATH}:/opt/ros/humble /usr/bin/cmake --install /home/vikram/micromouse_ws/build/micromouse_gazebo
[0.044s] -- Install configuration: ""
[0.045s] -- Execute custom install script
[0.045s] [33mCMake Warning (dev) at ament_cmake_symlink_install/ament_cmake_symlink_install.cmake:62 (file):
[0.045s]   Policy CMP0009 is not set: FILE GLOB_RECURSE calls should not follow
[0.045s]   symlinks by default.  Run "cmake --help-policy CMP0009" for policy details.
[0.046s]   Use the cmake_policy command to set the policy and suppress this warning.
[0.046s] Call Stack (most recent call first):
[0.046s]   ament_cmake_symlink_install/ament_cmake_symlink_install.cmake:314 (ament_cmake_symlink_install_directory)
[0.046s]   cmake_install.cmake:46 (include)
[0.046s] This warning is for project developers.  Use -Wno-dev to suppress it.
[0.046s] [0m
[0.046s] -- Up-to-date symlink: /home/vikram/micromouse_ws/install/micromouse_gazebo/share/micromouse_gazebo//launch/build/.built_by
[0.046s] -- Up-to-date symlink: /home/vikram/micromouse_ws/install/micromouse_gazebo/share/micromouse_gazebo//launch/build/COLCON_IGNORE
[0.046s] -- Up-to-date symlink: /home/vikram/micromouse_ws/install/micromouse_gazebo/share/micromouse_gazebo//launch/install/.colcon_install_layout
[0.046s] -- Up-to-date symlink: /home/vikram/micromouse_ws/install/micromouse_gazebo/share/micromouse_gazebo//launch/install/COLCON_IGNORE
[0.046s] -- Up-to-date symlink: /home/vikram/micromouse_ws/install/micromouse_gazebo/share/micromouse_gazebo//launch/install/_local_setup_util_ps1.py
[0.046s] -- Up-to-date symlink: /home/vikram/micromouse_ws/install/micromouse_gazebo/share/micromouse_gazebo//launch/install/_local_setup_util_sh.py
[0.046s] -- Up-to-date symlink: /home/vikram/micromouse_ws/install/micromouse_gazebo/share/micromouse_gazebo//launch/install/local_setup.bash
[0.046s] -- Up-to-date symlink: /home/vikram/micromouse_ws/install/micromouse_gazebo/share/micromouse_gazebo//launch/install/local_setup.ps1
[0.046s] -- Up-to-date symlink: /home/vikram/micromouse_ws/install/micromouse_gazebo/share/micromouse_gazebo//launch/install/local_setup.sh
[0.047s] -- Up-to-date symlink: /home/vikram/micromouse_ws/install/micromouse_gazebo/share/micromouse_gazebo//launch/install/local_setup.zsh
[0.047s] -- Up-to-date symlink: /home/vikram/micromouse_ws/install/micromouse_gazebo/share/micromouse_gazebo//launch/install/setup.bash
[0.047s] -- Up-to-date symlink: /home/vikram/micromouse_ws/install/micromouse_gazebo/share/micromouse_gazebo//launch/install/setup.ps1
[0.047s] -- Up-to-date symlink: /home/vikram/micromouse_ws/install/micromouse_gazebo/share/micromouse_gazebo//launch/install/setup.sh
[0.047s] -- Up-to-date symlink: /home/vikram/micromouse_ws/install/micromouse_gazebo/share/micromouse_gazebo//launch/install/setup.zsh
[0.047s] -- Up-to-date symlink: /home/vikram/micromouse_ws/install/micromouse_gazebo/share/micromouse_gazebo//launch/log/COLCON_IGNORE
[0.047s] -- Up-to-date symlink: /home/vikram/micromouse_ws/install/micromouse_gazebo/share/micromouse_gazebo//launch/log/build_2025-10-14_18-19-51/events.log
[0.047s] -- Up-to-date symlink: /home/vikram/micromouse_ws/install/micromouse_gazebo/share/micromouse_gazebo//launch/log/build_2025-10-14_18-19-51/logger_all.log
[0.047s] -- Up-to-date symlink: /home/vikram/micromouse_ws/install/micromouse_gazebo/share/micromouse_gazebo//launch/log/latest/events.log
[0.047s] -- Up-to-date symlink: /home/vikram/micromouse_ws/install/micromouse_gazebo/share/micromouse_gazebo//launch/log/latest/logger_all.log
[0.047s] -- Up-to-date symlink: /home/vikram/micromouse_ws/install/micromouse_gazebo/share/micromouse_gazebo//launch/log/latest_build/events.log
[0.047s] -- Up-to-date symlink: /home/vikram/micromouse_ws/install/micromouse_gazebo/share/micromouse_gazebo//launch/log/latest_build/logger_all.log
[0.047s] -- Up-to-date symlink: /home/vikram/micromouse_ws/install/micromouse_gazebo/share/micromouse_gazebo//launch/micromouse.launch.py
[0.047s] -- Up-to-date symlink: /home/vikram/micromouse_ws/install/micromouse_gazebo/share/micromouse_gazebo//worlds/maze.world
[0.047s] -- Up-to-date symlink: /home/vikram/micromouse_ws/install/micromouse_gazebo/share/ament_index/resource_index/package_run_dependencies/micromouse_gazebo
[0.048s] -- Up-to-date symlink: /home/vikram/micromouse_ws/install/micromouse_gazebo/share/ament_index/resource_index/parent_prefix_path/micromouse_gazebo
[0.048s] -- Up-to-date symlink: /home/vikram/micromouse_ws/install/micromouse_gazebo/share/micromouse_gazebo/environment/ament_prefix_path.sh
[0.048s] -- Up-to-date symlink: /home/vikram/micromouse_ws/install/micromouse_gazebo/share/micromouse_gazebo/environment/ament_prefix_path.dsv
[0.048s] -- Up-to-date symlink: /home/vikram/micromouse_ws/install/micromouse_gazebo/share/micromouse_gazebo/environment/path.sh
[0.048s] -- Up-to-date symlink: /home/vikram/micromouse_ws/install/micromouse_gazebo/share/micromouse_gazebo/environment/path.dsv
[0.048s] -- Up-to-date symlink: /home/vikram/micromouse_ws/install/micromouse_gazebo/share/micromouse_gazebo/local_setup.bash
[0.048s] -- Up-to-date symlink: /home/vikram/micromouse_ws/install/micromouse_gazebo/share/micromouse_gazebo/local_setup.sh
[0.048s] -- Up-to-date symlink: /home/vikram/micromouse_ws/install/micromouse_gazebo/share/micromouse_gazebo/local_setup.zsh
[0.048s] -- Up-to-date symlink: /home/vikram/micromouse_ws/install/micromouse_gazebo/share/micromouse_gazebo/local_setup.dsv
[0.048s] -- Symlinking: /home/vikram/micromouse_ws/install/micromouse_gazebo/share/micromouse_gazebo/package.dsv
[0.052s] -- Up-to-date symlink: /home/vikram/micromouse_ws/install/micromouse_gazebo/share/ament_index/resource_index/packages/micromouse_gazebo
[0.052s] -- Up-to-date symlink: /home/vikram/micromouse_ws/install/micromouse_gazebo/share/micromouse_gazebo/cmake/micromouse_gazeboConfig.cmake
[0.052s] -- Up-to-date symlink: /home/vikram/micromouse_ws/install/micromouse_gazebo/share/micromouse_gazebo/cmake/micromouse_gazeboConfig-version.cmake
[0.053s] -- Up-to-date symlink: /home/vikram/micromouse_ws/install/micromouse_gazebo/share/micromouse_gazebo/package.xml
[0.066s] Invoked command in '/home/vikram/micromouse_ws/build/micromouse_gazebo' returned '0': CMAKE_PREFIX_PATH=${CMAKE_PREFIX_PATH}:/opt/ros/humble /usr/bin/cmake --install /home/vikram/micromouse_ws/build/micromouse_gazebo
