[0.007s] Invoking command in '/home/vikram/micromouse_ws/build/micromouse_gazebo': CMAKE_PREFIX_PATH=${CMAKE_PREFIX_PATH}:/opt/ros/humble /usr/bin/cmake /home/vikram/micromouse_ws/src/micromouse_gazebo -DAMENT_CMAKE_SYMLINK_INSTALL=1 -DCMAKE_INSTALL_PREFIX=/home/vikram/micromouse_ws/install/micromouse_gazebo
[0.043s] -- The C compiler identification is GNU 11.4.0
[0.080s] -- The CXX compiler identification is GNU 11.4.0
[0.084s] -- Detecting C compiler ABI info
[0.135s] -- Detecting C compiler ABI info - done
[0.142s] -- Check for working C compiler: /usr/bin/cc - skipped
[0.142s] -- Detecting C compile features
[0.143s] -- Detecting C compile features - done
[0.146s] -- Detecting CXX compiler ABI info
[0.205s] -- Detecting CXX compiler ABI info - done
[0.210s] -- Check for working CXX compiler: /usr/bin/c++ - skipped
[0.210s] -- Detecting CXX compile features
[0.211s] -- Detecting CXX compile features - done
[0.212s] -- Found ament_cmake: 1.3.12 (/opt/ros/humble/share/ament_cmake/cmake)
[0.344s] -- Found Python3: /usr/bin/python3 (found version "3.10.12") found components: Interpreter 
[0.407s] -- Override CMake install command with custom implementation using symlinks instead of copying resources
[0.482s] -- Configuring done
[0.485s] -- Generating done
[0.487s] -- Build files have been written to: /home/vikram/micromouse_ws/build/micromouse_gazebo
[0.493s] Invoked command in '/home/vikram/micromouse_ws/build/micromouse_gazebo' returned '0': CMAKE_PREFIX_PATH=${CMAKE_PREFIX_PATH}:/opt/ros/humble /usr/bin/cmake /home/vikram/micromouse_ws/src/micromouse_gazebo -DAMENT_CMAKE_SYMLINK_INSTALL=1 -DCMAKE_INSTALL_PREFIX=/home/vikram/micromouse_ws/install/micromouse_gazebo
[0.495s] Invoking command in '/home/vikram/micromouse_ws/build/micromouse_gazebo': CMAKE_PREFIX_PATH=${CMAKE_PREFIX_PATH}:/opt/ros/humble /usr/bin/cmake --build /home/vikram/micromouse_ws/build/micromouse_gazebo -- -j20 -l20
[0.538s] Invoked command in '/home/vikram/micromouse_ws/build/micromouse_gazebo' returned '0': CMAKE_PREFIX_PATH=${CMAKE_PREFIX_PATH}:/opt/ros/humble /usr/bin/cmake --build /home/vikram/micromouse_ws/build/micromouse_gazebo -- -j20 -l20
[0.539s] Invoking command in '/home/vikram/micromouse_ws/build/micromouse_gazebo': CMAKE_PREFIX_PATH=${CMAKE_PREFIX_PATH}:/opt/ros/humble /usr/bin/cmake --install /home/vikram/micromouse_ws/build/micromouse_gazebo
[0.546s] -- Install configuration: ""
[0.546s] -- Execute custom install script
[0.547s] [33mCMake Warning (dev) at ament_cmake_symlink_install/ament_cmake_symlink_install.cmake:62 (file):
[0.547s]   Policy CMP0009 is not set: FILE GLOB_RECURSE calls should not follow
[0.547s]   symlinks by default.  Run "cmake --help-policy CMP0009" for policy details.
[0.547s]   Use the cmake_policy command to set the policy and suppress this warning.
[0.547s] Call Stack (most recent call first):
[0.547s]   ament_cmake_symlink_install/ament_cmake_symlink_install.cmake:314 (ament_cmake_symlink_install_directory)
[0.547s]   cmake_install.cmake:46 (include)
[0.547s] This warning is for project developers.  Use -Wno-dev to suppress it.
[0.547s] [0m
[0.547s] -- Symlinking: /home/vikram/micromouse_ws/install/micromouse_gazebo/share/micromouse_gazebo//launch/build/.built_by
[0.555s] -- Symlinking: /home/vikram/micromouse_ws/install/micromouse_gazebo/share/micromouse_gazebo//launch/build/COLCON_IGNORE
[0.561s] -- Symlinking: /home/vikram/micromouse_ws/install/micromouse_gazebo/share/micromouse_gazebo//launch/install/.colcon_install_layout
[0.567s] -- Symlinking: /home/vikram/micromouse_ws/install/micromouse_gazebo/share/micromouse_gazebo//launch/install/COLCON_IGNORE
[0.573s] -- Symlinking: /home/vikram/micromouse_ws/install/micromouse_gazebo/share/micromouse_gazebo//launch/install/_local_setup_util_ps1.py
[0.578s] -- Symlinking: /home/vikram/micromouse_ws/install/micromouse_gazebo/share/micromouse_gazebo//launch/install/_local_setup_util_sh.py
[0.585s] -- Symlinking: /home/vikram/micromouse_ws/install/micromouse_gazebo/share/micromouse_gazebo//launch/install/local_setup.bash
[0.592s] -- Symlinking: /home/vikram/micromouse_ws/install/micromouse_gazebo/share/micromouse_gazebo//launch/install/local_setup.ps1
[0.596s] -- Symlinking: /home/vikram/micromouse_ws/install/micromouse_gazebo/share/micromouse_gazebo//launch/install/local_setup.sh
[0.601s] -- Symlinking: /home/vikram/micromouse_ws/install/micromouse_gazebo/share/micromouse_gazebo//launch/install/local_setup.zsh
[0.607s] -- Symlinking: /home/vikram/micromouse_ws/install/micromouse_gazebo/share/micromouse_gazebo//launch/install/setup.bash
[0.613s] -- Symlinking: /home/vikram/micromouse_ws/install/micromouse_gazebo/share/micromouse_gazebo//launch/install/setup.ps1
[0.620s] -- Symlinking: /home/vikram/micromouse_ws/install/micromouse_gazebo/share/micromouse_gazebo//launch/install/setup.sh
[0.626s] -- Symlinking: /home/vikram/micromouse_ws/install/micromouse_gazebo/share/micromouse_gazebo//launch/install/setup.zsh
[0.636s] -- Symlinking: /home/vikram/micromouse_ws/install/micromouse_gazebo/share/micromouse_gazebo//launch/log/COLCON_IGNORE
[0.642s] -- Symlinking: /home/vikram/micromouse_ws/install/micromouse_gazebo/share/micromouse_gazebo//launch/log/build_2025-10-14_18-19-51/events.log
[0.650s] -- Symlinking: /home/vikram/micromouse_ws/install/micromouse_gazebo/share/micromouse_gazebo//launch/log/build_2025-10-14_18-19-51/logger_all.log
[0.658s] -- Symlinking: /home/vikram/micromouse_ws/install/micromouse_gazebo/share/micromouse_gazebo//launch/log/latest/events.log
[0.664s] -- Symlinking: /home/vikram/micromouse_ws/install/micromouse_gazebo/share/micromouse_gazebo//launch/log/latest/logger_all.log
[0.670s] -- Symlinking: /home/vikram/micromouse_ws/install/micromouse_gazebo/share/micromouse_gazebo//launch/log/latest_build/events.log
[0.676s] -- Symlinking: /home/vikram/micromouse_ws/install/micromouse_gazebo/share/micromouse_gazebo//launch/log/latest_build/logger_all.log
[0.681s] -- Symlinking: /home/vikram/micromouse_ws/install/micromouse_gazebo/share/micromouse_gazebo//launch/micromouse.launch.py
[0.688s] -- Symlinking: /home/vikram/micromouse_ws/install/micromouse_gazebo/share/micromouse_gazebo//worlds/maze.world
[0.694s] -- Symlinking: /home/vikram/micromouse_ws/install/micromouse_gazebo/share/ament_index/resource_index/package_run_dependencies/micromouse_gazebo
[0.700s] -- Symlinking: /home/vikram/micromouse_ws/install/micromouse_gazebo/share/ament_index/resource_index/parent_prefix_path/micromouse_gazebo
[0.705s] -- Symlinking: /home/vikram/micromouse_ws/install/micromouse_gazebo/share/micromouse_gazebo/environment/ament_prefix_path.sh
[0.712s] -- Symlinking: /home/vikram/micromouse_ws/install/micromouse_gazebo/share/micromouse_gazebo/environment/ament_prefix_path.dsv
[0.718s] -- Symlinking: /home/vikram/micromouse_ws/install/micromouse_gazebo/share/micromouse_gazebo/environment/path.sh
[0.723s] -- Symlinking: /home/vikram/micromouse_ws/install/micromouse_gazebo/share/micromouse_gazebo/environment/path.dsv
[0.728s] -- Symlinking: /home/vikram/micromouse_ws/install/micromouse_gazebo/share/micromouse_gazebo/local_setup.bash
[0.734s] -- Symlinking: /home/vikram/micromouse_ws/install/micromouse_gazebo/share/micromouse_gazebo/local_setup.sh
[0.741s] -- Symlinking: /home/vikram/micromouse_ws/install/micromouse_gazebo/share/micromouse_gazebo/local_setup.zsh
[0.746s] -- Symlinking: /home/vikram/micromouse_ws/install/micromouse_gazebo/share/micromouse_gazebo/local_setup.dsv
[0.752s] -- Symlinking: /home/vikram/micromouse_ws/install/micromouse_gazebo/share/micromouse_gazebo/package.dsv
[0.758s] -- Symlinking: /home/vikram/micromouse_ws/install/micromouse_gazebo/share/ament_index/resource_index/packages/micromouse_gazebo
[0.763s] -- Symlinking: /home/vikram/micromouse_ws/install/micromouse_gazebo/share/micromouse_gazebo/cmake/micromouse_gazeboConfig.cmake
[0.768s] -- Symlinking: /home/vikram/micromouse_ws/install/micromouse_gazebo/share/micromouse_gazebo/cmake/micromouse_gazeboConfig-version.cmake
[0.774s] -- Symlinking: /home/vikram/micromouse_ws/install/micromouse_gazebo/share/micromouse_gazebo/package.xml
[0.781s] Invoked command in '/home/vikram/micromouse_ws/build/micromouse_gazebo' returned '0': CMAKE_PREFIX_PATH=${CMAKE_PREFIX_PATH}:/opt/ros/humble /usr/bin/cmake --install /home/vikram/micromouse_ws/build/micromouse_gazebo
