[0.009s] Invoking command in '/home/vikram/micromouse_ws/build/micromouse_control': CMAKE_PREFIX_PATH=/opt/ros/humble /usr/bin/cmake --build /home/vikram/micromouse_ws/build/micromouse_control -- -j20 -l20
[0.036s] Invoked command in '/home/vikram/micromouse_ws/build/micromouse_control' returned '0': CMAKE_PREFIX_PATH=/opt/ros/humble /usr/bin/cmake --build /home/vikram/micromouse_ws/build/micromouse_control -- -j20 -l20
[0.045s] Invoking command in '/home/vikram/micromouse_ws/build/micromouse_control': CMAKE_PREFIX_PATH=/opt/ros/humble /usr/bin/cmake --install /home/vikram/micromouse_ws/build/micromouse_control
[0.050s] -- Install configuration: ""
[0.050s] -- Up-to-date: /home/vikram/micromouse_ws/install/micromouse_control/share/ament_index/resource_index/package_run_dependencies/micromouse_control
[0.050s] -- Up-to-date: /home/vikram/micromouse_ws/install/micromouse_control/share/ament_index/resource_index/parent_prefix_path/micromouse_control
[0.050s] -- Up-to-date: /home/vikram/micromouse_ws/install/micromouse_control/share/micromouse_control/environment/ament_prefix_path.sh
[0.050s] -- Up-to-date: /home/vikram/micromouse_ws/install/micromouse_control/share/micromouse_control/environment/ament_prefix_path.dsv
[0.050s] -- Up-to-date: /home/vikram/micromouse_ws/install/micromouse_control/share/micromouse_control/environment/path.sh
[0.050s] -- Up-to-date: /home/vikram/micromouse_ws/install/micromouse_control/share/micromouse_control/environment/path.dsv
[0.050s] -- Up-to-date: /home/vikram/micromouse_ws/install/micromouse_control/share/micromouse_control/local_setup.bash
[0.050s] -- Up-to-date: /home/vikram/micromouse_ws/install/micromouse_control/share/micromouse_control/local_setup.sh
[0.050s] -- Up-to-date: /home/vikram/micromouse_ws/install/micromouse_control/share/micromouse_control/local_setup.zsh
[0.050s] -- Up-to-date: /home/vikram/micromouse_ws/install/micromouse_control/share/micromouse_control/local_setup.dsv
[0.051s] -- Up-to-date: /home/vikram/micromouse_ws/install/micromouse_control/share/micromouse_control/package.dsv
[0.051s] -- Up-to-date: /home/vikram/micromouse_ws/install/micromouse_control/share/ament_index/resource_index/packages/micromouse_control
[0.051s] -- Up-to-date: /home/vikram/micromouse_ws/install/micromouse_control/share/micromouse_control/cmake/micromouse_controlConfig.cmake
[0.051s] -- Up-to-date: /home/vikram/micromouse_ws/install/micromouse_control/share/micromouse_control/cmake/micromouse_controlConfig-version.cmake
[0.051s] -- Up-to-date: /home/vikram/micromouse_ws/install/micromouse_control/share/micromouse_control/package.xml
[0.054s] Invoked command in '/home/vikram/micromouse_ws/build/micromouse_control' returned '0': CMAKE_PREFIX_PATH=/opt/ros/humble /usr/bin/cmake --install /home/vikram/micromouse_ws/build/micromouse_control
