[0.010s] Invoking command in '/home/vikram/micromouse_ws/build/micromouse_gazebo': CMAKE_PREFIX_PATH=${CMAKE_PREFIX_PATH}:/opt/ros/humble /usr/bin/cmake /home/vikram/micromouse_ws/src/micromouse_gazebo -DAMENT_CMAKE_SYMLINK_INSTALL=1 -DCMAKE_INSTALL_PREFIX=/home/vikram/micromouse_ws/install/micromouse_gazebo
[0.018s] -- Found ament_cmake: 1.3.12 (/opt/ros/humble/share/ament_cmake/cmake)
[0.104s] -- Override CMake install command with custom implementation using symlinks instead of copying resources
[0.148s] -- Configuring done
[0.150s] -- Generating done
[0.151s] -- Build files have been written to: /home/vikram/micromouse_ws/build/micromouse_gazebo
[0.153s] Invoked command in '/home/vikram/micromouse_ws/build/micromouse_gazebo' returned '0': CMAKE_PREFIX_PATH=${CMAKE_PREFIX_PATH}:/opt/ros/humble /usr/bin/cmake /home/vikram/micromouse_ws/src/micromouse_gazebo -DAMENT_CMAKE_SYMLINK_INSTALL=1 -DCMAKE_INSTALL_PREFIX=/home/vikram/micromouse_ws/install/micromouse_gazebo
[0.154s] Invoking command in '/home/vikram/micromouse_ws/build/micromouse_gazebo': CMAKE_PREFIX_PATH=${CMAKE_PREFIX_PATH}:/opt/ros/humble /usr/bin/cmake --build /home/vikram/micromouse_ws/build/micromouse_gazebo -- -j20 -l20
[0.184s] Invoked command in '/home/vikram/micromouse_ws/build/micromouse_gazebo' returned '0': CMAKE_PREFIX_PATH=${CMAKE_PREFIX_PATH}:/opt/ros/humble /usr/bin/cmake --build /home/vikram/micromouse_ws/build/micromouse_gazebo -- -j20 -l20
[0.185s] Invoking command in '/home/vikram/micromouse_ws/build/micromouse_gazebo': CMAKE_PREFIX_PATH=${CMAKE_PREFIX_PATH}:/opt/ros/humble /usr/bin/cmake --install /home/vikram/micromouse_ws/build/micromouse_gazebo
[0.190s] -- Install configuration: ""
[0.190s] -- Execute custom install script
[0.190s] [33mCMake Warning (dev) at ament_cmake_symlink_install/ament_cmake_symlink_install.cmake:62 (file):
[0.190s]   Policy CMP0009 is not set: FILE GLOB_RECURSE calls should not follow
[0.190s]   symlinks by default.  Run "cmake --help-policy CMP0009" for policy details.
[0.190s]   Use the cmake_policy command to set the policy and suppress this warning.
[0.190s] Call Stack (most recent call first):
[0.191s]   ament_cmake_symlink_install/ament_cmake_symlink_install.cmake:314 (ament_cmake_symlink_install_directory)
[0.191s]   cmake_install.cmake:46 (include)
[0.191s] This warning is for project developers.  Use -Wno-dev to suppress it.
[0.191s] [0m
[0.191s] -- Symlinking: /home/vikram/micromouse_ws/install/micromouse_gazebo/share/micromouse_gazebo//launch/build/.built_by
[0.197s] -- Symlinking: /home/vikram/micromouse_ws/install/micromouse_gazebo/share/micromouse_gazebo//launch/build/COLCON_IGNORE
[0.202s] -- Symlinking: /home/vikram/micromouse_ws/install/micromouse_gazebo/share/micromouse_gazebo//launch/install/.colcon_install_layout
[0.207s] -- Symlinking: /home/vikram/micromouse_ws/install/micromouse_gazebo/share/micromouse_gazebo//launch/install/COLCON_IGNORE
[0.211s] -- Symlinking: /home/vikram/micromouse_ws/install/micromouse_gazebo/share/micromouse_gazebo//launch/install/_local_setup_util_ps1.py
[0.218s] -- Symlinking: /home/vikram/micromouse_ws/install/micromouse_gazebo/share/micromouse_gazebo//launch/install/_local_setup_util_sh.py
[0.224s] -- Symlinking: /home/vikram/micromouse_ws/install/micromouse_gazebo/share/micromouse_gazebo//launch/install/local_setup.bash
[0.229s] -- Symlinking: /home/vikram/micromouse_ws/install/micromouse_gazebo/share/micromouse_gazebo//launch/install/local_setup.ps1
[0.235s] -- Symlinking: /home/vikram/micromouse_ws/install/micromouse_gazebo/share/micromouse_gazebo//launch/install/local_setup.sh
[0.240s] -- Symlinking: /home/vikram/micromouse_ws/install/micromouse_gazebo/share/micromouse_gazebo//launch/install/local_setup.zsh
[0.246s] -- Symlinking: /home/vikram/micromouse_ws/install/micromouse_gazebo/share/micromouse_gazebo//launch/install/setup.bash
[0.251s] -- Symlinking: /home/vikram/micromouse_ws/install/micromouse_gazebo/share/micromouse_gazebo//launch/install/setup.ps1
[0.256s] -- Symlinking: /home/vikram/micromouse_ws/install/micromouse_gazebo/share/micromouse_gazebo//launch/install/setup.sh
[0.261s] -- Symlinking: /home/vikram/micromouse_ws/install/micromouse_gazebo/share/micromouse_gazebo//launch/install/setup.zsh
[0.267s] -- Symlinking: /home/vikram/micromouse_ws/install/micromouse_gazebo/share/micromouse_gazebo//launch/log/COLCON_IGNORE
[0.273s] -- Symlinking: /home/vikram/micromouse_ws/install/micromouse_gazebo/share/micromouse_gazebo//launch/log/build_2025-10-14_18-19-51/events.log
[0.279s] -- Symlinking: /home/vikram/micromouse_ws/install/micromouse_gazebo/share/micromouse_gazebo//launch/log/build_2025-10-14_18-19-51/logger_all.log
[0.286s] -- Symlinking: /home/vikram/micromouse_ws/install/micromouse_gazebo/share/micromouse_gazebo//launch/log/latest/events.log
[0.290s] -- Symlinking: /home/vikram/micromouse_ws/install/micromouse_gazebo/share/micromouse_gazebo//launch/log/latest/logger_all.log
[0.296s] -- Symlinking: /home/vikram/micromouse_ws/install/micromouse_gazebo/share/micromouse_gazebo//launch/log/latest_build/events.log
[0.300s] -- Symlinking: /home/vikram/micromouse_ws/install/micromouse_gazebo/share/micromouse_gazebo//launch/log/latest_build/logger_all.log
[0.307s] -- Symlinking: /home/vikram/micromouse_ws/install/micromouse_gazebo/share/micromouse_gazebo//launch/micromouse.launch.py
[0.312s] -- Symlinking: /home/vikram/micromouse_ws/install/micromouse_gazebo/share/micromouse_gazebo//worlds/maze.world
[0.318s] -- Symlinking: /home/vikram/micromouse_ws/install/micromouse_gazebo/share/ament_index/resource_index/package_run_dependencies/micromouse_gazebo
[0.325s] -- Symlinking: /home/vikram/micromouse_ws/install/micromouse_gazebo/share/ament_index/resource_index/parent_prefix_path/micromouse_gazebo
[0.331s] -- Symlinking: /home/vikram/micromouse_ws/install/micromouse_gazebo/share/micromouse_gazebo/environment/ament_prefix_path.sh
[0.336s] -- Symlinking: /home/vikram/micromouse_ws/install/micromouse_gazebo/share/micromouse_gazebo/environment/ament_prefix_path.dsv
[0.343s] -- Symlinking: /home/vikram/micromouse_ws/install/micromouse_gazebo/share/micromouse_gazebo/environment/path.sh
[0.349s] -- Symlinking: /home/vikram/micromouse_ws/install/micromouse_gazebo/share/micromouse_gazebo/environment/path.dsv
[0.354s] -- Symlinking: /home/vikram/micromouse_ws/install/micromouse_gazebo/share/micromouse_gazebo/local_setup.bash
[0.360s] -- Symlinking: /home/vikram/micromouse_ws/install/micromouse_gazebo/share/micromouse_gazebo/local_setup.sh
[0.366s] -- Symlinking: /home/vikram/micromouse_ws/install/micromouse_gazebo/share/micromouse_gazebo/local_setup.zsh
[0.371s] -- Symlinking: /home/vikram/micromouse_ws/install/micromouse_gazebo/share/micromouse_gazebo/local_setup.dsv
[0.375s] -- Symlinking: /home/vikram/micromouse_ws/install/micromouse_gazebo/share/micromouse_gazebo/package.dsv
[0.381s] -- Symlinking: /home/vikram/micromouse_ws/install/micromouse_gazebo/share/ament_index/resource_index/packages/micromouse_gazebo
[0.386s] -- Symlinking: /home/vikram/micromouse_ws/install/micromouse_gazebo/share/micromouse_gazebo/cmake/micromouse_gazeboConfig.cmake
[0.392s] -- Symlinking: /home/vikram/micromouse_ws/install/micromouse_gazebo/share/micromouse_gazebo/cmake/micromouse_gazeboConfig-version.cmake
[0.398s] -- Symlinking: /home/vikram/micromouse_ws/install/micromouse_gazebo/share/micromouse_gazebo/package.xml
[0.405s] Invoked command in '/home/vikram/micromouse_ws/build/micromouse_gazebo' returned '0': CMAKE_PREFIX_PATH=${CMAKE_PREFIX_PATH}:/opt/ros/humble /usr/bin/cmake --install /home/vikram/micromouse_ws/build/micromouse_gazebo
