-- Found ament_cmake: 1.3.12 (/opt/ros/humble/share/ament_cmake/cmake)
-- Override CMake install command with custom implementation using symlinks instead of copying resources
-- Found ament_lint_auto: 0.12.14 (/opt/ros/humble/share/ament_lint_auto/cmake)
-- Added test 'lint_cmake' to check CMake code style
-- Added test 'xmllint' to check XML markup files
-- Configuring done
-- Generating done
-- Build files have been written to: /home/vikram/micromouse_ws/build/micromouse_description
-- Install configuration: ""
-- Execute custom install script
-- Symlinking: /home/vikram/micromouse_ws/install/micromouse_description/share/ament_index/resource_index/package_run_dependencies/micromouse_description
-- Symlinking: /home/vikram/micromouse_ws/install/micromouse_description/share/ament_index/resource_index/parent_prefix_path/micromouse_description
-- Symlinking: /home/vikram/micromouse_ws/install/micromouse_description/share/micromouse_description/environment/ament_prefix_path.sh
-- Symlinking: /home/vikram/micromouse_ws/install/micromouse_description/share/micromouse_description/environment/ament_prefix_path.dsv
-- Symlinking: /home/vikram/micromouse_ws/install/micromouse_description/share/micromouse_description/environment/path.sh
-- Symlinking: /home/vikram/micromouse_ws/install/micromouse_description/share/micromouse_description/environment/path.dsv
-- Symlinking: /home/vikram/micromouse_ws/install/micromouse_description/share/micromouse_description/local_setup.bash
-- Symlinking: /home/vikram/micromouse_ws/install/micromouse_description/share/micromouse_description/local_setup.sh
-- Symlinking: /home/vikram/micromouse_ws/install/micromouse_description/share/micromouse_description/local_setup.zsh
-- Symlinking: /home/vikram/micromouse_ws/install/micromouse_description/share/micromouse_description/local_setup.dsv
-- Symlinking: /home/vikram/micromouse_ws/install/micromouse_description/share/micromouse_description/package.dsv
-- Symlinking: /home/vikram/micromouse_ws/install/micromouse_description/share/ament_index/resource_index/packages/micromouse_description
-- Symlinking: /home/vikram/micromouse_ws/install/micromouse_description/share/micromouse_description/cmake/micromouse_descriptionConfig.cmake
-- Symlinking: /home/vikram/micromouse_ws/install/micromouse_description/share/micromouse_description/cmake/micromouse_descriptionConfig-version.cmake
-- Symlinking: /home/vikram/micromouse_ws/install/micromouse_description/share/micromouse_description/package.xml
