[0.008s] Invoking command in '/home/vikram/micromouse_ws/build/micromouse_description': CMAKE_PREFIX_PATH=${CMAKE_PREFIX_PATH}:/opt/ros/humble /usr/bin/cmake /home/vikram/micromouse_ws/src/micromouse_description -DAMENT_CMAKE_SYMLINK_INSTALL=1 -DCMAKE_INSTALL_PREFIX=/home/vikram/micromouse_ws/install/micromouse_description
[0.017s] -- Found ament_cmake: 1.3.12 (/opt/ros/humble/share/ament_cmake/cmake)
[0.100s] -- Override CMake install command with custom implementation using symlinks instead of copying resources
[0.104s] -- Found ament_lint_auto: 0.12.14 (/opt/ros/humble/share/ament_lint_auto/cmake)
[0.154s] -- Added test 'lint_cmake' to check CMake code style
[0.155s] -- Added test 'xmllint' to check XML markup files
[0.155s] -- Configuring done
[0.157s] -- Generating done
[0.158s] -- Build files have been written to: /home/vikram/micromouse_ws/build/micromouse_description
[0.161s] Invoked command in '/home/vikram/micromouse_ws/build/micromouse_description' returned '0': CMAKE_PREFIX_PATH=${CMAKE_PREFIX_PATH}:/opt/ros/humble /usr/bin/cmake /home/vikram/micromouse_ws/src/micromouse_description -DAMENT_CMAKE_SYMLINK_INSTALL=1 -DCMAKE_INSTALL_PREFIX=/home/vikram/micromouse_ws/install/micromouse_description
[0.163s] Invoking command in '/home/vikram/micromouse_ws/build/micromouse_description': CMAKE_PREFIX_PATH=${CMAKE_PREFIX_PATH}:/opt/ros/humble /usr/bin/cmake --build /home/vikram/micromouse_ws/build/micromouse_description -- -j20 -l20
[0.198s] Invoked command in '/home/vikram/micromouse_ws/build/micromouse_description' returned '0': CMAKE_PREFIX_PATH=${CMAKE_PREFIX_PATH}:/opt/ros/humble /usr/bin/cmake --build /home/vikram/micromouse_ws/build/micromouse_description -- -j20 -l20
[0.205s] Invoking command in '/home/vikram/micromouse_ws/build/micromouse_description': CMAKE_PREFIX_PATH=${CMAKE_PREFIX_PATH}:/opt/ros/humble /usr/bin/cmake --install /home/vikram/micromouse_ws/build/micromouse_description
[0.210s] -- Install configuration: ""
[0.210s] -- Execute custom install script
[0.210s] -- Symlinking: /home/vikram/micromouse_ws/install/micromouse_description/share/ament_index/resource_index/package_run_dependencies/micromouse_description
[0.217s] -- Symlinking: /home/vikram/micromouse_ws/install/micromouse_description/share/ament_index/resource_index/parent_prefix_path/micromouse_description
[0.225s] -- Symlinking: /home/vikram/micromouse_ws/install/micromouse_description/share/micromouse_description/environment/ament_prefix_path.sh
[0.232s] -- Symlinking: /home/vikram/micromouse_ws/install/micromouse_description/share/micromouse_description/environment/ament_prefix_path.dsv
[0.238s] -- Symlinking: /home/vikram/micromouse_ws/install/micromouse_description/share/micromouse_description/environment/path.sh
[0.244s] -- Symlinking: /home/vikram/micromouse_ws/install/micromouse_description/share/micromouse_description/environment/path.dsv
[0.251s] -- Symlinking: /home/vikram/micromouse_ws/install/micromouse_description/share/micromouse_description/local_setup.bash
[0.257s] -- Symlinking: /home/vikram/micromouse_ws/install/micromouse_description/share/micromouse_description/local_setup.sh
[0.263s] -- Symlinking: /home/vikram/micromouse_ws/install/micromouse_description/share/micromouse_description/local_setup.zsh
[0.270s] -- Symlinking: /home/vikram/micromouse_ws/install/micromouse_description/share/micromouse_description/local_setup.dsv
[0.277s] -- Symlinking: /home/vikram/micromouse_ws/install/micromouse_description/share/micromouse_description/package.dsv
[0.283s] -- Symlinking: /home/vikram/micromouse_ws/install/micromouse_description/share/ament_index/resource_index/packages/micromouse_description
[0.291s] -- Symlinking: /home/vikram/micromouse_ws/install/micromouse_description/share/micromouse_description/cmake/micromouse_descriptionConfig.cmake
[0.296s] -- Symlinking: /home/vikram/micromouse_ws/install/micromouse_description/share/micromouse_description/cmake/micromouse_descriptionConfig-version.cmake
[0.302s] -- Symlinking: /home/vikram/micromouse_ws/install/micromouse_description/share/micromouse_description/package.xml
[0.310s] Invoked command in '/home/vikram/micromouse_ws/build/micromouse_description' returned '0': CMAKE_PREFIX_PATH=${CMAKE_PREFIX_PATH}:/opt/ros/humble /usr/bin/cmake --install /home/vikram/micromouse_ws/build/micromouse_description
