[0.006s] Invoking command in '/home/vikram/micromouse_ws/build/micromouse_description': CMAKE_PREFIX_PATH=/opt/ros/humble /usr/bin/cmake /home/vikram/micromouse_ws/src/micromouse_description -DCMAKE_INSTALL_PREFIX=/home/vikram/micromouse_ws/install/micromouse_description
[0.086s] -- The C compiler identification is GNU 11.4.0
[0.142s] -- The CXX compiler identification is GNU 11.4.0
[0.150s] -- Detecting C compiler ABI info
[0.197s] -- Detecting C compiler ABI info - done
[0.204s] -- Check for working C compiler: /usr/bin/cc - skipped
[0.204s] -- Detecting C compile features
[0.205s] -- Detecting C compile features - done
[0.207s] -- Detecting CXX compiler ABI info
[0.262s] -- Detecting CXX compiler ABI info - done
[0.267s] -- Check for working CXX compiler: /usr/bin/c++ - skipped
[0.268s] -- Detecting CXX compile features
[0.268s] -- Detecting CXX compile features - done
[0.272s] -- Found ament_cmake: 1.3.12 (/opt/ros/humble/share/ament_cmake/cmake)
[0.386s] -- Found Python3: /usr/bin/python3 (found version "3.10.12") found components: Interpreter 
[0.452s] -- Found ament_lint_auto: 0.12.14 (/opt/ros/humble/share/ament_lint_auto/cmake)
[0.513s] -- Added test 'lint_cmake' to check CMake code style
[0.514s] -- Added test 'xmllint' to check XML markup files
[0.515s] -- Configuring done
[0.517s] -- Generating done
[0.518s] -- Build files have been written to: /home/vikram/micromouse_ws/build/micromouse_description
[0.522s] Invoked command in '/home/vikram/micromouse_ws/build/micromouse_description' returned '0': CMAKE_PREFIX_PATH=/opt/ros/humble /usr/bin/cmake /home/vikram/micromouse_ws/src/micromouse_description -DCMAKE_INSTALL_PREFIX=/home/vikram/micromouse_ws/install/micromouse_description
[0.523s] Invoking command in '/home/vikram/micromouse_ws/build/micromouse_description': CMAKE_PREFIX_PATH=/opt/ros/humble /usr/bin/cmake --build /home/vikram/micromouse_ws/build/micromouse_description -- -j20 -l20
[0.549s] Invoked command in '/home/vikram/micromouse_ws/build/micromouse_description' returned '0': CMAKE_PREFIX_PATH=/opt/ros/humble /usr/bin/cmake --build /home/vikram/micromouse_ws/build/micromouse_description -- -j20 -l20
[0.555s] Invoking command in '/home/vikram/micromouse_ws/build/micromouse_description': CMAKE_PREFIX_PATH=/opt/ros/humble /usr/bin/cmake --install /home/vikram/micromouse_ws/build/micromouse_description
[0.559s] -- Install configuration: ""
[0.559s] -- Installing: /home/vikram/micromouse_ws/install/micromouse_description/share/ament_index/resource_index/package_run_dependencies/micromouse_description
[0.559s] -- Installing: /home/vikram/micromouse_ws/install/micromouse_description/share/ament_index/resource_index/parent_prefix_path/micromouse_description
[0.559s] -- Installing: /home/vikram/micromouse_ws/install/micromouse_description/share/micromouse_description/environment/ament_prefix_path.sh
[0.560s] -- Installing: /home/vikram/micromouse_ws/install/micromouse_description/share/micromouse_description/environment/ament_prefix_path.dsv
[0.560s] -- Installing: /home/vikram/micromouse_ws/install/micromouse_description/share/micromouse_description/environment/path.sh
[0.560s] -- Installing: /home/vikram/micromouse_ws/install/micromouse_description/share/micromouse_description/environment/path.dsv
[0.560s] -- Installing: /home/vikram/micromouse_ws/install/micromouse_description/share/micromouse_description/local_setup.bash
[0.560s] -- Installing: /home/vikram/micromouse_ws/install/micromouse_description/share/micromouse_description/local_setup.sh
[0.560s] -- Installing: /home/vikram/micromouse_ws/install/micromouse_description/share/micromouse_description/local_setup.zsh
[0.560s] -- Installing: /home/vikram/micromouse_ws/install/micromouse_description/share/micromouse_description/local_setup.dsv
[0.560s] -- Installing: /home/vikram/micromouse_ws/install/micromouse_description/share/micromouse_description/package.dsv
[0.560s] -- Installing: /home/vikram/micromouse_ws/install/micromouse_description/share/ament_index/resource_index/packages/micromouse_description
[0.560s] -- Installing: /home/vikram/micromouse_ws/install/micromouse_description/share/micromouse_description/cmake/micromouse_descriptionConfig.cmake
[0.560s] -- Installing: /home/vikram/micromouse_ws/install/micromouse_description/share/micromouse_description/cmake/micromouse_descriptionConfig-version.cmake
[0.560s] -- Installing: /home/vikram/micromouse_ws/install/micromouse_description/share/micromouse_description/package.xml
[0.561s] Invoked command in '/home/vikram/micromouse_ws/build/micromouse_description' returned '0': CMAKE_PREFIX_PATH=/opt/ros/humble /usr/bin/cmake --install /home/vikram/micromouse_ws/build/micromouse_description
