[0.010s] Invoking command in '/home/vikram/micromouse_ws/build/micromouse_control': CMAKE_PREFIX_PATH=${CMAKE_PREFIX_PATH}:/opt/ros/humble /usr/bin/cmake /home/vikram/micromouse_ws/src/micromouse_control -DAMENT_CMAKE_SYMLINK_INSTALL=1 -DCMAKE_INSTALL_PREFIX=/home/vikram/micromouse_ws/install/micromouse_control
[0.020s] -- Found ament_cmake: 1.3.12 (/opt/ros/humble/share/ament_cmake/cmake)
[0.097s] -- Override CMake install command with custom implementation using symlinks instead of copying resources
[0.103s] -- Found rclcpp: 16.0.14 (/opt/ros/humble/share/rclcpp/cmake)
[0.120s] -- Found rosidl_generator_c: 3.1.7 (/opt/ros/humble/share/rosidl_generator_c/cmake)
[0.122s] -- Found rosidl_adapter: 3.1.7 (/opt/ros/humble/share/rosidl_adapter/cmake)
[0.125s] -- Found rosidl_generator_cpp: 3.1.7 (/opt/ros/humble/share/rosidl_generator_cpp/cmake)
[0.132s] -- Using all available rosidl_typesupport_c: rosidl_typesupport_fastrtps_c;rosidl_typesupport_introspection_c
[0.140s] -- Using all available rosidl_typesupport_cpp: rosidl_typesupport_fastrtps_cpp;rosidl_typesupport_introspection_cpp
[0.165s] -- Found rmw_implementation_cmake: 6.1.2 (/opt/ros/humble/share/rmw_implementation_cmake/cmake)
[0.165s] -- Found rmw_fastrtps_cpp: 6.2.8 (/opt/ros/humble/share/rmw_fastrtps_cpp/cmake)
[0.253s] -- Using RMW implementation 'rmw_fastrtps_cpp' as default
[0.288s] -- Found geometry_msgs: 4.9.0 (/opt/ros/humble/share/geometry_msgs/cmake)
[0.296s] -- Found sensor_msgs: 4.9.0 (/opt/ros/humble/share/sensor_msgs/cmake)
[0.307s] -- Found ament_lint_auto: 0.12.14 (/opt/ros/humble/share/ament_lint_auto/cmake)
[0.350s] -- Added test 'lint_cmake' to check CMake code style
[0.351s] -- Added test 'xmllint' to check XML markup files
[0.351s] -- Configuring done
[0.354s] -- Generating done
[0.355s] -- Build files have been written to: /home/vikram/micromouse_ws/build/micromouse_control
[0.359s] Invoked command in '/home/vikram/micromouse_ws/build/micromouse_control' returned '0': CMAKE_PREFIX_PATH=${CMAKE_PREFIX_PATH}:/opt/ros/humble /usr/bin/cmake /home/vikram/micromouse_ws/src/micromouse_control -DAMENT_CMAKE_SYMLINK_INSTALL=1 -DCMAKE_INSTALL_PREFIX=/home/vikram/micromouse_ws/install/micromouse_control
[0.361s] Invoking command in '/home/vikram/micromouse_ws/build/micromouse_control': CMAKE_PREFIX_PATH=${CMAKE_PREFIX_PATH}:/opt/ros/humble /usr/bin/cmake --build /home/vikram/micromouse_ws/build/micromouse_control -- -j20 -l20
[0.388s] Invoked command in '/home/vikram/micromouse_ws/build/micromouse_control' returned '0': CMAKE_PREFIX_PATH=${CMAKE_PREFIX_PATH}:/opt/ros/humble /usr/bin/cmake --build /home/vikram/micromouse_ws/build/micromouse_control -- -j20 -l20
[0.388s] Invoking command in '/home/vikram/micromouse_ws/build/micromouse_control': CMAKE_PREFIX_PATH=${CMAKE_PREFIX_PATH}:/opt/ros/humble /usr/bin/cmake --install /home/vikram/micromouse_ws/build/micromouse_control
[0.394s] -- Install configuration: ""
[0.394s] -- Execute custom install script
[0.394s] -- Symlinking: /home/vikram/micromouse_ws/install/micromouse_control/share/ament_index/resource_index/package_run_dependencies/micromouse_control
[0.401s] -- Symlinking: /home/vikram/micromouse_ws/install/micromouse_control/share/ament_index/resource_index/parent_prefix_path/micromouse_control
[0.406s] -- Symlinking: /home/vikram/micromouse_ws/install/micromouse_control/share/micromouse_control/environment/ament_prefix_path.sh
[0.411s] -- Symlinking: /home/vikram/micromouse_ws/install/micromouse_control/share/micromouse_control/environment/ament_prefix_path.dsv
[0.416s] -- Symlinking: /home/vikram/micromouse_ws/install/micromouse_control/share/micromouse_control/environment/path.sh
[0.422s] -- Symlinking: /home/vikram/micromouse_ws/install/micromouse_control/share/micromouse_control/environment/path.dsv
[0.427s] -- Symlinking: /home/vikram/micromouse_ws/install/micromouse_control/share/micromouse_control/local_setup.bash
[0.433s] -- Symlinking: /home/vikram/micromouse_ws/install/micromouse_control/share/micromouse_control/local_setup.sh
[0.439s] -- Symlinking: /home/vikram/micromouse_ws/install/micromouse_control/share/micromouse_control/local_setup.zsh
[0.444s] -- Symlinking: /home/vikram/micromouse_ws/install/micromouse_control/share/micromouse_control/local_setup.dsv
[0.449s] -- Symlinking: /home/vikram/micromouse_ws/install/micromouse_control/share/micromouse_control/package.dsv
[0.453s] -- Symlinking: /home/vikram/micromouse_ws/install/micromouse_control/share/ament_index/resource_index/packages/micromouse_control
[0.458s] -- Symlinking: /home/vikram/micromouse_ws/install/micromouse_control/share/micromouse_control/cmake/micromouse_controlConfig.cmake
[0.463s] -- Symlinking: /home/vikram/micromouse_ws/install/micromouse_control/share/micromouse_control/cmake/micromouse_controlConfig-version.cmake
[0.470s] -- Symlinking: /home/vikram/micromouse_ws/install/micromouse_control/share/micromouse_control/package.xml
[0.476s] Invoked command in '/home/vikram/micromouse_ws/build/micromouse_control' returned '0': CMAKE_PREFIX_PATH=${CMAKE_PREFIX_PATH}:/opt/ros/humble /usr/bin/cmake --install /home/vikram/micromouse_ws/build/micromouse_control
