[0.008s] Invoking command in '/home/vikram/micromouse_ws/build/micromouse_description': CMAKE_PREFIX_PATH=${CMAKE_PREFIX_PATH}:/opt/ros/humble /usr/bin/cmake /home/vikram/micromouse_ws/src/micromouse_description -DAMENT_CMAKE_SYMLINK_INSTALL=1 -DCMAKE_INSTALL_PREFIX=/home/vikram/micromouse_ws/install/micromouse_description
[0.041s] -- The C compiler identification is GNU 11.4.0
[0.077s] -- The CXX compiler identification is GNU 11.4.0
[0.081s] -- Detecting C compiler ABI info
[0.132s] -- Detecting C compiler ABI info - done
[0.136s] -- Check for working C compiler: /usr/bin/cc - skipped
[0.136s] -- Detecting C compile features
[0.136s] -- Detecting C compile features - done
[0.138s] -- Detecting CXX compiler ABI info
[0.199s] -- Detecting CXX compiler ABI info - done
[0.204s] -- Check for working CXX compiler: /usr/bin/c++ - skipped
[0.204s] -- Detecting CXX compile features
[0.204s] -- Detecting CXX compile features - done
[0.206s] -- Found ament_cmake: 1.3.12 (/opt/ros/humble/share/ament_cmake/cmake)
[0.340s] -- Found Python3: /usr/bin/python3 (found version "3.10.12") found components: Interpreter 
[0.399s] -- Override CMake install command with custom implementation using symlinks instead of copying resources
[0.416s] -- Found ament_lint_auto: 0.12.14 (/opt/ros/humble/share/ament_lint_auto/cmake)
[0.481s] -- Added test 'lint_cmake' to check CMake code style
[0.482s] -- Added test 'xmllint' to check XML markup files
[0.483s] -- Configuring done
[0.485s] -- Generating done
[0.486s] -- Build files have been written to: /home/vikram/micromouse_ws/build/micromouse_description
[0.491s] Invoked command in '/home/vikram/micromouse_ws/build/micromouse_description' returned '0': CMAKE_PREFIX_PATH=${CMAKE_PREFIX_PATH}:/opt/ros/humble /usr/bin/cmake /home/vikram/micromouse_ws/src/micromouse_description -DAMENT_CMAKE_SYMLINK_INSTALL=1 -DCMAKE_INSTALL_PREFIX=/home/vikram/micromouse_ws/install/micromouse_description
[0.494s] Invoking command in '/home/vikram/micromouse_ws/build/micromouse_description': CMAKE_PREFIX_PATH=${CMAKE_PREFIX_PATH}:/opt/ros/humble /usr/bin/cmake --build /home/vikram/micromouse_ws/build/micromouse_description -- -j20 -l20
[0.528s] Invoked command in '/home/vikram/micromouse_ws/build/micromouse_description' returned '0': CMAKE_PREFIX_PATH=${CMAKE_PREFIX_PATH}:/opt/ros/humble /usr/bin/cmake --build /home/vikram/micromouse_ws/build/micromouse_description -- -j20 -l20
[0.538s] Invoking command in '/home/vikram/micromouse_ws/build/micromouse_description': CMAKE_PREFIX_PATH=${CMAKE_PREFIX_PATH}:/opt/ros/humble /usr/bin/cmake --install /home/vikram/micromouse_ws/build/micromouse_description
[0.547s] -- Install configuration: ""
[0.547s] -- Execute custom install script
[0.547s] -- Symlinking: /home/vikram/micromouse_ws/install/micromouse_description/share/micromouse_description/urdf/micromouse.urdf
[0.554s] -- Symlinking: /home/vikram/micromouse_ws/install/micromouse_description/share/micromouse_description/urdf/micromouse.urdf.xacro
[0.562s] -- Symlinking: /home/vikram/micromouse_ws/install/micromouse_description/share/ament_index/resource_index/package_run_dependencies/micromouse_description
[0.569s] -- Symlinking: /home/vikram/micromouse_ws/install/micromouse_description/share/ament_index/resource_index/parent_prefix_path/micromouse_description
[0.575s] -- Symlinking: /home/vikram/micromouse_ws/install/micromouse_description/share/micromouse_description/environment/ament_prefix_path.sh
[0.581s] -- Symlinking: /home/vikram/micromouse_ws/install/micromouse_description/share/micromouse_description/environment/ament_prefix_path.dsv
[0.587s] -- Symlinking: /home/vikram/micromouse_ws/install/micromouse_description/share/micromouse_description/environment/path.sh
[0.593s] -- Symlinking: /home/vikram/micromouse_ws/install/micromouse_description/share/micromouse_description/environment/path.dsv
[0.599s] -- Symlinking: /home/vikram/micromouse_ws/install/micromouse_description/share/micromouse_description/local_setup.bash
[0.605s] -- Symlinking: /home/vikram/micromouse_ws/install/micromouse_description/share/micromouse_description/local_setup.sh
[0.611s] -- Symlinking: /home/vikram/micromouse_ws/install/micromouse_description/share/micromouse_description/local_setup.zsh
[0.615s] -- Symlinking: /home/vikram/micromouse_ws/install/micromouse_description/share/micromouse_description/local_setup.dsv
[0.621s] -- Symlinking: /home/vikram/micromouse_ws/install/micromouse_description/share/micromouse_description/package.dsv
[0.629s] -- Symlinking: /home/vikram/micromouse_ws/install/micromouse_description/share/ament_index/resource_index/packages/micromouse_description
[0.637s] -- Symlinking: /home/vikram/micromouse_ws/install/micromouse_description/share/micromouse_description/cmake/micromouse_descriptionConfig.cmake
[0.644s] -- Symlinking: /home/vikram/micromouse_ws/install/micromouse_description/share/micromouse_description/cmake/micromouse_descriptionConfig-version.cmake
[0.652s] -- Symlinking: /home/vikram/micromouse_ws/install/micromouse_description/share/micromouse_description/package.xml
[0.661s] Invoked command in '/home/vikram/micromouse_ws/build/micromouse_description' returned '0': CMAKE_PREFIX_PATH=${CMAKE_PREFIX_PATH}:/opt/ros/humble /usr/bin/cmake --install /home/vikram/micromouse_ws/build/micromouse_description
