[0.008s] Invoking command in '/home/vikram/micromouse_ws/build/micromouse_description': CMAKE_PREFIX_PATH=/opt/ros/humble /usr/bin/cmake --build /home/vikram/micromouse_ws/build/micromouse_description -- -j20 -l20
[0.045s] Invoked command in '/home/vikram/micromouse_ws/build/micromouse_description' returned '0': CMAKE_PREFIX_PATH=/opt/ros/humble /usr/bin/cmake --build /home/vikram/micromouse_ws/build/micromouse_description -- -j20 -l20
[0.045s] Invoking command in '/home/vikram/micromouse_ws/build/micromouse_description': CMAKE_PREFIX_PATH=/opt/ros/humble /usr/bin/cmake --install /home/vikram/micromouse_ws/build/micromouse_description
[0.052s] -- Install configuration: ""
[0.052s] -- Up-to-date: /home/vikram/micromouse_ws/install/micromouse_description/share/ament_index/resource_index/package_run_dependencies/micromouse_description
[0.052s] -- Up-to-date: /home/vikram/micromouse_ws/install/micromouse_description/share/ament_index/resource_index/parent_prefix_path/micromouse_description
[0.052s] -- Up-to-date: /home/vikram/micromouse_ws/install/micromouse_description/share/micromouse_description/environment/ament_prefix_path.sh
[0.052s] -- Up-to-date: /home/vikram/micromouse_ws/install/micromouse_description/share/micromouse_description/environment/ament_prefix_path.dsv
[0.052s] -- Up-to-date: /home/vikram/micromouse_ws/install/micromouse_description/share/micromouse_description/environment/path.sh
[0.052s] -- Up-to-date: /home/vikram/micromouse_ws/install/micromouse_description/share/micromouse_description/environment/path.dsv
[0.052s] -- Up-to-date: /home/vikram/micromouse_ws/install/micromouse_description/share/micromouse_description/local_setup.bash
[0.052s] -- Up-to-date: /home/vikram/micromouse_ws/install/micromouse_description/share/micromouse_description/local_setup.sh
[0.052s] -- Up-to-date: /home/vikram/micromouse_ws/install/micromouse_description/share/micromouse_description/local_setup.zsh
[0.052s] -- Up-to-date: /home/vikram/micromouse_ws/install/micromouse_description/share/micromouse_description/local_setup.dsv
[0.052s] -- Up-to-date: /home/vikram/micromouse_ws/install/micromouse_description/share/micromouse_description/package.dsv
[0.052s] -- Up-to-date: /home/vikram/micromouse_ws/install/micromouse_description/share/ament_index/resource_index/packages/micromouse_description
[0.052s] -- Up-to-date: /home/vikram/micromouse_ws/install/micromouse_description/share/micromouse_description/cmake/micromouse_descriptionConfig.cmake
[0.053s] -- Up-to-date: /home/vikram/micromouse_ws/install/micromouse_description/share/micromouse_description/cmake/micromouse_descriptionConfig-version.cmake
[0.053s] -- Up-to-date: /home/vikram/micromouse_ws/install/micromouse_description/share/micromouse_description/package.xml
[0.060s] Invoked command in '/home/vikram/micromouse_ws/build/micromouse_description' returned '0': CMAKE_PREFIX_PATH=/opt/ros/humble /usr/bin/cmake --install /home/vikram/micromouse_ws/build/micromouse_description
