[0.058s] DEBUG:colcon:Command line arguments: ['/usr/bin/colcon', 'build']
[0.058s] DEBUG:colcon:Parsed command line arguments: Namespace(log_base=None, log_level=None, verb_name='build', build_base='build', install_base='install', merge_install=False, symlink_install=False, test_result_base=None, continue_on_error=False, executor='parallel', parallel_workers=20, event_handlers=None, ignore_user_meta=False, metas=['./colcon.meta'], base_paths=['.'], packages_ignore=None, packages_ignore_regex=None, paths=None, packages_up_to=None, packages_up_to_regex=None, packages_above=None, packages_above_and_dependencies=None, packages_above_depth=None, packages_select_by_dep=None, packages_skip_by_dep=None, packages_skip_up_to=None, packages_select_build_failed=False, packages_skip_build_finished=False, packages_select_test_failures=False, packages_skip_test_passed=False, packages_select=None, packages_skip=None, packages_select_regex=None, packages_skip_regex=None, packages_start=None, packages_end=None, allow_overriding=[], cmake_args=None, cmake_target=None, cmake_target_skip_unavailable=False, cmake_clean_cache=False, cmake_clean_first=False, cmake_force_configure=False, ament_cmake_args=None, catkin_cmake_args=None, catkin_skip_building_tests=False, mixin_files=None, mixin=None, verb_parser=<colcon_mixin.mixin.mixin_argument.MixinArgumentDecorator object at 0x7ec5c6d65120>, verb_extension=<colcon_core.verb.build.BuildVerb object at 0x7ec5c6eda7d0>, main=<bound method BuildVerb.main of <colcon_core.verb.build.BuildVerb object at 0x7ec5c6eda7d0>>, mixin_verb=('build',))
[0.147s] Level 1:colcon.colcon_core.package_discovery:discover_packages(colcon_meta) check parameters
[0.147s] Level 1:colcon.colcon_core.package_discovery:discover_packages(recursive) check parameters
[0.147s] Level 1:colcon.colcon_core.package_discovery:discover_packages(ignore) check parameters
[0.147s] Level 1:colcon.colcon_core.package_discovery:discover_packages(path) check parameters
[0.147s] Level 1:colcon.colcon_core.package_discovery:discover_packages(colcon_meta) discover
[0.147s] Level 1:colcon.colcon_core.package_discovery:discover_packages(recursive) discover
[0.147s] INFO:colcon.colcon_core.package_discovery:Crawling recursively for packages in '/home/vikram/micromouse_ws'
[0.147s] Level 1:colcon.colcon_core.package_identification:_identify(.) by extensions ['ignore', 'ignore_ament_install']
[0.147s] Level 1:colcon.colcon_core.package_identification:_identify(.) by extension 'ignore'
[0.147s] Level 1:colcon.colcon_core.package_identification:_identify(.) by extension 'ignore_ament_install'
[0.147s] Level 1:colcon.colcon_core.package_identification:_identify(.) by extensions ['colcon_pkg']
[0.147s] Level 1:colcon.colcon_core.package_identification:_identify(.) by extension 'colcon_pkg'
[0.147s] Level 1:colcon.colcon_core.package_identification:_identify(.) by extensions ['colcon_meta']
[0.147s] Level 1:colcon.colcon_core.package_identification:_identify(.) by extension 'colcon_meta'
[0.147s] Level 1:colcon.colcon_core.package_identification:_identify(.) by extensions ['ros']
[0.147s] Level 1:colcon.colcon_core.package_identification:_identify(.) by extension 'ros'
[0.154s] Level 1:colcon.colcon_core.package_identification:_identify(.) by extensions ['cmake', 'python']
[0.154s] Level 1:colcon.colcon_core.package_identification:_identify(.) by extension 'cmake'
[0.154s] Level 1:colcon.colcon_core.package_identification:_identify(.) by extension 'python'
[0.154s] Level 1:colcon.colcon_core.package_identification:_identify(.) by extensions ['python_setup_py']
[0.154s] Level 1:colcon.colcon_core.package_identification:_identify(.) by extension 'python_setup_py'
[0.154s] Level 1:colcon.colcon_core.package_identification:_identify(build) by extensions ['ignore', 'ignore_ament_install']
[0.154s] Level 1:colcon.colcon_core.package_identification:_identify(build) by extension 'ignore'
[0.154s] Level 1:colcon.colcon_core.package_identification:_identify(build) ignored
[0.154s] Level 1:colcon.colcon_core.package_identification:_identify(install) by extensions ['ignore', 'ignore_ament_install']
[0.154s] Level 1:colcon.colcon_core.package_identification:_identify(install) by extension 'ignore'
[0.154s] Level 1:colcon.colcon_core.package_identification:_identify(install) ignored
[0.154s] Level 1:colcon.colcon_core.package_identification:_identify(log) by extensions ['ignore', 'ignore_ament_install']
[0.154s] Level 1:colcon.colcon_core.package_identification:_identify(log) by extension 'ignore'
[0.154s] Level 1:colcon.colcon_core.package_identification:_identify(log) ignored
[0.154s] Level 1:colcon.colcon_core.package_identification:_identify(src) by extensions ['ignore', 'ignore_ament_install']
[0.154s] Level 1:colcon.colcon_core.package_identification:_identify(src) by extension 'ignore'
[0.154s] Level 1:colcon.colcon_core.package_identification:_identify(src) by extension 'ignore_ament_install'
[0.154s] Level 1:colcon.colcon_core.package_identification:_identify(src) by extensions ['colcon_pkg']
[0.154s] Level 1:colcon.colcon_core.package_identification:_identify(src) by extension 'colcon_pkg'
[0.154s] Level 1:colcon.colcon_core.package_identification:_identify(src) by extensions ['colcon_meta']
[0.154s] Level 1:colcon.colcon_core.package_identification:_identify(src) by extension 'colcon_meta'
[0.154s] Level 1:colcon.colcon_core.package_identification:_identify(src) by extensions ['ros']
[0.154s] Level 1:colcon.colcon_core.package_identification:_identify(src) by extension 'ros'
[0.154s] Level 1:colcon.colcon_core.package_identification:_identify(src) by extensions ['cmake', 'python']
[0.154s] Level 1:colcon.colcon_core.package_identification:_identify(src) by extension 'cmake'
[0.154s] Level 1:colcon.colcon_core.package_identification:_identify(src) by extension 'python'
[0.154s] Level 1:colcon.colcon_core.package_identification:_identify(src) by extensions ['python_setup_py']
[0.155s] Level 1:colcon.colcon_core.package_identification:_identify(src) by extension 'python_setup_py'
[0.155s] Level 1:colcon.colcon_core.package_identification:_identify(src/micromouse_control) by extensions ['ignore', 'ignore_ament_install']
[0.155s] Level 1:colcon.colcon_core.package_identification:_identify(src/micromouse_control) by extension 'ignore'
[0.155s] Level 1:colcon.colcon_core.package_identification:_identify(src/micromouse_control) by extension 'ignore_ament_install'
[0.155s] Level 1:colcon.colcon_core.package_identification:_identify(src/micromouse_control) by extensions ['colcon_pkg']
[0.155s] Level 1:colcon.colcon_core.package_identification:_identify(src/micromouse_control) by extension 'colcon_pkg'
[0.155s] Level 1:colcon.colcon_core.package_identification:_identify(src/micromouse_control) by extensions ['colcon_meta']
[0.155s] Level 1:colcon.colcon_core.package_identification:_identify(src/micromouse_control) by extension 'colcon_meta'
[0.155s] Level 1:colcon.colcon_core.package_identification:_identify(src/micromouse_control) by extensions ['ros']
[0.155s] Level 1:colcon.colcon_core.package_identification:_identify(src/micromouse_control) by extension 'ros'
[0.156s] DEBUG:colcon.colcon_core.package_identification:Package 'src/micromouse_control' with type 'ros.ament_cmake' and name 'micromouse_control'
[0.156s] Level 1:colcon.colcon_core.package_identification:_identify(src/micromouse_description) by extensions ['ignore', 'ignore_ament_install']
[0.156s] Level 1:colcon.colcon_core.package_identification:_identify(src/micromouse_description) by extension 'ignore'
[0.157s] Level 1:colcon.colcon_core.package_identification:_identify(src/micromouse_description) by extension 'ignore_ament_install'
[0.157s] Level 1:colcon.colcon_core.package_identification:_identify(src/micromouse_description) by extensions ['colcon_pkg']
[0.157s] Level 1:colcon.colcon_core.package_identification:_identify(src/micromouse_description) by extension 'colcon_pkg'
[0.157s] Level 1:colcon.colcon_core.package_identification:_identify(src/micromouse_description) by extensions ['colcon_meta']
[0.157s] Level 1:colcon.colcon_core.package_identification:_identify(src/micromouse_description) by extension 'colcon_meta'
[0.157s] Level 1:colcon.colcon_core.package_identification:_identify(src/micromouse_description) by extensions ['ros']
[0.157s] Level 1:colcon.colcon_core.package_identification:_identify(src/micromouse_description) by extension 'ros'
[0.157s] DEBUG:colcon.colcon_core.package_identification:Package 'src/micromouse_description' with type 'ros.ament_cmake' and name 'micromouse_description'
[0.157s] Level 1:colcon.colcon_core.package_identification:_identify(src/micromouse_gazebo) by extensions ['ignore', 'ignore_ament_install']
[0.157s] Level 1:colcon.colcon_core.package_identification:_identify(src/micromouse_gazebo) by extension 'ignore'
[0.157s] Level 1:colcon.colcon_core.package_identification:_identify(src/micromouse_gazebo) by extension 'ignore_ament_install'
[0.157s] Level 1:colcon.colcon_core.package_identification:_identify(src/micromouse_gazebo) by extensions ['colcon_pkg']
[0.157s] Level 1:colcon.colcon_core.package_identification:_identify(src/micromouse_gazebo) by extension 'colcon_pkg'
[0.157s] Level 1:colcon.colcon_core.package_identification:_identify(src/micromouse_gazebo) by extensions ['colcon_meta']
[0.157s] Level 1:colcon.colcon_core.package_identification:_identify(src/micromouse_gazebo) by extension 'colcon_meta'
[0.157s] Level 1:colcon.colcon_core.package_identification:_identify(src/micromouse_gazebo) by extensions ['ros']
[0.157s] Level 1:colcon.colcon_core.package_identification:_identify(src/micromouse_gazebo) by extension 'ros'
[0.157s] DEBUG:colcon.colcon_core.package_identification:Package 'src/micromouse_gazebo' with type 'ros.ament_cmake' and name 'micromouse_gazebo'
[0.157s] Level 1:colcon.colcon_core.package_discovery:discover_packages(recursive) using defaults
[0.158s] Level 1:colcon.colcon_core.package_discovery:discover_packages(ignore) discover
[0.158s] Level 1:colcon.colcon_core.package_discovery:discover_packages(ignore) using defaults
[0.158s] Level 1:colcon.colcon_core.package_discovery:discover_packages(path) discover
[0.158s] Level 1:colcon.colcon_core.package_discovery:discover_packages(path) using defaults
[0.175s] Level 1:colcon.colcon_core.package_discovery:discover_packages(prefix_path) check parameters
[0.175s] Level 1:colcon.colcon_core.package_discovery:discover_packages(prefix_path) discover
[0.176s] DEBUG:colcon.colcon_installed_package_information.package_discovery:Found 3 installed packages in /home/vikram/micromouse_ws/install
[0.176s] DEBUG:colcon.colcon_installed_package_information.package_discovery:Found 0 installed packages in /home/vikram/micromouse_ws/src/micromouse_gazebo/launch/install
[0.177s] DEBUG:colcon.colcon_installed_package_information.package_discovery:Found 279 installed packages in /opt/ros/humble
[0.178s] Level 1:colcon.colcon_core.package_discovery:discover_packages(prefix_path) using defaults
[0.200s] Level 5:colcon.colcon_core.verb:set package 'micromouse_control' build argument 'cmake_args' from command line to 'None'
[0.200s] Level 5:colcon.colcon_core.verb:set package 'micromouse_control' build argument 'cmake_target' from command line to 'None'
[0.200s] Level 5:colcon.colcon_core.verb:set package 'micromouse_control' build argument 'cmake_target_skip_unavailable' from command line to 'False'
[0.200s] Level 5:colcon.colcon_core.verb:set package 'micromouse_control' build argument 'cmake_clean_cache' from command line to 'False'
[0.200s] Level 5:colcon.colcon_core.verb:set package 'micromouse_control' build argument 'cmake_clean_first' from command line to 'False'
[0.200s] Level 5:colcon.colcon_core.verb:set package 'micromouse_control' build argument 'cmake_force_configure' from command line to 'False'
[0.200s] Level 5:colcon.colcon_core.verb:set package 'micromouse_control' build argument 'ament_cmake_args' from command line to 'None'
[0.200s] Level 5:colcon.colcon_core.verb:set package 'micromouse_control' build argument 'catkin_cmake_args' from command line to 'None'
[0.200s] Level 5:colcon.colcon_core.verb:set package 'micromouse_control' build argument 'catkin_skip_building_tests' from command line to 'False'
[0.200s] DEBUG:colcon.colcon_core.verb:Building package 'micromouse_control' with the following arguments: {'ament_cmake_args': None, 'build_base': '/home/vikram/micromouse_ws/build/micromouse_control', 'catkin_cmake_args': None, 'catkin_skip_building_tests': False, 'cmake_args': None, 'cmake_clean_cache': False, 'cmake_clean_first': False, 'cmake_force_configure': False, 'cmake_target': None, 'cmake_target_skip_unavailable': False, 'install_base': '/home/vikram/micromouse_ws/install/micromouse_control', 'merge_install': False, 'path': '/home/vikram/micromouse_ws/src/micromouse_control', 'symlink_install': False, 'test_result_base': None}
[0.200s] Level 5:colcon.colcon_core.verb:set package 'micromouse_description' build argument 'cmake_args' from command line to 'None'
[0.200s] Level 5:colcon.colcon_core.verb:set package 'micromouse_description' build argument 'cmake_target' from command line to 'None'
[0.200s] Level 5:colcon.colcon_core.verb:set package 'micromouse_description' build argument 'cmake_target_skip_unavailable' from command line to 'False'
[0.200s] Level 5:colcon.colcon_core.verb:set package 'micromouse_description' build argument 'cmake_clean_cache' from command line to 'False'
[0.200s] Level 5:colcon.colcon_core.verb:set package 'micromouse_description' build argument 'cmake_clean_first' from command line to 'False'
[0.200s] Level 5:colcon.colcon_core.verb:set package 'micromouse_description' build argument 'cmake_force_configure' from command line to 'False'
[0.200s] Level 5:colcon.colcon_core.verb:set package 'micromouse_description' build argument 'ament_cmake_args' from command line to 'None'
[0.200s] Level 5:colcon.colcon_core.verb:set package 'micromouse_description' build argument 'catkin_cmake_args' from command line to 'None'
[0.200s] Level 5:colcon.colcon_core.verb:set package 'micromouse_description' build argument 'catkin_skip_building_tests' from command line to 'False'
[0.200s] DEBUG:colcon.colcon_core.verb:Building package 'micromouse_description' with the following arguments: {'ament_cmake_args': None, 'build_base': '/home/vikram/micromouse_ws/build/micromouse_description', 'catkin_cmake_args': None, 'catkin_skip_building_tests': False, 'cmake_args': None, 'cmake_clean_cache': False, 'cmake_clean_first': False, 'cmake_force_configure': False, 'cmake_target': None, 'cmake_target_skip_unavailable': False, 'install_base': '/home/vikram/micromouse_ws/install/micromouse_description', 'merge_install': False, 'path': '/home/vikram/micromouse_ws/src/micromouse_description', 'symlink_install': False, 'test_result_base': None}
[0.200s] Level 5:colcon.colcon_core.verb:set package 'micromouse_gazebo' build argument 'cmake_args' from command line to 'None'
[0.200s] Level 5:colcon.colcon_core.verb:set package 'micromouse_gazebo' build argument 'cmake_target' from command line to 'None'
[0.200s] Level 5:colcon.colcon_core.verb:set package 'micromouse_gazebo' build argument 'cmake_target_skip_unavailable' from command line to 'False'
[0.200s] Level 5:colcon.colcon_core.verb:set package 'micromouse_gazebo' build argument 'cmake_clean_cache' from command line to 'False'
[0.200s] Level 5:colcon.colcon_core.verb:set package 'micromouse_gazebo' build argument 'cmake_clean_first' from command line to 'False'
[0.201s] Level 5:colcon.colcon_core.verb:set package 'micromouse_gazebo' build argument 'cmake_force_configure' from command line to 'False'
[0.201s] Level 5:colcon.colcon_core.verb:set package 'micromouse_gazebo' build argument 'ament_cmake_args' from command line to 'None'
[0.201s] Level 5:colcon.colcon_core.verb:set package 'micromouse_gazebo' build argument 'catkin_cmake_args' from command line to 'None'
[0.201s] Level 5:colcon.colcon_core.verb:set package 'micromouse_gazebo' build argument 'catkin_skip_building_tests' from command line to 'False'
[0.201s] DEBUG:colcon.colcon_core.verb:Building package 'micromouse_gazebo' with the following arguments: {'ament_cmake_args': None, 'build_base': '/home/vikram/micromouse_ws/build/micromouse_gazebo', 'catkin_cmake_args': None, 'catkin_skip_building_tests': False, 'cmake_args': None, 'cmake_clean_cache': False, 'cmake_clean_first': False, 'cmake_force_configure': False, 'cmake_target': None, 'cmake_target_skip_unavailable': False, 'install_base': '/home/vikram/micromouse_ws/install/micromouse_gazebo', 'merge_install': False, 'path': '/home/vikram/micromouse_ws/src/micromouse_gazebo', 'symlink_install': False, 'test_result_base': None}
[0.201s] INFO:colcon.colcon_core.executor:Executing jobs using 'parallel' executor
[0.201s] DEBUG:colcon.colcon_parallel_executor.executor.parallel:run_until_complete
[0.202s] INFO:colcon.colcon_ros.task.ament_cmake.build:Building ROS package in '/home/vikram/micromouse_ws/src/micromouse_control' with build type 'ament_cmake'
[0.202s] INFO:colcon.colcon_cmake.task.cmake.build:Building CMake package in '/home/vikram/micromouse_ws/src/micromouse_control'
[0.203s] INFO:colcon.colcon_core.plugin_system:Skipping extension 'colcon_core.shell.bat': Not used on non-Windows systems
[0.203s] INFO:colcon.colcon_core.shell:Skip shell extension 'powershell' for command environment: Not usable outside of PowerShell
[0.203s] DEBUG:colcon.colcon_core.shell:Skip shell extension 'dsv' for command environment
[0.206s] INFO:colcon.colcon_ros.task.ament_cmake.build:Building ROS package in '/home/vikram/micromouse_ws/src/micromouse_description' with build type 'ament_cmake'
[0.206s] INFO:colcon.colcon_cmake.task.cmake.build:Building CMake package in '/home/vikram/micromouse_ws/src/micromouse_description'
[0.206s] INFO:colcon.colcon_core.shell:Skip shell extension 'powershell' for command environment: Not usable outside of PowerShell
[0.206s] DEBUG:colcon.colcon_core.shell:Skip shell extension 'dsv' for command environment
[0.208s] INFO:colcon.colcon_ros.task.ament_cmake.build:Building ROS package in '/home/vikram/micromouse_ws/src/micromouse_gazebo' with build type 'ament_cmake'
[0.208s] INFO:colcon.colcon_cmake.task.cmake.build:Building CMake package in '/home/vikram/micromouse_ws/src/micromouse_gazebo'
[0.208s] INFO:colcon.colcon_core.shell:Skip shell extension 'powershell' for command environment: Not usable outside of PowerShell
[0.208s] DEBUG:colcon.colcon_core.shell:Skip shell extension 'dsv' for command environment
[0.213s] DEBUG:colcon.colcon_core.event_handler.log_command:Invoking command in '/home/vikram/micromouse_ws/build/micromouse_control': CMAKE_PREFIX_PATH=${CMAKE_PREFIX_PATH}:/opt/ros/humble /usr/bin/cmake --build /home/vikram/micromouse_ws/build/micromouse_control -- -j20 -l20
[0.214s] DEBUG:colcon.colcon_core.event_handler.log_command:Invoking command in '/home/vikram/micromouse_ws/build/micromouse_description': CMAKE_PREFIX_PATH=${CMAKE_PREFIX_PATH}:/opt/ros/humble /usr/bin/cmake --build /home/vikram/micromouse_ws/build/micromouse_description -- -j20 -l20
[0.217s] DEBUG:colcon.colcon_core.event_handler.log_command:Invoking command in '/home/vikram/micromouse_ws/build/micromouse_gazebo': CMAKE_PREFIX_PATH=${CMAKE_PREFIX_PATH}:/opt/ros/humble /usr/bin/cmake --build /home/vikram/micromouse_ws/build/micromouse_gazebo -- -j20 -l20
[0.241s] DEBUG:colcon.colcon_core.event_handler.log_command:Invoked command in '/home/vikram/micromouse_ws/build/micromouse_gazebo' returned '0': CMAKE_PREFIX_PATH=${CMAKE_PREFIX_PATH}:/opt/ros/humble /usr/bin/cmake --build /home/vikram/micromouse_ws/build/micromouse_gazebo -- -j20 -l20
[0.248s] DEBUG:colcon.colcon_core.event_handler.log_command:Invoking command in '/home/vikram/micromouse_ws/build/micromouse_gazebo': CMAKE_PREFIX_PATH=${CMAKE_PREFIX_PATH}:/opt/ros/humble /usr/bin/cmake --install /home/vikram/micromouse_ws/build/micromouse_gazebo
[0.249s] DEBUG:colcon.colcon_core.event_handler.log_command:Invoked command in '/home/vikram/micromouse_ws/build/micromouse_description' returned '0': CMAKE_PREFIX_PATH=${CMAKE_PREFIX_PATH}:/opt/ros/humble /usr/bin/cmake --build /home/vikram/micromouse_ws/build/micromouse_description -- -j20 -l20
[0.250s] DEBUG:colcon.colcon_core.event_handler.log_command:Invoking command in '/home/vikram/micromouse_ws/build/micromouse_description': CMAKE_PREFIX_PATH=${CMAKE_PREFIX_PATH}:/opt/ros/humble /usr/bin/cmake --install /home/vikram/micromouse_ws/build/micromouse_description
[0.250s] DEBUG:colcon.colcon_core.event_handler.log_command:Invoked command in '/home/vikram/micromouse_ws/build/micromouse_control' returned '0': CMAKE_PREFIX_PATH=${CMAKE_PREFIX_PATH}:/opt/ros/humble /usr/bin/cmake --build /home/vikram/micromouse_ws/build/micromouse_control -- -j20 -l20
[0.252s] DEBUG:colcon.colcon_core.event_handler.log_command:Invoking command in '/home/vikram/micromouse_ws/build/micromouse_control': CMAKE_PREFIX_PATH=${CMAKE_PREFIX_PATH}:/opt/ros/humble /usr/bin/cmake --install /home/vikram/micromouse_ws/build/micromouse_control
[0.255s] Level 1:colcon.colcon_core.environment:create_environment_scripts_only(micromouse_gazebo)
[0.257s] DEBUG:colcon.colcon_core.event_handler.log_command:Invoked command in '/home/vikram/micromouse_ws/build/micromouse_gazebo' returned '0': CMAKE_PREFIX_PATH=${CMAKE_PREFIX_PATH}:/opt/ros/humble /usr/bin/cmake --install /home/vikram/micromouse_ws/build/micromouse_gazebo
[0.260s] Level 1:colcon.colcon_core.environment:checking '/home/vikram/micromouse_ws/install/micromouse_gazebo' for CMake module files
[0.260s] Level 1:colcon.colcon_core.environment:checking '/home/vikram/micromouse_ws/install/micromouse_gazebo' for CMake config files
[0.260s] Level 1:colcon.colcon_core.shell:create_environment_hook('micromouse_gazebo', 'cmake_prefix_path')
[0.260s] INFO:colcon.colcon_core.shell:Creating environment hook '/home/vikram/micromouse_ws/install/micromouse_gazebo/share/micromouse_gazebo/hook/cmake_prefix_path.ps1'
[0.261s] INFO:colcon.colcon_core.shell:Creating environment descriptor '/home/vikram/micromouse_ws/install/micromouse_gazebo/share/micromouse_gazebo/hook/cmake_prefix_path.dsv'
[0.261s] INFO:colcon.colcon_core.shell:Creating environment hook '/home/vikram/micromouse_ws/install/micromouse_gazebo/share/micromouse_gazebo/hook/cmake_prefix_path.sh'
[0.262s] Level 1:colcon.colcon_core.environment:checking '/home/vikram/micromouse_ws/install/micromouse_gazebo/bin'
[0.262s] Level 1:colcon.colcon_core.environment:checking '/home/vikram/micromouse_ws/install/micromouse_gazebo/lib/pkgconfig/micromouse_gazebo.pc'
[0.262s] Level 1:colcon.colcon_core.environment:checking '/home/vikram/micromouse_ws/install/micromouse_gazebo/lib/python3.10/site-packages'
[0.262s] Level 1:colcon.colcon_core.environment:checking '/home/vikram/micromouse_ws/install/micromouse_gazebo/bin'
[0.262s] INFO:colcon.colcon_core.shell:Creating package script '/home/vikram/micromouse_ws/install/micromouse_gazebo/share/micromouse_gazebo/package.ps1'
[0.262s] INFO:colcon.colcon_core.shell:Creating package descriptor '/home/vikram/micromouse_ws/install/micromouse_gazebo/share/micromouse_gazebo/package.dsv'
[0.263s] INFO:colcon.colcon_core.shell:Creating package script '/home/vikram/micromouse_ws/install/micromouse_gazebo/share/micromouse_gazebo/package.sh'
[0.263s] INFO:colcon.colcon_core.shell:Creating package script '/home/vikram/micromouse_ws/install/micromouse_gazebo/share/micromouse_gazebo/package.bash'
[0.263s] INFO:colcon.colcon_core.shell:Creating package script '/home/vikram/micromouse_ws/install/micromouse_gazebo/share/micromouse_gazebo/package.zsh'
[0.264s] Level 1:colcon.colcon_core.environment:create_file_with_runtime_dependencies(/home/vikram/micromouse_ws/install/micromouse_gazebo/share/colcon-core/packages/micromouse_gazebo)
[0.264s] Level 1:colcon.colcon_core.environment:create_environment_scripts_only(micromouse_gazebo)
[0.264s] Level 1:colcon.colcon_core.environment:checking '/home/vikram/micromouse_ws/install/micromouse_gazebo' for CMake module files
[0.264s] Level 1:colcon.colcon_core.environment:checking '/home/vikram/micromouse_ws/install/micromouse_gazebo' for CMake config files
[0.264s] Level 1:colcon.colcon_core.shell:create_environment_hook('micromouse_gazebo', 'cmake_prefix_path')
[0.265s] INFO:colcon.colcon_core.shell:Creating environment hook '/home/vikram/micromouse_ws/install/micromouse_gazebo/share/micromouse_gazebo/hook/cmake_prefix_path.ps1'
[0.265s] INFO:colcon.colcon_core.shell:Creating environment descriptor '/home/vikram/micromouse_ws/install/micromouse_gazebo/share/micromouse_gazebo/hook/cmake_prefix_path.dsv'
[0.265s] INFO:colcon.colcon_core.shell:Creating environment hook '/home/vikram/micromouse_ws/install/micromouse_gazebo/share/micromouse_gazebo/hook/cmake_prefix_path.sh'
[0.265s] Level 1:colcon.colcon_core.environment:checking '/home/vikram/micromouse_ws/install/micromouse_gazebo/bin'
[0.265s] Level 1:colcon.colcon_core.environment:checking '/home/vikram/micromouse_ws/install/micromouse_gazebo/lib/pkgconfig/micromouse_gazebo.pc'
[0.265s] Level 1:colcon.colcon_core.environment:checking '/home/vikram/micromouse_ws/install/micromouse_gazebo/lib/python3.10/site-packages'
[0.265s] Level 1:colcon.colcon_core.environment:checking '/home/vikram/micromouse_ws/install/micromouse_gazebo/bin'
[0.266s] INFO:colcon.colcon_core.shell:Creating package script '/home/vikram/micromouse_ws/install/micromouse_gazebo/share/micromouse_gazebo/package.ps1'
[0.266s] INFO:colcon.colcon_core.shell:Creating package descriptor '/home/vikram/micromouse_ws/install/micromouse_gazebo/share/micromouse_gazebo/package.dsv'
[0.266s] INFO:colcon.colcon_core.shell:Creating package script '/home/vikram/micromouse_ws/install/micromouse_gazebo/share/micromouse_gazebo/package.sh'
[0.266s] INFO:colcon.colcon_core.shell:Creating package script '/home/vikram/micromouse_ws/install/micromouse_gazebo/share/micromouse_gazebo/package.bash'
[0.266s] INFO:colcon.colcon_core.shell:Creating package script '/home/vikram/micromouse_ws/install/micromouse_gazebo/share/micromouse_gazebo/package.zsh'
[0.267s] Level 1:colcon.colcon_core.environment:create_file_with_runtime_dependencies(/home/vikram/micromouse_ws/install/micromouse_gazebo/share/colcon-core/packages/micromouse_gazebo)
[0.267s] Level 1:colcon.colcon_core.environment:create_environment_scripts_only(micromouse_description)
[0.268s] Level 1:colcon.colcon_core.environment:checking '/home/vikram/micromouse_ws/install/micromouse_description' for CMake module files
[0.268s] DEBUG:colcon.colcon_core.event_handler.log_command:Invoked command in '/home/vikram/micromouse_ws/build/micromouse_description' returned '0': CMAKE_PREFIX_PATH=${CMAKE_PREFIX_PATH}:/opt/ros/humble /usr/bin/cmake --install /home/vikram/micromouse_ws/build/micromouse_description
[0.268s] Level 1:colcon.colcon_core.environment:checking '/home/vikram/micromouse_ws/install/micromouse_description' for CMake config files
[0.268s] Level 1:colcon.colcon_core.shell:create_environment_hook('micromouse_description', 'cmake_prefix_path')
[0.268s] INFO:colcon.colcon_core.shell:Creating environment hook '/home/vikram/micromouse_ws/install/micromouse_description/share/micromouse_description/hook/cmake_prefix_path.ps1'
[0.268s] INFO:colcon.colcon_core.shell:Creating environment descriptor '/home/vikram/micromouse_ws/install/micromouse_description/share/micromouse_description/hook/cmake_prefix_path.dsv'
[0.269s] INFO:colcon.colcon_core.shell:Creating environment hook '/home/vikram/micromouse_ws/install/micromouse_description/share/micromouse_description/hook/cmake_prefix_path.sh'
[0.269s] Level 1:colcon.colcon_core.environment:checking '/home/vikram/micromouse_ws/install/micromouse_description/bin'
[0.269s] Level 1:colcon.colcon_core.environment:checking '/home/vikram/micromouse_ws/install/micromouse_description/lib/pkgconfig/micromouse_description.pc'
[0.269s] Level 1:colcon.colcon_core.environment:checking '/home/vikram/micromouse_ws/install/micromouse_description/lib/python3.10/site-packages'
[0.269s] Level 1:colcon.colcon_core.environment:checking '/home/vikram/micromouse_ws/install/micromouse_description/bin'
[0.269s] INFO:colcon.colcon_core.shell:Creating package script '/home/vikram/micromouse_ws/install/micromouse_description/share/micromouse_description/package.ps1'
[0.269s] INFO:colcon.colcon_core.shell:Creating package descriptor '/home/vikram/micromouse_ws/install/micromouse_description/share/micromouse_description/package.dsv'
[0.270s] INFO:colcon.colcon_core.shell:Creating package script '/home/vikram/micromouse_ws/install/micromouse_description/share/micromouse_description/package.sh'
[0.270s] INFO:colcon.colcon_core.shell:Creating package script '/home/vikram/micromouse_ws/install/micromouse_description/share/micromouse_description/package.bash'
[0.270s] INFO:colcon.colcon_core.shell:Creating package script '/home/vikram/micromouse_ws/install/micromouse_description/share/micromouse_description/package.zsh'
[0.270s] Level 1:colcon.colcon_core.environment:create_file_with_runtime_dependencies(/home/vikram/micromouse_ws/install/micromouse_description/share/colcon-core/packages/micromouse_description)
[0.270s] Level 1:colcon.colcon_core.environment:create_environment_scripts_only(micromouse_description)
[0.271s] Level 1:colcon.colcon_core.environment:checking '/home/vikram/micromouse_ws/install/micromouse_description' for CMake module files
[0.271s] Level 1:colcon.colcon_core.environment:checking '/home/vikram/micromouse_ws/install/micromouse_description' for CMake config files
[0.271s] Level 1:colcon.colcon_core.shell:create_environment_hook('micromouse_description', 'cmake_prefix_path')
[0.271s] INFO:colcon.colcon_core.shell:Creating environment hook '/home/vikram/micromouse_ws/install/micromouse_description/share/micromouse_description/hook/cmake_prefix_path.ps1'
[0.271s] INFO:colcon.colcon_core.shell:Creating environment descriptor '/home/vikram/micromouse_ws/install/micromouse_description/share/micromouse_description/hook/cmake_prefix_path.dsv'
[0.271s] INFO:colcon.colcon_core.shell:Creating environment hook '/home/vikram/micromouse_ws/install/micromouse_description/share/micromouse_description/hook/cmake_prefix_path.sh'
[0.272s] Level 1:colcon.colcon_core.environment:checking '/home/vikram/micromouse_ws/install/micromouse_description/bin'
[0.272s] Level 1:colcon.colcon_core.environment:checking '/home/vikram/micromouse_ws/install/micromouse_description/lib/pkgconfig/micromouse_description.pc'
[0.272s] Level 1:colcon.colcon_core.environment:checking '/home/vikram/micromouse_ws/install/micromouse_description/lib/python3.10/site-packages'
[0.272s] Level 1:colcon.colcon_core.environment:checking '/home/vikram/micromouse_ws/install/micromouse_description/bin'
[0.272s] INFO:colcon.colcon_core.shell:Creating package script '/home/vikram/micromouse_ws/install/micromouse_description/share/micromouse_description/package.ps1'
[0.272s] INFO:colcon.colcon_core.shell:Creating package descriptor '/home/vikram/micromouse_ws/install/micromouse_description/share/micromouse_description/package.dsv'
[0.273s] INFO:colcon.colcon_core.shell:Creating package script '/home/vikram/micromouse_ws/install/micromouse_description/share/micromouse_description/package.sh'
[0.273s] INFO:colcon.colcon_core.shell:Creating package script '/home/vikram/micromouse_ws/install/micromouse_description/share/micromouse_description/package.bash'
[0.273s] INFO:colcon.colcon_core.shell:Creating package script '/home/vikram/micromouse_ws/install/micromouse_description/share/micromouse_description/package.zsh'
[0.273s] Level 1:colcon.colcon_core.environment:create_file_with_runtime_dependencies(/home/vikram/micromouse_ws/install/micromouse_description/share/colcon-core/packages/micromouse_description)
[0.274s] Level 1:colcon.colcon_core.environment:create_environment_scripts_only(micromouse_control)
[0.274s] Level 1:colcon.colcon_core.environment:checking '/home/vikram/micromouse_ws/install/micromouse_control' for CMake module files
[0.274s] Level 1:colcon.colcon_core.environment:checking '/home/vikram/micromouse_ws/install/micromouse_control' for CMake config files
[0.275s] DEBUG:colcon.colcon_core.event_handler.log_command:Invoked command in '/home/vikram/micromouse_ws/build/micromouse_control' returned '0': CMAKE_PREFIX_PATH=${CMAKE_PREFIX_PATH}:/opt/ros/humble /usr/bin/cmake --install /home/vikram/micromouse_ws/build/micromouse_control
[0.275s] Level 1:colcon.colcon_core.shell:create_environment_hook('micromouse_control', 'cmake_prefix_path')
[0.275s] INFO:colcon.colcon_core.shell:Creating environment hook '/home/vikram/micromouse_ws/install/micromouse_control/share/micromouse_control/hook/cmake_prefix_path.ps1'
[0.275s] INFO:colcon.colcon_core.shell:Creating environment descriptor '/home/vikram/micromouse_ws/install/micromouse_control/share/micromouse_control/hook/cmake_prefix_path.dsv'
[0.275s] INFO:colcon.colcon_core.shell:Creating environment hook '/home/vikram/micromouse_ws/install/micromouse_control/share/micromouse_control/hook/cmake_prefix_path.sh'
[0.275s] Level 1:colcon.colcon_core.environment:checking '/home/vikram/micromouse_ws/install/micromouse_control/bin'
[0.276s] Level 1:colcon.colcon_core.environment:checking '/home/vikram/micromouse_ws/install/micromouse_control/lib/pkgconfig/micromouse_control.pc'
[0.276s] Level 1:colcon.colcon_core.environment:checking '/home/vikram/micromouse_ws/install/micromouse_control/lib/python3.10/site-packages'
[0.276s] Level 1:colcon.colcon_core.environment:checking '/home/vikram/micromouse_ws/install/micromouse_control/bin'
[0.276s] INFO:colcon.colcon_core.shell:Creating package script '/home/vikram/micromouse_ws/install/micromouse_control/share/micromouse_control/package.ps1'
[0.276s] INFO:colcon.colcon_core.shell:Creating package descriptor '/home/vikram/micromouse_ws/install/micromouse_control/share/micromouse_control/package.dsv'
[0.276s] INFO:colcon.colcon_core.shell:Creating package script '/home/vikram/micromouse_ws/install/micromouse_control/share/micromouse_control/package.sh'
[0.277s] INFO:colcon.colcon_core.shell:Creating package script '/home/vikram/micromouse_ws/install/micromouse_control/share/micromouse_control/package.bash'
[0.277s] INFO:colcon.colcon_core.shell:Creating package script '/home/vikram/micromouse_ws/install/micromouse_control/share/micromouse_control/package.zsh'
[0.277s] Level 1:colcon.colcon_core.environment:create_file_with_runtime_dependencies(/home/vikram/micromouse_ws/install/micromouse_control/share/colcon-core/packages/micromouse_control)
[0.277s] Level 1:colcon.colcon_core.environment:create_environment_scripts_only(micromouse_control)
[0.277s] Level 1:colcon.colcon_core.environment:checking '/home/vikram/micromouse_ws/install/micromouse_control' for CMake module files
[0.278s] Level 1:colcon.colcon_core.environment:checking '/home/vikram/micromouse_ws/install/micromouse_control' for CMake config files
[0.278s] Level 1:colcon.colcon_core.shell:create_environment_hook('micromouse_control', 'cmake_prefix_path')
[0.278s] INFO:colcon.colcon_core.shell:Creating environment hook '/home/vikram/micromouse_ws/install/micromouse_control/share/micromouse_control/hook/cmake_prefix_path.ps1'
[0.278s] INFO:colcon.colcon_core.shell:Creating environment descriptor '/home/vikram/micromouse_ws/install/micromouse_control/share/micromouse_control/hook/cmake_prefix_path.dsv'
[0.278s] INFO:colcon.colcon_core.shell:Creating environment hook '/home/vikram/micromouse_ws/install/micromouse_control/share/micromouse_control/hook/cmake_prefix_path.sh'
[0.279s] Level 1:colcon.colcon_core.environment:checking '/home/vikram/micromouse_ws/install/micromouse_control/bin'
[0.279s] Level 1:colcon.colcon_core.environment:checking '/home/vikram/micromouse_ws/install/micromouse_control/lib/pkgconfig/micromouse_control.pc'
[0.279s] Level 1:colcon.colcon_core.environment:checking '/home/vikram/micromouse_ws/install/micromouse_control/lib/python3.10/site-packages'
[0.279s] Level 1:colcon.colcon_core.environment:checking '/home/vikram/micromouse_ws/install/micromouse_control/bin'
[0.279s] INFO:colcon.colcon_core.shell:Creating package script '/home/vikram/micromouse_ws/install/micromouse_control/share/micromouse_control/package.ps1'
[0.279s] INFO:colcon.colcon_core.shell:Creating package descriptor '/home/vikram/micromouse_ws/install/micromouse_control/share/micromouse_control/package.dsv'
[0.280s] INFO:colcon.colcon_core.shell:Creating package script '/home/vikram/micromouse_ws/install/micromouse_control/share/micromouse_control/package.sh'
[0.280s] INFO:colcon.colcon_core.shell:Creating package script '/home/vikram/micromouse_ws/install/micromouse_control/share/micromouse_control/package.bash'
[0.280s] INFO:colcon.colcon_core.shell:Creating package script '/home/vikram/micromouse_ws/install/micromouse_control/share/micromouse_control/package.zsh'
[0.280s] Level 1:colcon.colcon_core.environment:create_file_with_runtime_dependencies(/home/vikram/micromouse_ws/install/micromouse_control/share/colcon-core/packages/micromouse_control)
[0.280s] DEBUG:colcon.colcon_parallel_executor.executor.parallel:closing loop
[0.281s] DEBUG:colcon.colcon_parallel_executor.executor.parallel:loop closed
[0.281s] DEBUG:colcon.colcon_parallel_executor.executor.parallel:run_until_complete finished with '0'
[0.281s] DEBUG:colcon.colcon_core.event_reactor:joining thread
[0.286s] INFO:colcon.colcon_core.plugin_system:Skipping extension 'colcon_notification.desktop_notification.terminal_notifier': Not used on non-Darwin systems
[0.286s] INFO:colcon.colcon_core.plugin_system:Skipping extension 'colcon_notification.desktop_notification.win32': Not used on non-Windows systems
[0.286s] INFO:colcon.colcon_notification.desktop_notification:Sending desktop notification using 'notify2'
[0.295s] DEBUG:colcon.colcon_core.event_reactor:joined thread
[0.295s] INFO:colcon.colcon_core.shell:Creating prefix script '/home/vikram/micromouse_ws/install/local_setup.ps1'
[0.295s] INFO:colcon.colcon_core.shell:Creating prefix util module '/home/vikram/micromouse_ws/install/_local_setup_util_ps1.py'
[0.296s] INFO:colcon.colcon_core.shell:Creating prefix chain script '/home/vikram/micromouse_ws/install/setup.ps1'
[0.297s] INFO:colcon.colcon_core.shell:Creating prefix script '/home/vikram/micromouse_ws/install/local_setup.sh'
[0.297s] INFO:colcon.colcon_core.shell:Creating prefix util module '/home/vikram/micromouse_ws/install/_local_setup_util_sh.py'
[0.297s] INFO:colcon.colcon_core.shell:Creating prefix chain script '/home/vikram/micromouse_ws/install/setup.sh'
[0.298s] INFO:colcon.colcon_core.shell:Creating prefix script '/home/vikram/micromouse_ws/install/local_setup.bash'
[0.298s] INFO:colcon.colcon_core.shell:Creating prefix chain script '/home/vikram/micromouse_ws/install/setup.bash'
[0.299s] INFO:colcon.colcon_core.shell:Creating prefix script '/home/vikram/micromouse_ws/install/local_setup.zsh'
[0.299s] INFO:colcon.colcon_core.shell:Creating prefix chain script '/home/vikram/micromouse_ws/install/setup.zsh'
