[0.010s] Invoking command in '/home/vikram/micromouse_ws/build/micromouse_control': CMAKE_PREFIX_PATH=${CMAKE_PREFIX_PATH}:/opt/ros/humble /usr/bin/cmake --build /home/vikram/micromouse_ws/build/micromouse_control -- -j20 -l20
[0.049s] [100%] Built target micromouse_node
[0.067s] Invoked command in '/home/vikram/micromouse_ws/build/micromouse_control' returned '0': CMAKE_PREFIX_PATH=${CMAKE_PREFIX_PATH}:/opt/ros/humble /usr/bin/cmake --build /home/vikram/micromouse_ws/build/micromouse_control -- -j20 -l20
[0.068s] Invoking command in '/home/vikram/micromouse_ws/build/micromouse_control': CMAKE_PREFIX_PATH=${CMAKE_PREFIX_PATH}:/opt/ros/humble /usr/bin/cmake --install /home/vikram/micromouse_ws/build/micromouse_control
[0.074s] -- Install configuration: ""
[0.074s] -- Execute custom install script
[0.074s] -- Up-to-date symlink: /home/vikram/micromouse_ws/install/micromouse_control/share/ament_index/resource_index/package_run_dependencies/micromouse_control
[0.074s] -- Up-to-date symlink: /home/vikram/micromouse_ws/install/micromouse_control/share/ament_index/resource_index/parent_prefix_path/micromouse_control
[0.074s] -- Up-to-date symlink: /home/vikram/micromouse_ws/install/micromouse_control/share/micromouse_control/environment/ament_prefix_path.sh
[0.074s] -- Up-to-date symlink: /home/vikram/micromouse_ws/install/micromouse_control/share/micromouse_control/environment/ament_prefix_path.dsv
[0.074s] -- Up-to-date symlink: /home/vikram/micromouse_ws/install/micromouse_control/share/micromouse_control/environment/path.sh
[0.074s] -- Up-to-date symlink: /home/vikram/micromouse_ws/install/micromouse_control/share/micromouse_control/environment/path.dsv
[0.074s] -- Up-to-date symlink: /home/vikram/micromouse_ws/install/micromouse_control/share/micromouse_control/local_setup.bash
[0.074s] -- Up-to-date symlink: /home/vikram/micromouse_ws/install/micromouse_control/share/micromouse_control/local_setup.sh
[0.074s] -- Up-to-date symlink: /home/vikram/micromouse_ws/install/micromouse_control/share/micromouse_control/local_setup.zsh
[0.075s] -- Up-to-date symlink: /home/vikram/micromouse_ws/install/micromouse_control/share/micromouse_control/local_setup.dsv
[0.075s] -- Symlinking: /home/vikram/micromouse_ws/install/micromouse_control/share/micromouse_control/package.dsv
[0.081s] -- Up-to-date symlink: /home/vikram/micromouse_ws/install/micromouse_control/share/ament_index/resource_index/packages/micromouse_control
[0.081s] -- Up-to-date symlink: /home/vikram/micromouse_ws/install/micromouse_control/share/micromouse_control/cmake/micromouse_controlConfig.cmake
[0.081s] -- Up-to-date symlink: /home/vikram/micromouse_ws/install/micromouse_control/share/micromouse_control/cmake/micromouse_controlConfig-version.cmake
[0.081s] -- Up-to-date symlink: /home/vikram/micromouse_ws/install/micromouse_control/share/micromouse_control/package.xml
[0.082s] -- Up-to-date symlink: /home/vikram/micromouse_ws/install/micromouse_control/lib/micromouse_control/micromouse_node
[0.083s] Invoked command in '/home/vikram/micromouse_ws/build/micromouse_control' returned '0': CMAKE_PREFIX_PATH=${CMAKE_PREFIX_PATH}:/opt/ros/humble /usr/bin/cmake --install /home/vikram/micromouse_ws/build/micromouse_control
